
========================================================================
                       Iniciando do Pipeline                         
========================================================================

Argumentos recebidos:
  Catalogo: catalogo-moho.csv
  EVENTS: true
  TREATCATALOG: true
  PREDICT: true
  POSPROCESS: true
  MAPS: true
  REPORT: false
  TEST: true


 -------------- INICIANDO O TRATAMENTO -------------------- 
 Tratando catalogo-moho.csv...
/home/ipt/projetos/ClassificadorSismologico/fonte/analise_dados/pre_processa.py:101: FutureWarning: The geopandas.dataset module is deprecated and will be removed in GeoPandas 1.0. You can get the original 'naturalearth_lowres' data from https://www.naturalearthdata.com/downloads/110m-cultural-vectors/.
  world = gpd.read_file(get_path('naturalearth_lowres'))
/home/ipt/projetos/ClassificadorSismologico/fonte/analise_dados/pre_processa.py:176: UserWarning: set_ticklabels() should only be used with a fixed number of ticks, i.e. after set_ticks() or using a FixedLocator.
  ax.set_yticklabels(['{:,.0%}'.format(x) for x in ax.get_yticks()], fontsize=8)
/home/ipt/projetos/ClassificadorSismologico/fonte/analise_dados/pre_processa.py:176: UserWarning: set_ticklabels() should only be used with a fixed number of ticks, i.e. after set_ticks() or using a FixedLocator.
  ax.set_yticklabels(['{:,.0%}'.format(x) for x in ax.get_yticks()], fontsize=8)
/home/ipt/projetos/ClassificadorSismologico/fonte/analise_dados/pre_processa.py:221: UserWarning: Tight layout not applied. The bottom and top margins cannot be made large enough to accommodate all Axes decorations.
  plt.tight_layout()
/home/ipt/projetos/ClassificadorSismologico/fonte/analise_dados/pre_processa.py:221: UserWarning: The figure layout has changed to tight
  plt.tight_layout()
 Args: Namespace(eventos='eventos.csv', csv='catalogo-moho.csv', ascending=True, map=False, test=True)
Testando...
Author
JROBERTO            224
CLEUSA               16
BRUNO                12
MASSUMPCAO           10
JROBERTO@VITORIA      8
UNB                   3
UFRN                  2
IAG                   1
UNB;IAG               1
Name: count, dtype: int64
           count  ...        std
Time         277  ...        NaN
Latitude   277.0  ...   7.426613
Longitude  277.0  ...  11.183839
Depth/km   277.0  ...  63.376396
Catalog      0.0  ...        NaN
Magnitude  277.0  ...   0.966975
Hora       277.0  ...   7.225487

[7 rows x 8 columns]
 Criando arquivos de backup...
 Arquivos de backup criados com sucesso!


 -> Executando fluxo_eventos.py...

Erro ao conectar com o servidor Seisarc.sismo.iag.usp.br: No FDSN services could be discovered at 'http://seisarc.sismo.iag.usp.br'. This could be due to a temporary service outage or an invalid FDSN service address.
Traceback (most recent call last):
  File "/home/ipt/projetos/ClassificadorSismologico/fonte/nucleo/fluxo_eventos.py", line 420, in <module>
    DATA_CLIENT,
    ^^^^^^^^^^^
NameError: name 'DATA_CLIENT' is not defined. Did you mean: 'DATA_CLIENT_BKP'?
