
========================================================================
                       Iniciando do Pipeline                         
========================================================================

 ---------------- INICIANDO DATA_ANALYSIS/POSPROCESS.PY ---------------------------- 
/home/ipt/projetos/ClassificadorSismologico/fonte/analise_dados/pos_processa.py:406: SettingWithCopyWarning: 
A value is trying to be set on a copy of a slice from a DataFrame.
Try using .loc[row_indexer,col_indexer] = value instead

See the caveats in the documentation: https://pandas.pydata.org/pandas-docs/stable/user_guide/indexing.html#returning-a-view-versus-a-copy
  df['Hora'] = pd.to_numeric(df['Hora'])
/home/ipt/projetos/ClassificadorSismologico/fonte/analise_dados/pos_processa.py:407: SettingWithCopyWarning: 
A value is trying to be set on a copy of a slice from a DataFrame.
Try using .loc[row_indexer,col_indexer] = value instead

See the caveats in the documentation: https://pandas.pydata.org/pandas-docs/stable/user_guide/indexing.html#returning-a-view-versus-a-copy
  df['Cat Hora'] = pd.cut(
Fontconfig warning: "/home/ipt/.config/fontconfig/fonts.conf", line 11: saw number, expected string
Traceback (most recent call last):
  File "/home/ipt/projetos/ClassificadorSismologico/fonte/analise_dados/pos_processa.py", line 1490, in <module>
    df_nc, df_cm = main()
                   ^^^^^^
  File "/home/ipt/projetos/ClassificadorSismologico/fonte/analise_dados/pos_processa.py", line 1483, in main
    df_nc = ncomercial(df)
            ^^^^^^^^^^^^^^
  File "/home/ipt/projetos/ClassificadorSismologico/fonte/analise_dados/pos_processa.py", line 1434, in ncomercial
    hist_hour_recall_event(df_nc)
  File "/home/ipt/projetos/ClassificadorSismologico/fonte/analise_dados/pos_processa.py", line 457, in hist_hour_recall_event
    plt.savefig('arquivos/figuras/pos_process/hist_ev_hour_recall_event.png')
  File "/home/ipt/.pyenv/versions/sismologia/lib/python3.11/site-packages/matplotlib/pyplot.py", line 1119, in savefig
    res = fig.savefig(*args, **kwargs)  # type: ignore[func-returns-value]
          ^^^^^^^^^^^^^^^^^^^^^^^^^^^^
  File "/home/ipt/.pyenv/versions/sismologia/lib/python3.11/site-packages/matplotlib/figure.py", line 3390, in savefig
    self.canvas.print_figure(fname, **kwargs)
  File "/home/ipt/.pyenv/versions/sismologia/lib/python3.11/site-packages/matplotlib/backends/backend_qtagg.py", line 75, in print_figure
    super().print_figure(*args, **kwargs)
  File "/home/ipt/.pyenv/versions/sismologia/lib/python3.11/site-packages/matplotlib/backend_bases.py", line 2187, in print_figure
    result = print_method(
             ^^^^^^^^^^^^^
  File "/home/ipt/.pyenv/versions/sismologia/lib/python3.11/site-packages/matplotlib/backend_bases.py", line 2043, in <lambda>
    print_method = functools.wraps(meth)(lambda *args, **kwargs: meth(
                                                                 ^^^^^
  File "/home/ipt/.pyenv/versions/sismologia/lib/python3.11/site-packages/matplotlib/backends/backend_agg.py", line 497, in print_png
    self._print_pil(filename_or_obj, "png", pil_kwargs, metadata)
  File "/home/ipt/.pyenv/versions/sismologia/lib/python3.11/site-packages/matplotlib/backends/backend_agg.py", line 446, in _print_pil
    mpl.image.imsave(
  File "/home/ipt/.pyenv/versions/sismologia/lib/python3.11/site-packages/matplotlib/image.py", line 1656, in imsave
    image.save(fname, **pil_kwargs)
  File "/home/ipt/.pyenv/versions/sismologia/lib/python3.11/site-packages/PIL/Image.py", line 2435, in save
    fp = builtins.open(filename, "w+b")
         ^^^^^^^^^^^^^^^^^^^^^^^^^^^^^^
FileNotFoundError: [Errno 2] Arquivo ou diretório inexistente: 'arquivos/figuras/pos_process/hist_ev_hour_recall_event.png'

 -------------- Processo de criação de mapas iniciado ------------------

 ----------------- Iniciando o pdflatex .tex ---------------------------- 
/home/ipt/.pyenv/versions/sismologia/bin/python: can't open file '/home/ipt/projetos/ClassificadorSismologico/fonte/relatorio-sismologia/pyscripts/figures.py': [Errno 2] No such file or directory
/home/ipt/.pyenv/versions/sismologia/bin/python: can't open file '/home/ipt/projetos/ClassificadorSismologico/fonte/relatorio-sismologia/pyscripts/mapa.py': [Errno 2] No such file or directory
/home/ipt/.local/bin/fluxo_sismo.sh: linha 135: pushd: fonte/relatorio-sismologia: Arquivo ou diretório inexistente
This is pdfTeX, Version 3.141592653-2.6-1.40.24 (TeX Live 2022/Debian) (preloaded format=pdflatex)
 restricted \write18 enabled.
entering extended mode
! I can't find file `relatorio_preditivo.tex'.
<*> relatorio_preditivo.tex
                           
(Press Enter to retry, or Control-D to exit)
Please type another input file name: 
! Emergency stop.
<*> 
    
!  ==> Fatal error occurred, no output PDF file produced!
Transcript written on /home/ipt/projetos/ClassificadorSismologico/arquivos/resu
ltados/relatorios//texput.log.
~
========================================================================
                        Fim do Pipeline                                 
========================================================================

/home/ipt/.local/bin/fluxo_sismo.sh: linha 144: popd: pilha de diretórios está vazia
