
========================================================================
                       Iniciando do Pipeline                         
========================================================================

 ----------------- Iniciando o pdflatex .tex ---------------------------- 
/home/ggrl/.pyenv/versions/sismologia/bin/python: can't open file '/home/ggrl/projetos/ClassificadorSismologico/fonte/relatorio-sismologia/tex/relatorio_preditivo/python/figures.py': [Errno 2] No such file or directory
/home/ggrl/.pyenv/versions/sismologia/bin/python: can't open file '/home/ggrl/projetos/ClassificadorSismologico/fonte/relatorio-sismologia/tex/relatorio_preditivo/python/mapa.py': [Errno 2] No such file or directory
~/projetos/ClassificadorSismologico/fonte/relatorio-sismologia ~/projetos/ClassificadorSismologico
This is pdfTeX, Version 3.141592653-2.6-1.40.26 (TeX Live 2024/Arch Linux) (preloaded format=pdflatex)
 restricted \write18 enabled.
entering extended mode
(./relatorio_preditivo.tex
LaTeX2e <2023-11-01> patch level 1
L3 programming layer <2024-02-20>
(./sismo_iptex.cls
Document Class: sismo_iptex 2024/04/23 Classe Sismologia IPT

! LaTeX Error: File `article.cls' not found.

Type X to quit or <RETURN> to proceed,
or enter new name. (Default extension: cls)

Enter file name: 
! LaTeX Error: File `mdframed.sty' not found.

Type X to quit or <RETURN> to proceed,
or enter new name. (Default extension: sty)

Enter file name: 
! LaTeX Error: File `hyperref.sty' not found.

Type X to quit or <RETURN> to proceed,
or enter new name. (Default extension: sty)

Enter file name: 
! LaTeX Error: File `inputenc.sty' not found.

Type X to quit or <RETURN> to proceed,
or enter new name. (Default extension: sty)

Enter file name: 
! LaTeX Error: File `fontenc.sty' not found.

Type X to quit or <RETURN> to proceed,
or enter new name. (Default extension: sty)

Enter file name: 
! LaTeX Error: File `mathtools.sty' not found.

Type X to quit or <RETURN> to proceed,
or enter new name. (Default extension: sty)

Enter file name: 
! LaTeX Error: File `amsmath.sty' not found.

Type X to quit or <RETURN> to proceed,
or enter new name. (Default extension: sty)

Enter file name: 
! LaTeX Error: File `amsthm.sty' not found.

Type X to quit or <RETURN> to proceed,
or enter new name. (Default extension: sty)

Enter file name: 
! LaTeX Error: File `amsbsy.sty' not found.

Type X to quit or <RETURN> to proceed,
or enter new name. (Default extension: sty)

Enter file name: (/usr/share/texmf-dist/tex/latex/amsfonts/amsfonts.sty)
(/usr/share/texmf-dist/tex/latex/amsfonts/amssymb.sty)

! LaTeX Error: File `latexsym.sty' not found.

Type X to quit or <RETURN> to proceed,
or enter new name. (Default extension: sty)

Enter file name: (/usr/share/texmf-dist/tex/generic/mathabx/mathabx.sty
(/usr/share/texmf-dist/tex/generic/mathabx/mathabx.dcl))

! LaTeX Error: File `graphicx.sty' not found.

Type X to quit or <RETURN> to proceed,
or enter new name. (Default extension: sty)

Enter file name: 
! LaTeX Error: File `helvet.sty' not found.

Type X to quit or <RETURN> to proceed,
or enter new name. (Default extension: sty)

Enter file name: 
! LaTeX Error: File `url.sty' not found.

Type X to quit or <RETURN> to proceed,
or enter new name. (Default extension: sty)

Enter file name: (/usr/share/texmf-dist/tex/latex/base/fancyhdr.sty)

! LaTeX Error: File `indentfirst.sty' not found.

Type X to quit or <RETURN> to proceed,
or enter new name. (Default extension: sty)

Enter file name: 
! LaTeX Error: File `color.sty' not found.

Type X to quit or <RETURN> to proceed,
or enter new name. (Default extension: sty)

Enter file name: 
! LaTeX Error: File `float.sty' not found.

Type X to quit or <RETURN> to proceed,
or enter new name. (Default extension: sty)

Enter file name: 
! LaTeX Error: File `multirow.sty' not found.

Type X to quit or <RETURN> to proceed,
or enter new name. (Default extension: sty)

Enter file name: 
! LaTeX Error: File `lscape.sty' not found.

Type X to quit or <RETURN> to proceed,
or enter new name. (Default extension: sty)

Enter file name: 
! LaTeX Error: File `lastpage.sty' not found.

Type X to quit or <RETURN> to proceed,
or enter new name. (Default extension: sty)

Enter file name: 
! LaTeX Error: File `caption.sty' not found.

Type X to quit or <RETURN> to proceed,
or enter new name. (Default extension: sty)

Enter file name: 
! LaTeX Error: File `subfig.sty' not found.

Type X to quit or <RETURN> to proceed,
or enter new name. (Default extension: sty)

Enter file name: 
! LaTeX Error: File `pdfpages.sty' not found.

Type X to quit or <RETURN> to proceed,
or enter new name. (Default extension: sty)

Enter file name: 
! LaTeX Error: File `setspace.sty' not found.

Type X to quit or <RETURN> to proceed,
or enter new name. (Default extension: sty)

Enter file name: 
! LaTeX Error: File `changepage.sty' not found.

Type X to quit or <RETURN> to proceed,
or enter new name. (Default extension: sty)

Enter file name: 
! LaTeX Error: File `tocloft.sty' not found.

Type X to quit or <RETURN> to proceed,
or enter new name. (Default extension: sty)

Enter file name: 
! LaTeX Error: File `ifthen.sty' not found.

Type X to quit or <RETURN> to proceed,
or enter new name. (Default extension: sty)

Enter file name: 
! LaTeX Error: File `lipsum.sty' not found.

Type X to quit or <RETURN> to proceed,
or enter new name. (Default extension: sty)

Enter file name: 
! LaTeX Error: File `sectsty.sty' not found.

Type X to quit or <RETURN> to proceed,
or enter new name. (Default extension: sty)

Enter file name: 
! LaTeX Error: File `textcomp.sty' not found.

Type X to quit or <RETURN> to proceed,
or enter new name. (Default extension: sty)

Enter file name: 
! LaTeX Error: File `booktabs.sty' not found.

Type X to quit or <RETURN> to proceed,
or enter new name. (Default extension: sty)

Enter file name: 
! LaTeX Error: File `stmaryrd.sty' not found.

Type X to quit or <RETURN> to proceed,
or enter new name. (Default extension: sty)

Enter file name: 
! LaTeX Error: File `siunitx.sty' not found.

Type X to quit or <RETURN> to proceed,
or enter new name. (Default extension: sty)

Enter file name: 
! LaTeX Error: File `upgreek.sty' not found.

Type X to quit or <RETURN> to proceed,
or enter new name. (Default extension: sty)

Enter file name: 
! LaTeX Error: File `xcolor.sty' not found.

Type X to quit or <RETURN> to proceed,
or enter new name. (Default extension: sty)

Enter file name: 
! LaTeX Error: File `tabularx.sty' not found.

Type X to quit or <RETURN> to proceed,
or enter new name. (Default extension: sty)

Enter file name: 
! LaTeX Error: File `enumitem.sty' not found.

Type X to quit or <RETURN> to proceed,
or enter new name. (Default extension: sty)

Enter file name: 
! LaTeX Error: File `geometry.sty' not found.

Type X to quit or <RETURN> to proceed,
or enter new name. (Default extension: sty)

Enter file name: 
! LaTeX Error: File `capt-of.sty' not found.

Type X to quit or <RETURN> to proceed,
or enter new name. (Default extension: sty)

Enter file name: 
! LaTeX Error: File `xargs.sty' not found.

Type X to quit or <RETURN> to proceed,
or enter new name. (Default extension: sty)

Enter file name: 
! LaTeX Error: File `longtable.sty' not found.

Type X to quit or <RETURN> to proceed,
or enter new name. (Default extension: sty)

Enter file name: 
! LaTeX Error: File `makecell.sty' not found.

Type X to quit or <RETURN> to proceed,
or enter new name. (Default extension: sty)

Enter file name: 
! LaTeX Error: File `adjustbox.sty' not found.

Type X to quit or <RETURN> to proceed,
or enter new name. (Default extension: sty)

Enter file name: 
! LaTeX Error: File `pdflscape.sty' not found.

Type X to quit or <RETURN> to proceed,
or enter new name. (Default extension: sty)

Enter file name: 
! LaTeX Error: File `pdfx.sty' not found.

Type X to quit or <RETURN> to proceed,
or enter new name. (Default extension: sty)

Enter file name: 
! LaTeX Error: File `array.sty' not found.

Type X to quit or <RETURN> to proceed,
or enter new name. (Default extension: sty)

Enter file name: ! Undefined control sequence.
<recently read> \setlist 
                         
l.75 	\setlist
              {nolistsep}
? 
! LaTeX Error: Missing \begin{document}.

See the LaTeX manual or LaTeX Companion for explanation.
Type  H <return>  for immediate help.
 ...                                              
                                                  
l.75 	\setlist{n
                olistsep}
? Missing character: There is no n in font nullfont!
Missing character: There is no o in font nullfont!
Missing character: There is no l in font nullfont!
Missing character: There is no i in font nullfont!
Missing character: There is no s in font nullfont!
Missing character: There is no t in font nullfont!
Missing character: There is no s in font nullfont!
Missing character: There is no e in font nullfont!
Missing character: There is no p in font nullfont!
! Undefined control sequence.
l.76 	\definecolor
                  {green}{HTML}{66FF66}
? Missing character: There is no g in font nullfont!
Missing character: There is no r in font nullfont!
Missing character: There is no e in font nullfont!
Missing character: There is no e in font nullfont!
Missing character: There is no n in font nullfont!
Missing character: There is no H in font nullfont!
Missing character: There is no T in font nullfont!
Missing character: There is no M in font nullfont!
Missing character: There is no L in font nullfont!
Missing character: There is no 6 in font nullfont!
Missing character: There is no 6 in font nullfont!
Missing character: There is no F in font nullfont!
Missing character: There is no F in font nullfont!
Missing character: There is no 6 in font nullfont!
Missing character: There is no 6 in font nullfont!
! Undefined control sequence.
l.77 	\definecolor
                  {myGreen}{HTML}{009900}
? Missing character: There is no m in font nullfont!
Missing character: There is no y in font nullfont!
Missing character: There is no G in font nullfont!
Missing character: There is no r in font nullfont!
Missing character: There is no e in font nullfont!
Missing character: There is no e in font nullfont!
Missing character: There is no n in font nullfont!
Missing character: There is no H in font nullfont!
Missing character: There is no T in font nullfont!
Missing character: There is no M in font nullfont!
Missing character: There is no L in font nullfont!
Missing character: There is no 0 in font nullfont!
Missing character: There is no 0 in font nullfont!
Missing character: There is no 9 in font nullfont!
Missing character: There is no 9 in font nullfont!
Missing character: There is no 0 in font nullfont!
Missing character: There is no 0 in font nullfont!
! Undefined control sequence.
l.78 	\newcolumntype
                    {L}[1]{>{\raggedright\let\newline\\\arraybackslash\hspac...

? Missing character: There is no L in font nullfont!
Missing character: There is no [ in font nullfont!
Missing character: There is no 1 in font nullfont!
Missing character: There is no ] in font nullfont!
Missing character: There is no > in font nullfont!
! Undefined control sequence.
l.78 ...{\raggedright\let\newline\\\arraybackslash
                                                  \hspace{0pt}}m{#1}}
? Missing character: There is no m in font nullfont!
! You can't use `macro parameter character #' in horizontal mode.
l.78 ...t\newline\\\arraybackslash\hspace{0pt}}m{#
                                                  1}}
? Missing character: There is no 1 in font nullfont!
! Undefined control sequence.
l.79 	\newcolumntype
                    {C}[1]{>{\centering\let\newline\\\arraybackslash\hspace{...

? Missing character: There is no C in font nullfont!
Missing character: There is no [ in font nullfont!
Missing character: There is no 1 in font nullfont!
Missing character: There is no ] in font nullfont!
Missing character: There is no > in font nullfont!
! Undefined control sequence.
l.79 ...{>{\centering\let\newline\\\arraybackslash
                                                  \hspace{0pt}}m{#1}}
? Missing character: There is no m in font nullfont!
! You can't use `macro parameter character #' in horizontal mode.
l.79 ...t\newline\\\arraybackslash\hspace{0pt}}m{#
                                                  1}}
? Missing character: There is no 1 in font nullfont!
! Undefined control sequence.
l.80 	\newcolumntype
                    {R}[1]{>{\raggedleft\let\newline\\\arraybackslash\hspace...

? Missing character: There is no R in font nullfont!
Missing character: There is no [ in font nullfont!
Missing character: There is no 1 in font nullfont!
Missing character: There is no ] in font nullfont!
Missing character: There is no > in font nullfont!
! Undefined control sequence.
l.80 ...>{\raggedleft\let\newline\\\arraybackslash
                                                  \hspace{0pt}}m{#1}}
? Missing character: There is no m in font nullfont!
! You can't use `macro parameter character #' in horizontal mode.
l.80 ...t\newline\\\arraybackslash\hspace{0pt}}m{#
                                                  1}}
? Missing character: There is no 1 in font nullfont!
! Undefined control sequence.
l.84 \sectionfont
                 {\bfseries\large\MakeUppercase}
? ! Undefined control sequence.
l.84 \sectionfont{\bfseries\large
                                 \MakeUppercase}
? ! Argument of \MakeUppercase  has an extra }.
<inserted text> 
                \par 
l.84 \sectionfont{\bfseries\large\MakeUppercase}
                                                
? Runaway argument?
! Paragraph ended before \MakeUppercase  was complete.
<to be read again> 
                   \par 
l.84 \sectionfont{\bfseries\large\MakeUppercase}
                                                
? 
Overfull \hbox (20.0pt too wide) in paragraph at lines 75--84
[]

! LaTeX Error: Command \cftsecfont undefined.

See the LaTeX manual or LaTeX Companion for explanation.
Type  H <return>  for immediate help.
 ...                                              
                                                  
l.85 \renewcommand{\cftsecfont}
                               {\bfseries}
? 
! LaTeX Error: Command \cftsecpagefont undefined.

See the LaTeX manual or LaTeX Companion for explanation.
Type  H <return>  for immediate help.
 ...                                              
                                                  
l.86 \renewcommand{\cftsecpagefont}
                                   {\bfseries}
? ! Undefined control sequence.
l.87 \subsectionfont
                    {\bfseries\large}
? ! Undefined control sequence.
l.87 \subsectionfont{\bfseries\large
                                    }
? 
! LaTeX Error: Command \cftsubsecfont undefined.

See the LaTeX manual or LaTeX Companion for explanation.
Type  H <return>  for immediate help.
 ...                                              
                                                  
l.88 \renewcommand{\cftsubsecfont}
                                  {\bfseries}
? 
! LaTeX Error: Command \cftsubsecpagefont undefined.

See the LaTeX manual or LaTeX Companion for explanation.
Type  H <return>  for immediate help.
 ...                                              
                                                  
l.89 \renewcommand{\cftsubsecpagefont}
                                      {\bfseries}
? ! Undefined control sequence.
l.90 \subsubsectionfont
                       {\bfseries\normalsize}
? 
! LaTeX Error: The font size command \normalsize is not defined:
               there is probably something wrong with the class file.

See the LaTeX manual or LaTeX Companion for explanation.
Type  H <return>  for immediate help.
 ...                                              
                                                  
l.90 \subsubsectionfont{\bfseries\normalsize
                                            }
? 
! LaTeX Error: Command \cftsubsubsecfont undefined.

See the LaTeX manual or LaTeX Companion for explanation.
Type  H <return>  for immediate help.
 ...                                              
                                                  
l.91 \renewcommand{\cftsubsubsecfont}
                                     {\bfseries\normalsize}
? 
! LaTeX Error: Command \cftsubsubsecpagefont undefined.

See the LaTeX manual or LaTeX Companion for explanation.
Type  H <return>  for immediate help.
 ...                                              
                                                  
l.92 \renewcommand{\cftsubsubsecpagefont}
                                         {\bfseries}
? ! Undefined control sequence.
l.95 \paragraphfont
                   {\normalsize\normalfont}
? 
! LaTeX Error: The font size command \normalsize is not defined:
               there is probably something wrong with the class file.

See the LaTeX manual or LaTeX Companion for explanation.
Type  H <return>  for immediate help.
 ...                                              
                                                  
l.95 \paragraphfont{\normalsize
                               \normalfont}
? 
! LaTeX Error: Command \@pnumwidth undefined.

See the LaTeX manual or LaTeX Companion for explanation.
Type  H <return>  for immediate help.
 ...                                              
                                                  
l.96 \renewcommand\@pnumwidth
                             {3.2em}
? 
! LaTeX Error: Command \cftsecleader undefined.

See the LaTeX manual or LaTeX Companion for explanation.
Type  H <return>  for immediate help.
 ...                                              
                                                  
l.97 \renewcommand{\cftsecleader}
                                 {\cftdotfill{\cftdotsep}}
? ! Undefined control sequence.
l.424 	\newcommandx
                   {\inserirTabela}[8][1=H, 2=\normalsize]{
? ! Undefined control sequence.
l.424 	\newcommandx{\inserirTabela
                                  }[8][1=H, 2=\normalsize]{
? 
! LaTeX Error: Missing \begin{document}.

See the LaTeX manual or LaTeX Companion for explanation.
Type  H <return>  for immediate help.
 ...                                              
                                                  
l.424 	\newcommandx{\inserirTabela}[
                                    8][1=H, 2=\normalsize]{
? Missing character: There is no [ in font nullfont!
Missing character: There is no 8 in font nullfont!
Missing character: There is no ] in font nullfont!
Missing character: There is no [ in font nullfont!
Missing character: There is no 1 in font nullfont!
Missing character: There is no = in font nullfont!
Missing character: There is no H in font nullfont!
Missing character: There is no , in font nullfont!
Missing character: There is no 2 in font nullfont!
Missing character: There is no = in font nullfont!

! LaTeX Error: The font size command \normalsize is not defined:
               there is probably something wrong with the class file.

See the LaTeX manual or LaTeX Companion for explanation.
Type  H <return>  for immediate help.
 ...                                              
                                                  
l.424 ...ndx{\inserirTabela}[8][1=H, 2=\normalsize
                                                  ]{
? Missing character: There is no ] in font nullfont!

! LaTeX Error: Environment table undefined.

See the LaTeX manual or LaTeX Companion for explanation.
Type  H <return>  for immediate help.
 ...                                              
                                                  
l.425 		\begin{table}
                     [#1]
? Missing character: There is no [ in font nullfont!
! You can't use `macro parameter character #' in horizontal mode.
l.425 		\begin{table}[#
                       1]
? Missing character: There is no 1 in font nullfont!
Missing character: There is no ] in font nullfont!
! You can't use `macro parameter character #' in horizontal mode.
l.426 			#
          2
? Missing character: There is no 2 in font nullfont!
! Missing number, treated as zero.
<to be read again> 
                   ##
l.428 			\begin{minipage}{#4}
                              \centering
? ! Illegal unit of measure (pt inserted).
<to be read again> 
                   ##
l.428 			\begin{minipage}{#4}
                              \centering
? ! You can't use `macro parameter character #' in horizontal mode.
<recently read> ##
                  
l.428 			\begin{minipage}{#4}
                              \centering
? Missing character: There is no 4 in font nullfont!
! Illegal parameter number in definition of \@mpargs.
<to be read again> 
                   4
l.428 			\begin{minipage}{#4}
                              \centering
? ! Undefined control sequence.
l.429 				\captionsetup
                       {justification=raggedright,
? Missing character: There is no j in font nullfont!
Missing character: There is no u in font nullfont!
Missing character: There is no s in font nullfont!
Missing character: There is no t in font nullfont!
Missing character: There is no i in font nullfont!
Missing character: There is no f in font nullfont!
Missing character: There is no i in font nullfont!
Missing character: There is no c in font nullfont!
Missing character: There is no a in font nullfont!
Missing character: There is no t in font nullfont!
Missing character: There is no i in font nullfont!
Missing character: There is no o in font nullfont!
Missing character: There is no n in font nullfont!
Missing character: There is no = in font nullfont!
Missing character: There is no r in font nullfont!
Missing character: There is no a in font nullfont!
Missing character: There is no g in font nullfont!
Missing character: There is no g in font nullfont!
Missing character: There is no e in font nullfont!
Missing character: There is no d in font nullfont!
Missing character: There is no r in font nullfont!
Missing character: There is no i in font nullfont!
Missing character: There is no g in font nullfont!
Missing character: There is no h in font nullfont!
Missing character: There is no t in font nullfont!
Missing character: There is no , in font nullfont!
Missing character: There is no s in font nullfont!
Missing character: There is no i in font nullfont!
Missing character: There is no n in font nullfont!
Missing character: There is no g in font nullfont!
Missing character: There is no l in font nullfont!
Missing character: There is no e in font nullfont!
Missing character: There is no l in font nullfont!
Missing character: There is no i in font nullfont!
Missing character: There is no n in font nullfont!
Missing character: There is no e in font nullfont!
Missing character: There is no c in font nullfont!
Missing character: There is no h in font nullfont!
Missing character: There is no e in font nullfont!
Missing character: There is no c in font nullfont!
Missing character: There is no k in font nullfont!
Missing character: There is no = in font nullfont!
Missing character: There is no f in font nullfont!
Missing character: There is no a in font nullfont!
Missing character: There is no l in font nullfont!
Missing character: There is no s in font nullfont!
Missing character: There is no e in font nullfont!

! LaTeX Error: \caption outside float.

See the LaTeX manual or LaTeX Companion for explanation.
Type  H <return>  for immediate help.
 ...                                              
                                                  
l.432 				\caption
                  {#6}
? ! You can't use `macro parameter character #' in horizontal mode.
l.432 				\caption{#
                    6}
? Missing character: There is no 6 in font nullfont!
(/usr/share/texmf-dist/tex/latex/amsfonts/umsa.fd)
(/usr/share/texmf-dist/tex/latex/amsfonts/umsb.fd)
! Illegal parameter number in definition of \reserved@a.
<to be read again> 
                   3
l.433 				\begin{tabular}{#3}
                             
? ! Illegal parameter number in definition of \@fortmp.
<to be read again> 
                   3
l.433 				\begin{tabular}{#3}
                             
? ! Illegal parameter number in definition of \@nextchar.
<to be read again> 
                   }
l.433 				\begin{tabular}{#3}
                             
? 
! LaTeX Error: Illegal character in array arg.

See the LaTeX manual or LaTeX Companion for explanation.
Type  H <return>  for immediate help.
 ...                                              
                                                  
l.433 				\begin{tabular}{#3}
                             
? 
! LaTeX Error: Illegal character in array arg.

See the LaTeX manual or LaTeX Companion for explanation.
Type  H <return>  for immediate help.
 ...                                              
                                                  
l.433 				\begin{tabular}{#3}
                             
? ! You can't use `macro parameter character #' in restricted horizontal mode.
<recently read> ##
                  
l.434 					#
            5
? Missing character: There is no 5 in font nullfont!

! LaTeX Error: \caption outside float.

See the LaTeX manual or LaTeX Companion for explanation.
Type  H <return>  for immediate help.
 ...                                              
                                                  
l.436 				\caption
                  *{#7}
? Missing character: There is no * in font nullfont!
! You can't use `macro parameter character #' in horizontal mode.
l.436 				\caption*{#
                     7}
? Missing character: There is no 7 in font nullfont!
! You can't use `macro parameter character #' in horizontal mode.
l.437 				#
           8
? Missing character: There is no 8 in font nullfont!
! Missing number, treated as zero.
<to be read again> 
                   ##
l.438 			\end{minipage}
                       
? ! Illegal unit of measure (pt inserted).
<to be read again> 
                   ##
l.438 			\end{minipage}
                       
? ! You can't use `macro parameter character #' in horizontal mode.
<recently read> ##
                  
l.438 			\end{minipage}
                       
? Missing character: There is no 4 in font nullfont!

! LaTeX Error: \begin{document} ended by \end{table}.

See the LaTeX manual or LaTeX Companion for explanation.
Type  H <return>  for immediate help.
 ...                                              
                                                  
l.439 		\end{table}
                   
? 
Overfull \hbox (35.56593pt too wide) in paragraph at lines 424--440
[]
)

! LaTeX Error: File `babel.sty' not found.

Type X to quit or <RETURN> to proceed,
or enter new name. (Default extension: sty)

Enter file name: 
! LaTeX Error: File `mathastext.sty' not found.

Type X to quit or <RETURN> to proceed,
or enter new name. (Default extension: sty)

Enter file name: 
! LaTeX Error: File `siunitx.sty' not found.

Type X to quit or <RETURN> to proceed,
or enter new name. (Default extension: sty)

Enter file name: ! Undefined control sequence.
<recently read> \sisetup 
                         
l.7 \sisetup
            {
? 
! LaTeX Error: Missing \begin{document}.

See the LaTeX manual or LaTeX Companion for explanation.
Type  H <return>  for immediate help.
 ...                                              
                                                  
l.8     g
         roup-separator={.},
? Missing character: There is no g in font nullfont!
Missing character: There is no r in font nullfont!
Missing character: There is no o in font nullfont!
Missing character: There is no u in font nullfont!
Missing character: There is no p in font nullfont!
Missing character: There is no - in font nullfont!
Missing character: There is no s in font nullfont!
Missing character: There is no e in font nullfont!
Missing character: There is no p in font nullfont!
Missing character: There is no a in font nullfont!
Missing character: There is no r in font nullfont!
Missing character: There is no a in font nullfont!
Missing character: There is no t in font nullfont!
Missing character: There is no o in font nullfont!
Missing character: There is no r in font nullfont!
Missing character: There is no = in font nullfont!
Missing character: There is no . in font nullfont!
Missing character: There is no , in font nullfont!
Missing character: There is no g in font nullfont!
Missing character: There is no r in font nullfont!
Missing character: There is no o in font nullfont!
Missing character: There is no u in font nullfont!
Missing character: There is no p in font nullfont!
Missing character: There is no - in font nullfont!
Missing character: There is no m in font nullfont!
Missing character: There is no i in font nullfont!
Missing character: There is no n in font nullfont!
Missing character: There is no i in font nullfont!
Missing character: There is no m in font nullfont!
Missing character: There is no u in font nullfont!
Missing character: There is no m in font nullfont!
Missing character: There is no - in font nullfont!
Missing character: There is no d in font nullfont!
Missing character: There is no i in font nullfont!
Missing character: There is no g in font nullfont!
Missing character: There is no i in font nullfont!
Missing character: There is no t in font nullfont!
Missing character: There is no s in font nullfont!
Missing character: There is no = in font nullfont!
Missing character: There is no 3 in font nullfont!
Missing character: There is no , in font nullfont!
Missing character: There is no o in font nullfont!
Missing character: There is no u in font nullfont!
Missing character: There is no t in font nullfont!
Missing character: There is no p in font nullfont!
Missing character: There is no u in font nullfont!
Missing character: There is no t in font nullfont!
Missing character: There is no - in font nullfont!
Missing character: There is no d in font nullfont!
Missing character: There is no e in font nullfont!
Missing character: There is no c in font nullfont!
Missing character: There is no i in font nullfont!
Missing character: There is no m in font nullfont!
Missing character: There is no a in font nullfont!
Missing character: There is no l in font nullfont!
Missing character: There is no - in font nullfont!
Missing character: There is no m in font nullfont!
Missing character: There is no a in font nullfont!
Missing character: There is no r in font nullfont!
Missing character: There is no k in font nullfont!
Missing character: There is no e in font nullfont!
Missing character: There is no r in font nullfont!
Missing character: There is no = in font nullfont!
Missing character: There is no , in font nullfont!

Overfull \hbox (35.56593pt too wide) in paragraph at lines 8--11
[]
! Undefined control sequence.
l.13 \addto
           \captionsbrazil{%
? ! Undefined control sequence.
l.13 \addto\captionsbrazil
                          {%
? 
! LaTeX Error: Command \contentsname undefined.

See the LaTeX manual or LaTeX Companion for explanation.
Type  H <return>  for immediate help.
 ...                                              
                                                  
l.14 	\renewcommand{\contentsname}
                                  {SUMÁRIO}
? 
! LaTeX Error: Command \refname undefined.

See the LaTeX manual or LaTeX Companion for explanation.
Type  H <return>  for immediate help.
 ...                                              
                                                  
l.15 	\renewcommand{\refname}
                             {REFERÊNCIAS}
? ! Undefined control sequence.
l.17 \addto
           \captionsenglish{%
? ! Undefined control sequence.
l.17 \addto\captionsenglish
                           {%
? 
! LaTeX Error: Command \contentsname undefined.

See the LaTeX manual or LaTeX Companion for explanation.
Type  H <return>  for immediate help.
 ...                                              
                                                  
l.18 	\renewcommand{\contentsname}
                                  {CONTENTS}
? 
! LaTeX Error: Command \refname undefined.

See the LaTeX manual or LaTeX Companion for explanation.
Type  H <return>  for immediate help.
 ...                                              
                                                  
l.19 	\renewcommand{\refname}
                             {REFERENCES}
? 
! LaTeX Error: File `abntex2cite.sty' not found.

Type X to quit or <RETURN> to proceed,
or enter new name. (Default extension: sty)

Enter file name: 
! LaTeX Error: File `l3backend-pdftex.def' not found.

Type X to quit or <RETURN> to proceed,
or enter new name. (Default extension: def)

Enter file name: No file relatorio_preditivo.aux.

! LaTeX Error: The font size command \normalsize is not defined:
               there is probably something wrong with the class file.

See the LaTeX manual or LaTeX Companion for explanation.
Type  H <return>  for immediate help.
 ...                                              
                                                  
l.25 \begin{document}
                     
? (./tex/relatorio_preditivo/tex/capa.tex

! LaTeX Error: Environment adjustwidth* undefined.

See the LaTeX manual or LaTeX Companion for explanation.
Type  H <return>  for immediate help.
 ...                                              
                                                  
l.12 \capa
          
? ! Undefined control sequence.
\capa ...adjustwidth*}{1.5cm}{1.5cm} {\setstretch 
                                                  {1.0} \begin {flushright} ...
l.12 \capa
          
? ! Undefined control sequence.
<recently read> \large 
                       
l.12 \capa
          
? ! Undefined control sequence.
<recently read> \large 
                       
l.12 \capa
          
? 
! LaTeX Error: \begin{document} ended by \end{adjustwidth*}.

See the LaTeX manual or LaTeX Companion for explanation.
Type  H <return>  for immediate help.
 ...                                              
                                                  
l.12 \capa
          
? 
! LaTeX Error: The font size command \normalsize is not defined:
               there is probably something wrong with the class file.

See the LaTeX manual or LaTeX Companion for explanation.
Type  H <return>  for immediate help.
 ...                                              
                                                  
l.12 \capa
          
? 
! LaTeX Error: The font size command \normalsize is not defined:
               there is probably something wrong with the class file.

See the LaTeX manual or LaTeX Companion for explanation.
Type  H <return>  for immediate help.
 ...                                              
                                                  
l.12 \capa
          
? ! Undefined control sequence.
\f@ncyolh ->\includegraphics 
                             [scale=0.9]{tex/figuras_tex/headImage.pdf}\strut 
l.12 \capa
          
? ! Missing $ inserted.
<inserted text> 
                $
l.12 \capa
          
? ! Extra }, or forgotten $.
\f@ncyolh ...e=0.9]{tex/figuras_tex/headImage.pdf}
                                                  \strut 
l.12 \capa
          
? ! Missing $ inserted.
<inserted text> 
                $
l.12 \capa
          
? ! Missing } inserted.
<inserted text> 
                }
l.12 \capa
          
? 
! LaTeX Error: The font size command \normalsize is not defined:
               there is probably something wrong with the class file.

See the LaTeX manual or LaTeX Companion for explanation.
Type  H <return>  for immediate help.
 ...                                              
                                                  
l.12 \capa
          
? ! Undefined control sequence.
\f@ncyorf ->\includegraphics 
                             [scale=1.0]{tex/figuras_tex/footer_IPT.png}\strut 
l.12 \capa
          
? ! Missing $ inserted.
<inserted text> 
                $
l.12 \capa
          
? ! Extra }, or forgotten $.
\f@ncyorf ...=1.0]{tex/figuras_tex/footer_IPT.png}
                                                  \strut 
l.12 \capa
          
? ! Missing $ inserted.
<inserted text> 
                $
l.12 \capa
          
? ! Missing } inserted.
<inserted text> 
                }
l.12 \capa
          
? [1{/var/lib/texmf/fonts/map/pdftex/updmap/pdftex.map}]

! LaTeX Error: Command \thepage undefined.

See the LaTeX manual or LaTeX Companion for explanation.
Type  H <return>  for immediate help.
 ...                                              
                                                  
l.16 ...naturais; detonações; UHE Salto Pilão.}
                                                  
? ! Undefined control sequence.
\\resumo ...d {\thepage }{\roman {page}} \section 
                                                  *{RESUMO} #2 \vspace {0.5c...
l.16 ...naturais; detonações; UHE Salto Pilão.}
                                                  
? ! Undefined control sequence.
<recently read> \tableofcontents 
                                 
l.17 \tableofcontents
                     
? 
Underfull \vbox (badness 10000) has occurred while \output is active

! LaTeX Error: The font size command \normalsize is not defined:
               there is probably something wrong with the class file.

See the LaTeX manual or LaTeX Companion for explanation.
Type  H <return>  for immediate help.
 ...                                              
                                                  
l.18 
     
? 
! LaTeX Error: The font size command \normalsize is not defined:
               there is probably something wrong with the class file.

See the LaTeX manual or LaTeX Companion for explanation.
Type  H <return>  for immediate help.
 ...                                              
                                                  
l.18 
     
? ! Undefined control sequence.
\f@ncyolh ->\includegraphics 
                             [scale=0.9]{tex/figuras_tex/headImage.pdf}\strut 
l.18 
     
? ! Missing $ inserted.
<inserted text> 
                $
l.18 
     
? ! Extra }, or forgotten $.
\f@ncyolh ...e=0.9]{tex/figuras_tex/headImage.pdf}
                                                  \strut 
l.18 
     
? ! Missing $ inserted.
<inserted text> 
                $
l.18 
     
? ! Missing } inserted.
<inserted text> 
                }
l.18 
     
? ! Undefined control sequence.
\f@ncyorh ->\footnotesize 
                          \inserirTipo ~n\textordmasculine ~\inserirDocNum ~...
l.18 
     
? 
LaTeX Font Warning: Font shape `TS1/cmss/m/n' undefined
(Font)              using `TS1/cmr/m/n' instead
(Font)              for symbol `textordmasculine' on input line 18.


! LaTeX Error: The font size command \normalsize is not defined:
               there is probably something wrong with the class file.

See the LaTeX manual or LaTeX Companion for explanation.
Type  H <return>  for immediate help.
 ...                                              
                                                  
l.18 
     
? ! Undefined control sequence.
\f@ncyorf ->\includegraphics 
                             [scale=1.0]{tex/figuras_tex/footer_IPT.png}\strut 
l.18 
     
? ! Missing $ inserted.
<inserted text> 
                $
l.18 
     
? ! Extra }, or forgotten $.
\f@ncyorf ...=1.0]{tex/figuras_tex/footer_IPT.png}
                                                  \strut 
l.18 
     
? ! Missing $ inserted.
<inserted text> 
                $
l.18 
     
? ! Missing } inserted.
<inserted text> 
                }
l.18 
     
? [1]) (./tex/relatorio_preditivo/tex/corpo.tex
(./tex/relatorio_preditivo/tex/introducao.tex
! Undefined control sequence.
l.1 \section
            {INTRODUÇÃO}
? ! Undefined control sequence.
l.4 \subsection
               {Objetivo}
? ) (./tex/relatorio_preditivo/tex/atividades_resultados.tex
! Undefined control sequence.
l.1 \section
            {ATIVIDADES REALIZADAS E RESULTADOS OBTIDOS}
? ! Undefined control sequence.
l.7 \subsection
               {Desenvolvimento e configuração do sistema}
? ! Undefined control sequence.
l.13 \subsection
                {Testes e validação do Classificador}
? ! Undefined control sequence.
l.21 \subsection
                {Implicações e futuras diretrizes}
? 
Underfull \vbox (badness 10000) has occurred while \output is active

! LaTeX Error: The font size command \normalsize is not defined:
               there is probably something wrong with the class file.

See the LaTeX manual or LaTeX Companion for explanation.
Type  H <return>  for immediate help.
 ...                                              
                                                  
l.24 
     
? 
! LaTeX Error: The font size command \normalsize is not defined:
               there is probably something wrong with the class file.

See the LaTeX manual or LaTeX Companion for explanation.
Type  H <return>  for immediate help.
 ...                                              
                                                  
l.24 
     
? ! Undefined control sequence.
\f@ncyolh ->\includegraphics 
                             [scale=0.9]{tex/figuras_tex/headImage.pdf}\strut 
l.24 
     
? ! Missing $ inserted.
<inserted text> 
                $
l.24 
     
? ! Extra }, or forgotten $.
\f@ncyolh ...e=0.9]{tex/figuras_tex/headImage.pdf}
                                                  \strut 
l.24 
     
? ! Missing $ inserted.
<inserted text> 
                $
l.24 
     
? ! Missing } inserted.
<inserted text> 
                }
l.24 
     
? ! Undefined control sequence.
\f@ncyorh ->{\footnotesize 
                           \inserirTipo ~n\textordmasculine ~\inserirDocNum ...
l.24 
     
? 
LaTeX Warning: Reference `LastPage' on page 1 undefined on input line 24.


! LaTeX Error: The font size command \normalsize is not defined:
               there is probably something wrong with the class file.

See the LaTeX manual or LaTeX Companion for explanation.
Type  H <return>  for immediate help.
 ...                                              
                                                  
l.24 
     
? ! Undefined control sequence.
\f@ncyorf ->\includegraphics 
                             [scale=1.0]{tex/figuras_tex/footer_IPT.png}\strut 
l.24 
     
? ! Missing $ inserted.
<inserted text> 
                $
l.24 
     
? ! Extra }, or forgotten $.
\f@ncyorf ...=1.0]{tex/figuras_tex/footer_IPT.png}
                                                  \strut 
l.24 
     
? ! Missing $ inserted.
<inserted text> 
                $
l.24 
     
? ! Missing } inserted.
<inserted text> 
                }
l.24 
     
? [1]
! Undefined control sequence.
l.29 \subsection
                {Análise de Eventos em Horários Não Comerciais}
? 
! LaTeX Error: File `tex/relatorio_preditivo/tex/mapa.tex' not found.

Type X to quit or <RETURN> to proceed,
or enter new name. (Default extension: tex)

Enter file name: 
! LaTeX Error: File `.tex' not found.

Type X to quit or <RETURN> to proceed,
or enter new name. (Default extension: tex)

Enter file name: 
! LaTeX Error: File `.tex' not found.

Type X to quit or <RETURN> to proceed,
or enter new name. (Default extension: tex)

Enter file name: 
! LaTeX Error: File `.tex' not found.

Type X to quit or <RETURN> to proceed,
or enter new name. (Default extension: tex)

Enter file name: 
! LaTeX Error: File `.tex' not found.

Type X to quit or <RETURN> to proceed,
or enter new name. (Default extension: tex)

Enter file name: 
! LaTeX Error: File `.tex' not found.

Type X to quit or <RETURN> to proceed,
or enter new name. (Default extension: tex)

Enter file name: 
! LaTeX Error: File `.tex' not found.

Type X to quit or <RETURN> to proceed,
or enter new name. (Default extension: tex)

Enter file name: 
! LaTeX Error: File `.tex' not found.

Type X to quit or <RETURN> to proceed,
or enter new name. (Default extension: tex)

Enter file name: 
! LaTeX Error: File `.tex' not found.

Type X to quit or <RETURN> to proceed,
or enter new name. (Default extension: tex)

Enter file name: 
! LaTeX Error: File `.tex' not found.

Type X to quit or <RETURN> to proceed,
or enter new name. (Default extension: tex)

Enter file name: 
! LaTeX Error: File `.tex' not found.

Type X to quit or <RETURN> to proceed,
or enter new name. (Default extension: tex)

Enter file name: 
! LaTeX Error: File `.tex' not found.

Type X to quit or <RETURN> to proceed,
or enter new name. (Default extension: tex)

Enter file name: 
! LaTeX Error: File `.tex' not found.

Type X to quit or <RETURN> to proceed,
or enter new name. (Default extension: tex)

Enter file name: 
! LaTeX Error: File `.tex' not found.

Type X to quit or <RETURN> to proceed,
or enter new name. (Default extension: tex)

Enter file name: 
! LaTeX Error: File `.tex' not found.

Type X to quit or <RETURN> to proceed,
or enter new name. (Default extension: tex)

Enter file name: 
! LaTeX Error: File `.tex' not found.

Type X to quit or <RETURN> to proceed,
or enter new name. (Default extension: tex)

Enter file name: 
! LaTeX Error: File `.tex' not found.

Type X to quit or <RETURN> to proceed,
or enter new name. (Default extension: tex)

Enter file name: 
! LaTeX Error: File `.tex' not found.

Type X to quit or <RETURN> to proceed,
or enter new name. (Default extension: tex)

Enter file name: 
! LaTeX Error: File `.tex' not found.

Type X to quit or <RETURN> to proceed,
or enter new name. (Default extension: tex)

Enter file name: 
! LaTeX Error: File `.tex' not found.

Type X to quit or <RETURN> to proceed,
or enter new name. (Default extension: tex)

Enter file name: 
! LaTeX Error: File `.tex' not found.

Type X to quit or <RETURN> to proceed,
or enter new name. (Default extension: tex)

Enter file name: 
! LaTeX Error: File `.tex' not found.

Type X to quit or <RETURN> to proceed,
or enter new name. (Default extension: tex)

Enter file name: 
! LaTeX Error: File `.tex' not found.

Type X to quit or <RETURN> to proceed,
or enter new name. (Default extension: tex)

Enter file name: 
! LaTeX Error: File `.tex' not found.

Type X to quit or <RETURN> to proceed,
or enter new name. (Default extension: tex)

Enter file name: 
! LaTeX Error: File `.tex' not found.

Type X to quit or <RETURN> to proceed,
or enter new name. (Default extension: tex)

Enter file name: 
! LaTeX Error: File `.tex' not found.

Type X to quit or <RETURN> to proceed,
or enter new name. (Default extension: tex)

Enter file name: 
! LaTeX Error: File `.tex' not found.

Type X to quit or <RETURN> to proceed,
or enter new name. (Default extension: tex)

Enter file name: 
! LaTeX Error: File `.tex' not found.

Type X to quit or <RETURN> to proceed,
or enter new name. (Default extension: tex)

Enter file name: 
! LaTeX Error: File `.tex' not found.

Type X to quit or <RETURN> to proceed,
or enter new name. (Default extension: tex)

Enter file name: 
! LaTeX Error: File `.tex' not found.

Type X to quit or <RETURN> to proceed,
or enter new name. (Default extension: tex)

Enter file name: 
! LaTeX Error: File `.tex' not found.

Type X to quit or <RETURN> to proceed,
or enter new name. (Default extension: tex)

Enter file name: 
! LaTeX Error: File `.tex' not found.

Type X to quit or <RETURN> to proceed,
or enter new name. (Default extension: tex)

Enter file name: 
! LaTeX Error: File `.tex' not found.

Type X to quit or <RETURN> to proceed,
or enter new name. (Default extension: tex)

Enter file name: 
! LaTeX Error: File `.tex' not found.

Type X to quit or <RETURN> to proceed,
or enter new name. (Default extension: tex)

Enter file name: 
! LaTeX Error: File `.tex' not found.

Type X to quit or <RETURN> to proceed,
or enter new name. (Default extension: tex)

Enter file name: 
! LaTeX Error: File `.tex' not found.

Type X to quit or <RETURN> to proceed,
or enter new name. (Default extension: tex)

Enter file name: 
! LaTeX Error: File `.tex' not found.

Type X to quit or <RETURN> to proceed,
or enter new name. (Default extension: tex)

Enter file name: 
! LaTeX Error: File `.tex' not found.

Type X to quit or <RETURN> to proceed,
or enter new name. (Default extension: tex)

Enter file name: 
! LaTeX Error: File `.tex' not found.

Type X to quit or <RETURN> to proceed,
or enter new name. (Default extension: tex)

Enter file name: 
! LaTeX Error: File `.tex' not found.

Type X to quit or <RETURN> to proceed,
or enter new name. (Default extension: tex)

Enter file name: 
! LaTeX Error: File `.tex' not found.

Type X to quit or <RETURN> to proceed,
or enter new name. (Default extension: tex)

Enter file name: 
! LaTeX Error: File `.tex' not found.

Type X to quit or <RETURN> to proceed,
or enter new name. (Default extension: tex)

Enter file name: 
! LaTeX Error: File `.tex' not found.

Type X to quit or <RETURN> to proceed,
or enter new name. (Default extension: tex)

Enter file name: 
! LaTeX Error: File `.tex' not found.

Type X to quit or <RETURN> to proceed,
or enter new name. (Default extension: tex)

Enter file name: 
! LaTeX Error: File `.tex' not found.

Type X to quit or <RETURN> to proceed,
or enter new name. (Default extension: tex)

Enter file name: 
! LaTeX Error: File `.tex' not found.

Type X to quit or <RETURN> to proceed,
or enter new name. (Default extension: tex)

Enter file name: 
! LaTeX Error: File `.tex' not found.

Type X to quit or <RETURN> to proceed,
or enter new name. (Default extension: tex)

Enter file name: 
! LaTeX Error: File `.tex' not found.

Type X to quit or <RETURN> to proceed,
or enter new name. (Default extension: tex)

Enter file name: 
! LaTeX Error: File `.tex' not found.

Type X to quit or <RETURN> to proceed,
or enter new name. (Default extension: tex)

Enter file name: 
! LaTeX Error: File `.tex' not found.

Type X to quit or <RETURN> to proceed,
or enter new name. (Default extension: tex)

Enter file name: 
! LaTeX Error: File `.tex' not found.

Type X to quit or <RETURN> to proceed,
or enter new name. (Default extension: tex)

Enter file name: 
! LaTeX Error: File `.tex' not found.

Type X to quit or <RETURN> to proceed,
or enter new name. (Default extension: tex)

Enter file name: 
! LaTeX Error: File `.tex' not found.

Type X to quit or <RETURN> to proceed,
or enter new name. (Default extension: tex)

Enter file name: 
! LaTeX Error: File `.tex' not found.

Type X to quit or <RETURN> to proceed,
or enter new name. (Default extension: tex)

Enter file name: 
! LaTeX Error: File `q.tex' not found.

Type X to quit or <RETURN> to proceed,
or enter new name. (Default extension: tex)

Enter file name: 
~/projetos/ClassificadorSismologico
========================================================================
                        Fim do Pipeline                                 
========================================================================

