
========================================================================
                       Iniciando do Pipeline                         
========================================================================


 -------------- INICIANDO O TRATAMENTO -------------------- 
 Tratando Catalog.csv...

 Criando arquivos de backup...
 Arquivos de backup criados com sucesso!

 -> Executando fluxo_eventos.py...

 - Argumento 1: Catalog.csv
 - Argumento 2: 2023
Traceback (most recent call last):
  File "/home/ggrl/projetos/ClassificadorSismologico/fonte/nucleo/fluxo_eventos.py", line 405, in <module>
    IDs = csv2list(sys.argv[1], data=sys.argv[2])
          ^^^^^^^^^^^^^^^^^^^^^^^^^^^^^^^^^^^^^^^
  File "/home/ggrl/projetos/ClassificadorSismologico/fonte/nucleo/utils.py", line 83, in csv2list
    evid = [int(evid.split('usp')[1][:4]) for evid in evids]
                ~~~~~~~~~~~~~~~~~^^^
IndexError: list index out of range

========================================================================
                        Fim do Pipeline                                 
========================================================================

