
========================================================================
                       Iniciando do Pipeline                         
========================================================================

Argumentos recebidos:
  Catalogo: catalogo-moho.csv
  EVENTS: true
  TREATCATALOG: true
  PREDICT: true
  POSPROCESS: true
  MAPS: true
  REPORT: false
  TEST: true


 -------------- INICIANDO O TRATAMENTO -------------------- 
 Tratando catalogo-moho.csv...
 Args: Namespace(eventos='eventos.csv', csv='Catalog.csv', ascending=True, map=False, test=False)
Traceback (most recent call last):
  File "/home/ipt/.pyenv/versions/sismologia/lib/python3.11/site-packages/pandas/core/indexes/base.py", line 3790, in get_loc
    return self._engine.get_loc(casted_key)
           ^^^^^^^^^^^^^^^^^^^^^^^^^^^^^^^^
  File "index.pyx", line 152, in pandas._libs.index.IndexEngine.get_loc
  File "index.pyx", line 181, in pandas._libs.index.IndexEngine.get_loc
  File "pandas/_libs/hashtable_class_helper.pxi", line 7080, in pandas._libs.hashtable.PyObjectHashTable.get_item
  File "pandas/_libs/hashtable_class_helper.pxi", line 7088, in pandas._libs.hashtable.PyObjectHashTable.get_item
KeyError: 'Time'

The above exception was the direct cause of the following exception:

Traceback (most recent call last):
  File "/home/ipt/projetos/ClassificadorSismologico/fonte/analise_dados/pre_processa.py", line 455, in <module>
    catalogo = main()
               ^^^^^^
  File "/home/ipt/projetos/ClassificadorSismologico/fonte/analise_dados/pre_processa.py", line 414, in main
    catalogo = data_catalogo(catalogo_r)
               ^^^^^^^^^^^^^^^^^^^^^^^^^
  File "/home/ipt/projetos/ClassificadorSismologico/fonte/analise_dados/pre_processa.py", line 84, in data_catalogo
    catalogo['Time'] = pd.to_datetime(catalogo['Time'])
                                      ~~~~~~~~^^^^^^^^
  File "/home/ipt/.pyenv/versions/sismologia/lib/python3.11/site-packages/pandas/core/frame.py", line 3893, in __getitem__
    indexer = self.columns.get_loc(key)
              ^^^^^^^^^^^^^^^^^^^^^^^^^
  File "/home/ipt/.pyenv/versions/sismologia/lib/python3.11/site-packages/pandas/core/indexes/base.py", line 3797, in get_loc
    raise KeyError(key) from err
KeyError: 'Time'
