
========================================================================
                       Iniciando do Pipeline                         
========================================================================


 -------------- INICIANDO O TRATAMENTO -------------------- 
 Tratando catalogo-moho.csv...
 -------------- Processo de criação de mapas iniciado ------------------

 ----------------- Iniciando o pdflatex .tex ---------------------------- 
/home/ipt/projetos/ClassificadorSismologico/arquivos/figuras/pre_processa
LaTeX file '/home/ipt/projetos/ClassificadorSismologico/fonte/relatorio-sismologia/tex/relatorio_preditivo/tex/pre_processafigures.tex' has been created successfully.
/home/ipt/projetos/ClassificadorSismologico/arquivos/figuras/pos_processa
No figures found. No LaTeX file was created.
 -> Mapa '/home/ipt/projetos/ClassificadorSismologico/fonte/relatorio-sismologia/tex/relatorio_preditivo/tex/mapa.tex' gerado com sucesso!
~/projetos/ClassificadorSismologico/fonte/relatorio-sismologia ~/projetos/ClassificadorSismologico ~/projetos/ClassificadorSismologico
This is pdfTeX, Version 3.141592653-2.6-1.40.24 (TeX Live 2022/Debian) (preloaded format=pdflatex)
 restricted \write18 enabled.
entering extended mode
(./relatorio_preditivo.tex
LaTeX2e <2022-11-01> patch level 1
L3 programming layer <2023-01-16> (./sismo_iptex.cls
Document Class: sismo_iptex 2024/04/23 Classe Sismologia IPT
(/usr/share/texlive/texmf-dist/tex/latex/base/article.cls
Document Class: article 2022/07/02 v1.4n Standard LaTeX document class
(/usr/share/texlive/texmf-dist/tex/latex/base/size12.clo))
(/usr/share/texlive/texmf-dist/tex/latex/mdframed/mdframed.sty
(/usr/share/texlive/texmf-dist/tex/latex/kvoptions/kvoptions.sty
(/usr/share/texlive/texmf-dist/tex/latex/graphics/keyval.sty)
(/usr/share/texlive/texmf-dist/tex/generic/ltxcmds/ltxcmds.sty)
(/usr/share/texlive/texmf-dist/tex/latex/kvsetkeys/kvsetkeys.sty))
(/usr/share/texlive/texmf-dist/tex/latex/l3packages/xparse/xparse.sty
(/usr/share/texlive/texmf-dist/tex/latex/l3kernel/expl3.sty
(/usr/share/texlive/texmf-dist/tex/latex/l3backend/l3backend-pdftex.def)))
(/usr/share/texlive/texmf-dist/tex/latex/etoolbox/etoolbox.sty)
(/usr/share/texlive/texmf-dist/tex/latex/zref/zref-abspage.sty
(/usr/share/texlive/texmf-dist/tex/latex/zref/zref-base.sty
(/usr/share/texlive/texmf-dist/tex/generic/infwarerr/infwarerr.sty)
(/usr/share/texlive/texmf-dist/tex/generic/kvdefinekeys/kvdefinekeys.sty)
(/usr/share/texlive/texmf-dist/tex/generic/pdftexcmds/pdftexcmds.sty
(/usr/share/texlive/texmf-dist/tex/generic/iftex/iftex.sty))
(/usr/share/texlive/texmf-dist/tex/generic/etexcmds/etexcmds.sty)
(/usr/share/texlive/texmf-dist/tex/latex/auxhook/auxhook.sty))
(/usr/share/texlive/texmf-dist/tex/latex/base/atbegshi-ltx.sty))
(/usr/share/texlive/texmf-dist/tex/latex/needspace/needspace.sty)
(/usr/share/texlive/texmf-dist/tex/latex/graphics/color.sty
(/usr/share/texlive/texmf-dist/tex/latex/graphics-cfg/color.cfg)
(/usr/share/texlive/texmf-dist/tex/latex/graphics-def/pdftex.def)
(/usr/share/texlive/texmf-dist/tex/latex/graphics/mathcolor.ltx))
(/usr/share/texlive/texmf-dist/tex/latex/mdframed/md-frame-0.mdf))
(/usr/share/texlive/texmf-dist/tex/latex/hyperref/hyperref.sty
(/usr/share/texlive/texmf-dist/tex/generic/pdfescape/pdfescape.sty)
(/usr/share/texlive/texmf-dist/tex/latex/hycolor/hycolor.sty)
(/usr/share/texlive/texmf-dist/tex/latex/letltxmacro/letltxmacro.sty)
(/usr/share/texlive/texmf-dist/tex/latex/hyperref/nameref.sty
(/usr/share/texlive/texmf-dist/tex/latex/refcount/refcount.sty)
(/usr/share/texlive/texmf-dist/tex/generic/gettitlestring/gettitlestring.sty))
(/usr/share/texlive/texmf-dist/tex/latex/hyperref/pd1enc.def)
(/usr/share/texlive/texmf-dist/tex/generic/intcalc/intcalc.sty)
(/usr/share/texlive/texmf-dist/tex/latex/hyperref/puenc.def)
(/usr/share/texlive/texmf-dist/tex/latex/url/url.sty)
(/usr/share/texlive/texmf-dist/tex/generic/bitset/bitset.sty
(/usr/share/texlive/texmf-dist/tex/generic/bigintcalc/bigintcalc.sty)))
(/usr/share/texlive/texmf-dist/tex/latex/hyperref/hpdftex.def
(/usr/share/texlive/texmf-dist/tex/latex/base/atveryend-ltx.sty)
(/usr/share/texlive/texmf-dist/tex/latex/rerunfilecheck/rerunfilecheck.sty
(/usr/share/texlive/texmf-dist/tex/generic/uniquecounter/uniquecounter.sty)))
(/usr/share/texlive/texmf-dist/tex/latex/base/inputenc.sty)
(/usr/share/texlive/texmf-dist/tex/latex/base/fontenc.sty)
(/usr/share/texlive/texmf-dist/tex/latex/mathtools/mathtools.sty
(/usr/share/texlive/texmf-dist/tex/latex/tools/calc.sty)
(/usr/share/texlive/texmf-dist/tex/latex/mathtools/mhsetup.sty)
(/usr/share/texlive/texmf-dist/tex/latex/amsmath/amsmath.sty
For additional information on amsmath, use the `?' option.
(/usr/share/texlive/texmf-dist/tex/latex/amsmath/amstext.sty
(/usr/share/texlive/texmf-dist/tex/latex/amsmath/amsgen.sty))
(/usr/share/texlive/texmf-dist/tex/latex/amsmath/amsbsy.sty)
(/usr/share/texlive/texmf-dist/tex/latex/amsmath/amsopn.sty)))
(/usr/share/texlive/texmf-dist/tex/latex/amscls/amsthm.sty)
(/usr/share/texlive/texmf-dist/tex/latex/amsfonts/amsfonts.sty)
(/usr/share/texlive/texmf-dist/tex/latex/amsfonts/amssymb.sty)
(/usr/share/texlive/texmf-dist/tex/latex/base/latexsym.sty)
(/usr/share/texlive/texmf-dist/tex/generic/mathabx/mathabx.sty
(/usr/share/texlive/texmf-dist/tex/generic/mathabx/mathabx.dcl))
(/usr/share/texlive/texmf-dist/tex/latex/graphics/graphicx.sty
(/usr/share/texlive/texmf-dist/tex/latex/graphics/graphics.sty
(/usr/share/texlive/texmf-dist/tex/latex/graphics/trig.sty)
(/usr/share/texlive/texmf-dist/tex/latex/graphics-cfg/graphics.cfg)))
(/usr/share/texlive/texmf-dist/tex/latex/psnfss/helvet.sty)
(/usr/share/texlive/texmf-dist/tex/latex/base/fancyhdr.sty)
(/usr/share/texlive/texmf-dist/tex/latex/tools/indentfirst.sty)
(/usr/share/texlive/texmf-dist/tex/latex/float/float.sty)
(/usr/share/texlive/texmf-dist/tex/latex/multirow/multirow.sty)
(/usr/share/texlive/texmf-dist/tex/latex/graphics/lscape.sty)
(/usr/share/texlive/texmf-dist/tex/latex/lastpage/lastpage.sty)
(/usr/share/texlive/texmf-dist/tex/latex/caption/caption.sty
(/usr/share/texlive/texmf-dist/tex/latex/caption/caption3.sty))
(/usr/share/texlive/texmf-dist/tex/latex/subfig/subfig.sty)
(/usr/share/texlive/texmf-dist/tex/latex/pdfpages/pdfpages.sty
(/usr/share/texlive/texmf-dist/tex/latex/base/ifthen.sty)
(/usr/share/texlive/texmf-dist/tex/latex/eso-pic/eso-pic.sty)
(/usr/share/texlive/texmf-dist/tex/latex/pdfpages/pppdftex.def))
(/usr/share/texlive/texmf-dist/tex/latex/setspace/setspace.sty)
(/usr/share/texlive/texmf-dist/tex/latex/changepage/changepage.sty)
(/usr/share/texlive/texmf-dist/tex/latex/tocloft/tocloft.sty)
(/usr/share/texlive/texmf-dist/tex/latex/lipsum/lipsum.sty
(/usr/share/texlive/texmf-dist/tex/latex/l3packages/l3keys2e/l3keys2e.sty)
(/usr/share/texlive/texmf-dist/tex/latex/lipsum/lipsum.ltd.tex))
(/usr/share/texlive/texmf-dist/tex/latex/sectsty/sectsty.sty

LaTeX Warning: Command \underbar  has changed.
               Check if current package is valid.


LaTeX Warning: Command \underline  has changed.
               Check if current package is valid.

) (/usr/share/texlive/texmf-dist/tex/latex/base/textcomp.sty)
(/usr/share/texlive/texmf-dist/tex/latex/booktabs/booktabs.sty)
(/usr/share/texlive/texmf-dist/tex/latex/stmaryrd/stmaryrd.sty)
(/usr/share/texlive/texmf-dist/tex/latex/siunitx/siunitx.sty
(/usr/share/texlive/texmf-dist/tex/latex/translations/translations.sty)
(/usr/share/texlive/texmf-dist/tex/latex/tools/array.sty))
(/usr/share/texlive/texmf-dist/tex/latex/was/upgreek.sty)
(/usr/share/texlive/texmf-dist/tex/latex/xcolor/xcolor.sty
(/usr/share/texlive/texmf-dist/tex/latex/graphics-cfg/color.cfg)
(/usr/share/texlive/texmf-dist/tex/latex/colortbl/colortbl.sty)
(/usr/share/texlive/texmf-dist/tex/latex/graphics/mathcolor.ltx))
(/usr/share/texlive/texmf-dist/tex/latex/tools/tabularx.sty)
(/usr/share/texlive/texmf-dist/tex/latex/enumitem/enumitem.sty)
(/usr/share/texlive/texmf-dist/tex/latex/geometry/geometry.sty
(/usr/share/texlive/texmf-dist/tex/generic/iftex/ifvtex.sty))
(/usr/share/texlive/texmf-dist/tex/latex/capt-of/capt-of.sty

! LaTeX Error: Command \captionof already defined.
               Or name \end... illegal, see p.192 of the manual.

See the LaTeX manual or LaTeX Companion for explanation.
Type  H <return>  for immediate help.
 ...                                              
                                                  
l.30 ...nd\captionof[1]{\def\@captype{#1}\caption}
                                                  
? ) (/usr/share/texlive/texmf-dist/tex/latex/xargs/xargs.sty
(/usr/share/texlive/texmf-dist/tex/latex/xkeyval/xkeyval.sty
(/usr/share/texlive/texmf-dist/tex/generic/xkeyval/xkeyval.tex
(/usr/share/texlive/texmf-dist/tex/generic/xkeyval/xkvutils.tex))))
(/usr/share/texlive/texmf-dist/tex/latex/tools/longtable.sty)
(/usr/share/texlive/texmf-dist/tex/latex/makecell/makecell.sty)
(/usr/share/texlive/texmf-dist/tex/latex/adjustbox/adjustbox.sty
(/usr/share/texlive/texmf-dist/tex/latex/adjustbox/adjcalc.sty)
(/usr/share/texlive/texmf-dist/tex/latex/adjustbox/trimclip.sty
(/usr/share/texlive/texmf-dist/tex/latex/collectbox/collectbox.sty)
(/usr/share/texlive/texmf-dist/tex/latex/adjustbox/tc-pdftex.def))
(/usr/share/texlive/texmf-dist/tex/latex/ifoddpage/ifoddpage.sty)
(/usr/share/texlive/texmf-dist/tex/latex/varwidth/varwidth.sty))
(/usr/share/texlive/texmf-dist/tex/latex/pdflscape/pdflscape.sty
(/usr/share/texlive/texmf-dist/tex/latex/pdflscape/pdflscape-nometadata.sty))
(/usr/share/texlive/texmf-dist/tex/latex/pdfx/pdfx.sty
(/usr/share/texlive/texmf-dist/tex/generic/iftex/ifpdf.sty)
(/usr/share/texlive/texmf-dist/tex/generic/iftex/ifxetex.sty)
(/usr/share/texlive/texmf-dist/tex/latex/everyshi/everyshi.sty)
(/usr/share/texlive/texmf-dist/tex/generic/iftex/ifluatex.sty){/var/lib/texmf/f
onts/map/pdftex/updmap/pdftex.map}
(/usr/share/texlive/texmf-dist/tex/latex/pdfx/l8u-penc.def)

Package hyperref Warning: Option `pdftex' has already been used,
(hyperref)                setting the option has no effect on input line 1461.


Package hyperref Warning: Option `pdfa' has already been used,
(hyperref)                setting the option has no effect on input line 1461.

(/usr/share/texlive/texmf-dist/tex/generic/stringenc/stringenc.sty)
(/usr/share/texlive/texmf-dist/tex/latex/hyperref/puenc-greekbasic.def)
(/usr/share/texlive/texmf-dist/tex/latex/hyperref/psdextra.def)
(/usr/share/texlive/texmf-dist/tex/generic/colorprofiles/colorprofiles.sty
(/usr/share/texlive/texmf-dist/tex/generic/colorprofiles/colorprofiles.tex))
(/usr/share/texlive/texmf-dist/tex/generic/stringenc/se-pdfdoc.def)
(/usr/share/texlive/texmf-dist/tex/latex/pdfx/AdobeColorProfiles.tex)
(/usr/share/texlive/texmf-dist/tex/latex/pdfx/8bit.def)
** pdfx: No file relatorio_preditivo.xmpdata . Metadata will be incomplete!
<<sRGB.icc>> (/usr/share/texlive/texmf-dist/tex/latex/pdfx/8bit.def)
(/usr/share/texlive/texmf-dist/tex/generic/pdftex/glyphtounicode.tex)
(/usr/share/texlive/texmf-dist/tex/latex/pdfx/glyphtounicode-cmr.tex)
(/usr/share/texlive/texmf-dist/tex/latex/pdfx/glyphtounicode-ntx.tex)
(/usr/share/texlive/texmf-dist/tex/latex/xmpincl/xmpincl.sty)
(/usr/share/texlive/texmf-dist/tex/latex/pdfx/8bit.def)
Using XMP template file: pdfa.xmp
<<pdfa.xmpi>>))
(/usr/share/texlive/texmf-dist/tex/latex/mathastext/mathastext.sty
** ! and ?
** punctuation: , . : ; and \colon
** + and =
** adding = ; and + to \nfss@catcodes
** parentheses ( ) [ ] and slash /
** alldelims: < > \backslash \setminus | \vert \mid \{ and \}
** \# \mathdollar \% \& 
** \imath and \jmath 
** Latin letters in the `normal' (resp. `bold') math versions are now
** set up to use the fonts T1/phv/m(b)/it
** Other characters (digits, ...) and \log-like names will be
** typeset with the n shape.
** \hbar
** minus as endash
** \Huge and \HUGE have been (re)-defined.
** mathastext has declared larger sizes for subscripts.
** To keep LaTeX defaults, use option `defaultmathsizes'.
)
! Undefined control sequence.
l.12 \addto
           \captionsbrazil{%
? ! Undefined control sequence.
l.12 \addto\captionsbrazil
                          {%
? ! Undefined control sequence.
l.16 \addto
           \captionsenglish{%
? ! Undefined control sequence.
l.16 \addto\captionsenglish
                           {%
? (/usr/share/texlive/texmf-dist/tex/latex/abntex2/abntex2cite.sty
(/usr/share/texlive/texmf-dist/tex/latex/abntex2/abntex2abrev.sty)
(/usr/share/texlive/texmf-dist/tex/latex/relsize/relsize.sty))
(/usr/share/texlive/texmf-dist/tex/latex/psnfss/t1phv.fd)
(/home/ipt/projetos/ClassificadorSismologico/arquivos/resultados/relatorios/rel
atorio_preditivo.aux

LaTeX Warning: Label `sec:ativ_real' multiply defined.


LaTeX Warning: Label `subsec:testes_validacao' multiply defined.

) (/usr/share/texlive/texmf-dist/tex/context/base/mkii/supp-pdf.mkii
[Loading MPS to PDF converter (version 2006.09.02).]
) (/usr/share/texlive/texmf-dist/tex/latex/epstopdf-pkg/epstopdf-base.sty
(/usr/share/texlive/texmf-dist/tex/latex/latexconfig/epstopdf-sys.cfg))
(/home/ipt/projetos/ClassificadorSismologico/arquivos/resultados/relatorios/rel
atorio_preditivo.out)
(/home/ipt/projetos/ClassificadorSismologico/arquivos/resultados/relatorios/rel
atorio_preditivo.out)
(/usr/share/texlive/texmf-dist/tex/latex/ragged2e/ragged2e.sty)
(/usr/share/texlive/texmf-dist/tex/latex/translations/translations-basic-dictio
nary-english.trsl)
*geometry* driver: auto-detecting
*geometry* detected driver: pdftex
(./tex/relatorio_preditivo/tex/capa.tex [1 <./tex/figuras_tex/headImage.pdf> <.
/tex/figuras_tex/footImage.pdf>]
(/usr/share/texlive/texmf-dist/tex/latex/psnfss/ts1phv.fd) [1]
(/home/ipt/projetos/ClassificadorSismologico/arquivos/resultados/relatorios/rel
atorio_preditivo.toc (/usr/share/texlive/texmf-dist/tex/latex/amsfonts/umsa.fd)
(/usr/share/texlive/texmf-dist/tex/latex/amsfonts/umsb.fd)
(/usr/share/texlive/texmf-dist/tex/latex/base/ulasy.fd)
(/usr/share/texlive/texmf-dist/tex/latex/stmaryrd/Ustmry.fd)) [2])
(./tex/relatorio_preditivo/tex/corpo.tex
(./tex/relatorio_preditivo/tex/introducao.tex)
(./tex/relatorio_preditivo/tex/metodos.tex
pdfTeX warning (ext4): destination with the same identifier (name{page.1}) has 
been already used, duplicate ignored
<to be read again> 
                   \relax 
l.10 
      [1] (./tex/relatorio_preditivo/tex/mapa.tex) [2]
(./tex/relatorio_preditivo/tex/figures.tex

LaTeX Warning: File `/home/ipt/projetos/ClassificadorSismologico/arquivos/figur
as/pos_process/8.04008_boxplot_ev_distance_event.png' not found on input line 4
.


! Package pdftex.def Error: File `/home/ipt/projetos/ClassificadorSismologico/a
rquivos/figuras/pos_process/8.04008_boxplot_ev_distance_event.png' not found: u
sing draft setting.

See the pdftex.def package documentation for explanation.
Type  H <return>  for immediate help.
 ...                                              
                                                  
l.4 ...cess/8.04008_boxplot_ev_distance_event.png}
                                                  
? (/usr/share/texlive/texmf-dist/tex/latex/base/t1cmtt.fd) [3
pdfTeX warning (ext4): destination with the same identifier (name{figure.1}) ha
s been already used, duplicate ignored
<argument> ...shipout:D \box_use:N \l_shipout_box 
                                                  \__shipout_drop_firstpage_...
l.8 
     </home/ipt/projetos/ClassificadorSismologico/arquivos/figuras/mapas/mapa.p
ng (PNG copy)>]

LaTeX Warning: File `/home/ipt/projetos/ClassificadorSismologico/arquivos/figur
as/pos_process/n_sta_recall_04008.png' not found on input line 12.


! Package pdftex.def Error: File `/home/ipt/projetos/ClassificadorSismologico/a
rquivos/figuras/pos_process/n_sta_recall_04008.png' not found: using draft sett
ing.

See the pdftex.def package documentation for explanation.
Type  H <return>  for immediate help.
 ...                                              
                                                  
l.12 ...iguras/pos_process/n_sta_recall_04008.png}
                                                  
? [4
pdfTeX warning (ext4): destination with the same identifier (name{figure.2}) ha
s been already used, duplicate ignored
<argument> ...shipout:D \box_use:N \l_shipout_box 
                                                  \__shipout_drop_firstpage_...
l.16 
     ]

LaTeX Warning: File `/home/ipt/projetos/ClassificadorSismologico/arquivos/figur
as/pos_process/n_sta_recall_1.254008.png' not found on input line 20.


! Package pdftex.def Error: File `/home/ipt/projetos/ClassificadorSismologico/a
rquivos/figuras/pos_process/n_sta_recall_1.254008.png' not found: using draft s
etting.

See the pdftex.def package documentation for explanation.
Type  H <return>  for immediate help.
 ...                                              
                                                  
l.20 ...ras/pos_process/n_sta_recall_1.254008.png}
                                                  
? [5
pdfTeX warning (ext4): destination with the same identifier (name{figure.3}) ha
s been already used, duplicate ignored
<argument> ...shipout:D \box_use:N \l_shipout_box 
                                                  \__shipout_drop_firstpage_...
l.24 
     ]

LaTeX Warning: File `/home/ipt/projetos/ClassificadorSismologico/arquivos/figur
as/pos_process/0.54008_boxplot_ev_distance_event.png' not found on input line 2
8.


! Package pdftex.def Error: File `/home/ipt/projetos/ClassificadorSismologico/a
rquivos/figuras/pos_process/0.54008_boxplot_ev_distance_event.png' not found: u
sing draft setting.

See the pdftex.def package documentation for explanation.
Type  H <return>  for immediate help.
 ...                                              
                                                  
l.28 ...ess/0.54008_boxplot_ev_distance_event.png}
                                                  
? [6
pdfTeX warning (ext4): destination with the same identifier (name{figure.4}) ha
s been already used, duplicate ignored
<argument> ...shipout:D \box_use:N \l_shipout_box 
                                                  \__shipout_drop_firstpage_...
l.32 
     ]

LaTeX Warning: File `/home/ipt/projetos/ClassificadorSismologico/arquivos/figur
as/pos_process/n_sta_recall_1.04008.png' not found on input line 36.


! Package pdftex.def Error: File `/home/ipt/projetos/ClassificadorSismologico/a
rquivos/figuras/pos_process/n_sta_recall_1.04008.png' not found: using draft se
tting.

See the pdftex.def package documentation for explanation.
Type  H <return>  for immediate help.
 ...                                              
                                                  
l.36 ...uras/pos_process/n_sta_recall_1.04008.png}
                                                  
? [7
pdfTeX warning (ext4): destination with the same identifier (name{figure.5}) ha
s been already used, duplicate ignored
<argument> ...shipout:D \box_use:N \l_shipout_box 
                                                  \__shipout_drop_firstpage_...
l.40 
     ]

LaTeX Warning: File `/home/ipt/projetos/ClassificadorSismologico/arquivos/figur
as/pos_process/5.04008_boxplot_ev_distance_event.png' not found on input line 4
4.


! Package pdftex.def Error: File `/home/ipt/projetos/ClassificadorSismologico/a
rquivos/figuras/pos_process/5.04008_boxplot_ev_distance_event.png' not found: u
sing draft setting.

See the pdftex.def package documentation for explanation.
Type  H <return>  for immediate help.
 ...                                              
                                                  
l.44 ...ess/5.04008_boxplot_ev_distance_event.png}
                                                  
? [8
pdfTeX warning (ext4): destination with the same identifier (name{figure.6}) ha
s been already used, duplicate ignored
<argument> ...shipout:D \box_use:N \l_shipout_box 
                                                  \__shipout_drop_firstpage_...
l.48 
     ]

LaTeX Warning: File `/home/ipt/projetos/ClassificadorSismologico/arquivos/figur
as/pos_process/n_sta_recall_1.754008.png' not found on input line 52.


! Package pdftex.def Error: File `/home/ipt/projetos/ClassificadorSismologico/a
rquivos/figuras/pos_process/n_sta_recall_1.754008.png' not found: using draft s
etting.

See the pdftex.def package documentation for explanation.
Type  H <return>  for immediate help.
 ...                                              
                                                  
l.52 ...ras/pos_process/n_sta_recall_1.754008.png}
                                                  
? [9
pdfTeX warning (ext4): destination with the same identifier (name{figure.7}) ha
s been already used, duplicate ignored
<argument> ...shipout:D \box_use:N \l_shipout_box 
                                                  \__shipout_drop_firstpage_...
l.56 
     ]

LaTeX Warning: File `/home/ipt/projetos/ClassificadorSismologico/arquivos/figur
as/pos_process/04008_hist_ev_distance_event.png' not found on input line 60.


! Package pdftex.def Error: File `/home/ipt/projetos/ClassificadorSismologico/a
rquivos/figuras/pos_process/04008_hist_ev_distance_event.png' not found: using 
draft setting.

See the pdftex.def package documentation for explanation.
Type  H <return>  for immediate help.
 ...                                              
                                                  
l.60 ..._process/04008_hist_ev_distance_event.png}
                                                  
? [10
pdfTeX warning (ext4): destination with the same identifier (name{figure.8}) ha
s been already used, duplicate ignored
<argument> ...shipout:D \box_use:N \l_shipout_box 
                                                  \__shipout_drop_firstpage_...
l.64 
     ]

LaTeX Warning: File `/home/ipt/projetos/ClassificadorSismologico/arquivos/figur
as/pos_process/n_sta_recall_2.04008.png' not found on input line 68.


! Package pdftex.def Error: File `/home/ipt/projetos/ClassificadorSismologico/a
rquivos/figuras/pos_process/n_sta_recall_2.04008.png' not found: using draft se
tting.

See the pdftex.def package documentation for explanation.
Type  H <return>  for immediate help.
 ...                                              
                                                  
l.68 ...uras/pos_process/n_sta_recall_2.04008.png}
                                                  
? [11
pdfTeX warning (ext4): destination with the same identifier (name{figure.9}) ha
s been already used, duplicate ignored
<argument> ...shipout:D \box_use:N \l_shipout_box 
                                                  \__shipout_drop_firstpage_...
l.72 
     ]

LaTeX Warning: File `/home/ipt/projetos/ClassificadorSismologico/arquivos/figur
as/pos_process/04008_hist_ev_distance.png' not found on input line 76.


! Package pdftex.def Error: File `/home/ipt/projetos/ClassificadorSismologico/a
rquivos/figuras/pos_process/04008_hist_ev_distance.png' not found: using draft 
setting.

See the pdftex.def package documentation for explanation.
Type  H <return>  for immediate help.
 ...                                              
                                                  
l.76 ...as/pos_process/04008_hist_ev_distance.png}
                                                  
? [12
pdfTeX warning (ext4): destination with the same identifier (name{figure.10}) h
as been already used, duplicate ignored
<argument> ...shipout:D \box_use:N \l_shipout_box 
                                                  \__shipout_drop_firstpage_...
l.80 
     ]

LaTeX Warning: File `/home/ipt/projetos/ClassificadorSismologico/arquivos/figur
as/pos_process/04008_boxplot_ev_mag_event.png' not found on input line 84.


! Package pdftex.def Error: File `/home/ipt/projetos/ClassificadorSismologico/a
rquivos/figuras/pos_process/04008_boxplot_ev_mag_event.png' not found: using dr
aft setting.

See the pdftex.def package documentation for explanation.
Type  H <return>  for immediate help.
 ...                                              
                                                  
l.84 ...os_process/04008_boxplot_ev_mag_event.png}
                                                  
? [13
pdfTeX warning (ext4): destination with the same identifier (name{figure.11}) h
as been already used, duplicate ignored
<argument> ...shipout:D \box_use:N \l_shipout_box 
                                                  \__shipout_drop_firstpage_...
l.88 
     ]

LaTeX Warning: File `/home/ipt/projetos/ClassificadorSismologico/arquivos/figur
as/pos_process/n_sta_recall_0.54008.png' not found on input line 92.


! Package pdftex.def Error: File `/home/ipt/projetos/ClassificadorSismologico/a
rquivos/figuras/pos_process/n_sta_recall_0.54008.png' not found: using draft se
tting.

See the pdftex.def package documentation for explanation.
Type  H <return>  for immediate help.
 ...                                              
                                                  
l.92 ...uras/pos_process/n_sta_recall_0.54008.png}
                                                  
? [14
pdfTeX warning (ext4): destination with the same identifier (name{figure.12}) h
as been already used, duplicate ignored
<argument> ...shipout:D \box_use:N \l_shipout_box 
                                                  \__shipout_drop_firstpage_...
l.96 
     ]

LaTeX Warning: File `/home/ipt/projetos/ClassificadorSismologico/arquivos/figur
as/pos_process/n_sta_recall_4.04008.png' not found on input line 100.


! Package pdftex.def Error: File `/home/ipt/projetos/ClassificadorSismologico/a
rquivos/figuras/pos_process/n_sta_recall_4.04008.png' not found: using draft se
tting.

See the pdftex.def package documentation for explanation.
Type  H <return>  for immediate help.
 ...                                              
                                                  
l.100 ...ras/pos_process/n_sta_recall_4.04008.png}
                                                  
? [15
pdfTeX warning (ext4): destination with the same identifier (name{figure.13}) h
as been already used, duplicate ignored
<argument> ...shipout:D \box_use:N \l_shipout_box 
                                                  \__shipout_drop_firstpage_...
l.104 
      ]

LaTeX Warning: File `/home/ipt/projetos/ClassificadorSismologico/arquivos/figur
as/pos_process/2.04008_boxplot_ev_distance_event.png' not found on input line 1
08.


! Package pdftex.def Error: File `/home/ipt/projetos/ClassificadorSismologico/a
rquivos/figuras/pos_process/2.04008_boxplot_ev_distance_event.png' not found: u
sing draft setting.

See the pdftex.def package documentation for explanation.
Type  H <return>  for immediate help.
 ...                                              
                                                  
l.108 ...ss/2.04008_boxplot_ev_distance_event.png}
                                                  
? [16
pdfTeX warning (ext4): destination with the same identifier (name{figure.14}) h
as been already used, duplicate ignored
<argument> ...shipout:D \box_use:N \l_shipout_box 
                                                  \__shipout_drop_firstpage_...
l.112 
      ]

LaTeX Warning: File `/home/ipt/projetos/ClassificadorSismologico/arquivos/figur
as/pos_process/7.04008_boxplot_ev_distance_event.png' not found on input line 1
16.


! Package pdftex.def Error: File `/home/ipt/projetos/ClassificadorSismologico/a
rquivos/figuras/pos_process/7.04008_boxplot_ev_distance_event.png' not found: u
sing draft setting.

See the pdftex.def package documentation for explanation.
Type  H <return>  for immediate help.
 ...                                              
                                                  
l.116 ...ss/7.04008_boxplot_ev_distance_event.png}
                                                  
? [17
pdfTeX warning (ext4): destination with the same identifier (name{figure.15}) h
as been already used, duplicate ignored
<argument> ...shipout:D \box_use:N \l_shipout_box 
                                                  \__shipout_drop_firstpage_...
l.120 
      ]

LaTeX Warning: File `/home/ipt/projetos/ClassificadorSismologico/arquivos/figur
as/pos_process/1.754008_boxplot_ev_distance_event.png' not found on input line 
124.


! Package pdftex.def Error: File `/home/ipt/projetos/ClassificadorSismologico/a
rquivos/figuras/pos_process/1.754008_boxplot_ev_distance_event.png' not found: 
using draft setting.

See the pdftex.def package documentation for explanation.
Type  H <return>  for immediate help.
 ...                                              
                                                  
l.124 ...s/1.754008_boxplot_ev_distance_event.png}
                                                  
? [18
pdfTeX warning (ext4): destination with the same identifier (name{figure.16}) h
as been already used, duplicate ignored
<argument> ...shipout:D \box_use:N \l_shipout_box 
                                                  \__shipout_drop_firstpage_...
l.128 
      ]

LaTeX Warning: File `/home/ipt/projetos/ClassificadorSismologico/arquivos/figur
as/pos_process/1.54008_boxplot_ev_distance_event.png' not found on input line 1
32.


! Package pdftex.def Error: File `/home/ipt/projetos/ClassificadorSismologico/a
rquivos/figuras/pos_process/1.54008_boxplot_ev_distance_event.png' not found: u
sing draft setting.

See the pdftex.def package documentation for explanation.
Type  H <return>  for immediate help.
 ...                                              
                                                  
l.132 ...ss/1.54008_boxplot_ev_distance_event.png}
                                                  
? [19
pdfTeX warning (ext4): destination with the same identifier (name{figure.17}) h
as been already used, duplicate ignored
<argument> ...shipout:D \box_use:N \l_shipout_box 
                                                  \__shipout_drop_firstpage_...
l.136 
      ]

LaTeX Warning: File `/home/ipt/projetos/ClassificadorSismologico/arquivos/figur
as/pos_process/1.254008_boxplot_ev_distance_event.png' not found on input line 
140.


! Package pdftex.def Error: File `/home/ipt/projetos/ClassificadorSismologico/a
rquivos/figuras/pos_process/1.254008_boxplot_ev_distance_event.png' not found: 
using draft setting.

See the pdftex.def package documentation for explanation.
Type  H <return>  for immediate help.
 ...                                              
                                                  
l.140 ...s/1.254008_boxplot_ev_distance_event.png}
                                                  
? [20
pdfTeX warning (ext4): destination with the same identifier (name{figure.18}) h
as been already used, duplicate ignored
<argument> ...shipout:D \box_use:N \l_shipout_box 
                                                  \__shipout_drop_firstpage_...
l.144 
      ]

LaTeX Warning: File `/home/ipt/projetos/ClassificadorSismologico/arquivos/figur
as/pos_process/0.754008_boxplot_ev_distance_event.png' not found on input line 
148.


! Package pdftex.def Error: File `/home/ipt/projetos/ClassificadorSismologico/a
rquivos/figuras/pos_process/0.754008_boxplot_ev_distance_event.png' not found: 
using draft setting.

See the pdftex.def package documentation for explanation.
Type  H <return>  for immediate help.
 ...                                              
                                                  
l.148 ...s/0.754008_boxplot_ev_distance_event.png}
                                                  
? [21
pdfTeX warning (ext4): destination with the same identifier (name{figure.19}) h
as been already used, duplicate ignored
<argument> ...shipout:D \box_use:N \l_shipout_box 
                                                  \__shipout_drop_firstpage_...
l.152 
      ]

LaTeX Warning: File `/home/ipt/projetos/ClassificadorSismologico/arquivos/figur
as/pos_process/n_sta_recall_1.54008.png' not found on input line 156.


! Package pdftex.def Error: File `/home/ipt/projetos/ClassificadorSismologico/a
rquivos/figuras/pos_process/n_sta_recall_1.54008.png' not found: using draft se
tting.

See the pdftex.def package documentation for explanation.
Type  H <return>  for immediate help.
 ...                                              
                                                  
l.156 ...ras/pos_process/n_sta_recall_1.54008.png}
                                                  
? [22
pdfTeX warning (ext4): destination with the same identifier (name{figure.20}) h
as been already used, duplicate ignored
<argument> ...shipout:D \box_use:N \l_shipout_box 
                                                  \__shipout_drop_firstpage_...
l.160 
      ]

LaTeX Warning: File `/home/ipt/projetos/ClassificadorSismologico/arquivos/figur
as/pos_process/n_sta_recall_0.754008.png' not found on input line 164.


! Package pdftex.def Error: File `/home/ipt/projetos/ClassificadorSismologico/a
rquivos/figuras/pos_process/n_sta_recall_0.754008.png' not found: using draft s
etting.

See the pdftex.def package documentation for explanation.
Type  H <return>  for immediate help.
 ...                                              
                                                  
l.164 ...as/pos_process/n_sta_recall_0.754008.png}
                                                  
? [23
pdfTeX warning (ext4): destination with the same identifier (name{figure.21}) h
as been already used, duplicate ignored
<argument> ...shipout:D \box_use:N \l_shipout_box 
                                                  \__shipout_drop_firstpage_...
l.168 
      ]

LaTeX Warning: File `/home/ipt/projetos/ClassificadorSismologico/arquivos/figur
as/pos_process/dist_snrs_recall.png' not found on input line 172.


! Package pdftex.def Error: File `/home/ipt/projetos/ClassificadorSismologico/a
rquivos/figuras/pos_process/dist_snrs_recall.png' not found: using draft settin
g.

See the pdftex.def package documentation for explanation.
Type  H <return>  for immediate help.
 ...                                              
                                                  
l.172 ...figuras/pos_process/dist_snrs_recall.png}
                                                  
? 