
########################################################################
 ---------------- Iniciando do Pipeline --------------------------------

 -> Executando ProcessarDadosSismologicos.py...
Traceback (most recent call last):
  File "/home/ggrl/projetos/ClassificadorSismologico/source/Core/ProcessarDadosSismologicos.py", line 22, in <module>
    from BaixarFormaOnda import iterate_events
  File "/home/ggrl/projetos/ClassificadorSismologico/source/Core/BaixarFormaOnda.py", line 21, in <module>
    from utils import MSEED_DIR
  File "/home/ggrl/projetos/ClassificadorSismologico/source/Core/utils.py", line 31, in <module>
    from Core import Exporter
  File "/home/ggrl/projetos/ClassificadorSismologico/source/Core/Exporter.py", line 18, in <module>
    import utm
ModuleNotFoundError: No module named 'utm'
 ---------------- Iniciando o cria_pred.py ---------------------------- 
Traceback (most recent call last):
  File "/home/ggrl/projetos/ClassificadorSismologico/source/Core/Gerar_predcsv.py", line 3, in <module>
    from utils import MSEED_DIR
  File "/home/ggrl/projetos/ClassificadorSismologico/source/Core/utils.py", line 31, in <module>
    from Core import Exporter
  File "/home/ggrl/projetos/ClassificadorSismologico/source/Core/Exporter.py", line 18, in <module>
    import utm
ModuleNotFoundError: No module named 'utm'

 Criando arquivos de backup...
