
========================================================================
                       Iniciando do Pipeline                         
========================================================================

Argumentos recebidos:
  Catalogo: catalogo-moho.csv
  EVENTS: false
  TREATCATALOG: true
  PREDICT: true
  POSPROCESS: true
  MAPS: true
  REPORT: true
  TEST: false


 -------------- INICIANDO O TRATAMENTO -------------------- 
 Tratando catalogo-moho.csv...
 Args: Namespace(eventos='eventos.csv', csv='catalogo-moho.csv', ascending=True, map=False, test=True)
Testando...
Author
JROBERTO            775
MASSUMPCAO           41
CLEUSA               38
BRUNO                26
JROBERTO@VITORIA     18
UFRN                  5
UNB                   5
MBIANCHI              2
IAG;UNB               2
USGS                  1
IAG                   1
UNB;IAG               1
UFRN;UNB              1
Name: count, dtype: int64
           count  ...        std
Time         916  ...        NaN
Latitude   916.0  ...   7.494591
Longitude  916.0  ...  11.563982
Depth/km   916.0  ...  81.467533
Catalog      0.0  ...        NaN
Magnitude  916.0  ...   0.939193
Hora       916.0  ...   6.830241

[7 rows x 8 columns]
 ----------------- INICIANDO O PREDICT.PY ---------------------------- 
[{"success":true}]

 ---------------- INICIANDO DATA_ANALYSIS/POSPROCESS.PY ---------------------------- 
