
========================================================================
                       Iniciando do Pipeline                         
========================================================================

Argumentos recebidos:
  Catalogo: catalogo-moho.csv
  EVENTS: true
  TREATCATALOG: true
  PREDICT: true
  POSPROCESS: true
  MAPS: true
  REPORT: false
  TEST: true


 -------------- INICIANDO O TRATAMENTO -------------------- 
 Tratando catalogo-moho.csv...
/home/ipt/projetos/ClassificadorSismologico/fonte/analise_dados/pre_processa.py:101: FutureWarning: The geopandas.dataset module is deprecated and will be removed in GeoPandas 1.0. You can get the original 'naturalearth_lowres' data from https://www.naturalearthdata.com/downloads/110m-cultural-vectors/.
  world = gpd.read_file(get_path('naturalearth_lowres'))
/home/ipt/projetos/ClassificadorSismologico/fonte/analise_dados/pre_processa.py:176: UserWarning: set_ticklabels() should only be used with a fixed number of ticks, i.e. after set_ticks() or using a FixedLocator.
  ax.set_yticklabels(['{:,.0%}'.format(x) for x in ax.get_yticks()], fontsize=8)
/home/ipt/projetos/ClassificadorSismologico/fonte/analise_dados/pre_processa.py:176: UserWarning: set_ticklabels() should only be used with a fixed number of ticks, i.e. after set_ticks() or using a FixedLocator.
  ax.set_yticklabels(['{:,.0%}'.format(x) for x in ax.get_yticks()], fontsize=8)
/home/ipt/projetos/ClassificadorSismologico/fonte/analise_dados/pre_processa.py:221: UserWarning: Tight layout not applied. The bottom and top margins cannot be made large enough to accommodate all Axes decorations.
  plt.tight_layout()
/home/ipt/projetos/ClassificadorSismologico/fonte/analise_dados/pre_processa.py:221: UserWarning: The figure layout has changed to tight
  plt.tight_layout()
 Args: Namespace(eventos='eventos.csv', csv='catalogo-moho.csv', ascending=True, map=False, test=True)
Testando...
Author
JROBERTO                771
MASSUMPCAO               45
CLEUSA                   31
BRUNO                    24
JROBERTO@VITORIA         24
UFRN                      7
UNB                       6
UNB;IAG                   4
MBIANCHI                  3
IPT                       2
IAG                       1
BRUNO@MAVERICK.LOCAL      1
JROBERTO@TUBARAO          1
IAG;IPT                   1
UNB; IAG                  1
UNB;ISC                   1
UFRN;UNB                  1
Name: count, dtype: int64
           count  ...        std
Time         924  ...        NaN
Latitude   924.0  ...    7.46759
Longitude  924.0  ...   10.89649
Depth/km   924.0  ...  92.055753
Catalog      0.0  ...        NaN
Magnitude  924.0  ...   0.916194
Hora       924.0  ...   7.072983

[7 rows x 8 columns]
 Criando arquivos de backup...
 Arquivos de backup criados com sucesso!


 -> Executando fluxo_eventos.py...

Erro ao conectar com o servidor Seisarc.sismo.iag.usp.br: No FDSN services could be discovered at 'http://seisarc.sismo.iag.usp.br'. This could be due to a temporary service outage or an invalid FDSN service address.

 - Catálogo: catalogo-moho_treated.csv
Traceback (most recent call last):
  File "/home/ipt/projetos/ClassificadorSismologico/fonte/nucleo/fluxo_eventos.py", line 416, in <module>
    catalogo, missin_ids = main(EventIDs)
                           ^^^^^^^^^^^^^^
  File "/home/ipt/projetos/ClassificadorSismologico/fonte/nucleo/fluxo_eventos.py", line 361, in main
    print(f' --> Client:\n  {DATA_CLIENT.base_url}')
                             ^^^^^^^^^^^
UnboundLocalError: cannot access local variable 'DATA_CLIENT' where it is not associated with a value
