
========================================================================
                       Iniciando do Pipeline                         
========================================================================

 Criando arquivos de backup...
 Arquivos de backup criados com sucesso!

 -------------- INICIANDO O DATA_ANALYSIS/PREPROCESS.PY -------------------- 
Traceback (most recent call last):
  File "/home/ipt/projetos/ClassificadorSismologico/source/data_analysis/pre_process.py", line 114, in <module>
    df, df_com, df_nc = main()
                        ^^^^^^
  File "/home/ipt/projetos/ClassificadorSismologico/source/data_analysis/pre_process.py", line 108, in main
    gerar_predcsv()
  File "/home/ipt/projetos/ClassificadorSismologico/source/data_analysis/pre_process.py", line 28, in gerar_predcsv
    df_events = pd.read_csv(csv_events, sep=',')
                ^^^^^^^^^^^^^^^^^^^^^^^^^^^^^^^^
  File "/home/ipt/.pyenv/versions/sismologia/lib/python3.11/site-packages/pandas/io/parsers/readers.py", line 948, in read_csv
    return _read(filepath_or_buffer, kwds)
           ^^^^^^^^^^^^^^^^^^^^^^^^^^^^^^^
  File "/home/ipt/.pyenv/versions/sismologia/lib/python3.11/site-packages/pandas/io/parsers/readers.py", line 611, in _read
    parser = TextFileReader(filepath_or_buffer, **kwds)
             ^^^^^^^^^^^^^^^^^^^^^^^^^^^^^^^^^^^^^^^^^^
  File "/home/ipt/.pyenv/versions/sismologia/lib/python3.11/site-packages/pandas/io/parsers/readers.py", line 1448, in __init__
    self._engine = self._make_engine(f, self.engine)
                   ^^^^^^^^^^^^^^^^^^^^^^^^^^^^^^^^^
  File "/home/ipt/.pyenv/versions/sismologia/lib/python3.11/site-packages/pandas/io/parsers/readers.py", line 1705, in _make_engine
    self.handles = get_handle(
                   ^^^^^^^^^^^
  File "/home/ipt/.pyenv/versions/sismologia/lib/python3.11/site-packages/pandas/io/common.py", line 863, in get_handle
    handle = open(
             ^^^^^
FileNotFoundError: [Errno 2] No such file or directory: './files/events/events.csv'

 ----------------- INICIANDO O PREDICT.PY ---------------------------- 
[{"success":true}]

 ---------------- INICIANDO DATA_ANALYSIS/POSPROCESS.PY ---------------------------- 
Error: [Errno 2] No such file or directory: 'files/events/events.csv'
Loaded the most recent bkp file: events.csv.20240506131738
Do you want to continue? (y/n)Traceback (most recent call last):
  File "/home/ipt/projetos/ClassificadorSismologico/source/data_analysis/pos_process.py", line 820, in <module>
    df_nc, df_c, evs, df_nc_val, df_c_val, picks, dict_filt = main()
                                                              ^^^^^^
  File "/home/ipt/projetos/ClassificadorSismologico/source/data_analysis/pos_process.py", line 811, in main
    df_nc, df_c, evs, df_nc_val, df_c_val, picks, dict_filt = load_data()
    ^^^^^^^^^^^^^^^^^^^^^^^^^^^^^^^^^^^^^^^^^^^^^^^^^^^^^^^
TypeError: cannot unpack non-iterable NoneType object

 -------------- Processo de criação de mapas iniciado ------------------
 -> Executando make_maps.py...
Error returned from GMT API: GMT_MEMORY_ERROR (25)
Traceback (most recent call last):
  File "/home/ipt/projetos/ClassificadorSismologico/source/data_analysis/make_maps.py", line 13, in <module>
    import pygmt
  File "/home/ipt/.pyenv/versions/sismologia/lib/python3.11/site-packages/pygmt/__init__.py", line 29, in <module>
    with clib.Session() as lib:
  File "/home/ipt/.pyenv/versions/sismologia/lib/python3.11/site-packages/pygmt/clib/session.py", line 217, in __enter__
    self.create("pygmt-session")
  File "/home/ipt/.pyenv/versions/sismologia/lib/python3.11/site-packages/pygmt/clib/session.py", line 401, in create
    raise GMTCLibError(
pygmt.exceptions.GMTCLibError: Failed to create a GMT API session:


 ----------------- Iniciando o pdflatex .tex ---------------------------- 
/home/ipt/.pyenv/versions/sismologia/bin/python: can't open file '/home/ipt/projetos/ClassificadorSismologico/source/sismologia-ipt-latex/tex/relatorio_preditivo/python/figures.py': [Errno 2] No such file or directory
Traceback (most recent call last):
  File "/home/ipt/projetos/ClassificadorSismologico/source/sismologia-ipt-latex/tex/relatorio_preditivo/python/mapa.py", line 23, in <module>
    generate_map_latex("./relatorio/tex/mapa.tex")
  File "/home/ipt/projetos/ClassificadorSismologico/source/sismologia-ipt-latex/tex/relatorio_preditivo/python/mapa.py", line 18, in generate_map_latex
    with open(output_filename, "w") as output_file:
         ^^^^^^^^^^^^^^^^^^^^^^^^^^
FileNotFoundError: [Errno 2] No such file or directory: './relatorio/tex/mapa.tex'
~/projetos/ClassificadorSismologico/source/sismologia-ipt-latex ~/projetos/ClassificadorSismologico
This is pdfTeX, Version 3.141592653-2.6-1.40.24 (TeX Live 2022/Debian) (preloaded format=pdflatex)
 restricted \write18 enabled.
entering extended mode
(./relatorio_preditivo.tex
LaTeX2e <2022-11-01> patch level 1
L3 programming layer <2023-01-16> (./sismo_iptex.cls
Document Class: sismo_iptex 2024/04/23 Classe Sismologia IPT
(/usr/share/texlive/texmf-dist/tex/latex/base/article.cls
Document Class: article 2022/07/02 v1.4n Standard LaTeX document class
(/usr/share/texlive/texmf-dist/tex/latex/base/size12.clo))
(/usr/share/texlive/texmf-dist/tex/latex/mdframed/mdframed.sty
(/usr/share/texlive/texmf-dist/tex/latex/kvoptions/kvoptions.sty
(/usr/share/texlive/texmf-dist/tex/latex/graphics/keyval.sty)
(/usr/share/texlive/texmf-dist/tex/generic/ltxcmds/ltxcmds.sty)
(/usr/share/texlive/texmf-dist/tex/latex/kvsetkeys/kvsetkeys.sty))
(/usr/share/texlive/texmf-dist/tex/latex/l3packages/xparse/xparse.sty
(/usr/share/texlive/texmf-dist/tex/latex/l3kernel/expl3.sty
(/usr/share/texlive/texmf-dist/tex/latex/l3backend/l3backend-pdftex.def)))
(/usr/share/texlive/texmf-dist/tex/latex/etoolbox/etoolbox.sty)
(/usr/share/texlive/texmf-dist/tex/latex/zref/zref-abspage.sty
(/usr/share/texlive/texmf-dist/tex/latex/zref/zref-base.sty
(/usr/share/texlive/texmf-dist/tex/generic/infwarerr/infwarerr.sty)
(/usr/share/texlive/texmf-dist/tex/generic/kvdefinekeys/kvdefinekeys.sty)
(/usr/share/texlive/texmf-dist/tex/generic/pdftexcmds/pdftexcmds.sty
(/usr/share/texlive/texmf-dist/tex/generic/iftex/iftex.sty))
(/usr/share/texlive/texmf-dist/tex/generic/etexcmds/etexcmds.sty)
(/usr/share/texlive/texmf-dist/tex/latex/auxhook/auxhook.sty))
(/usr/share/texlive/texmf-dist/tex/latex/base/atbegshi-ltx.sty))
(/usr/share/texlive/texmf-dist/tex/latex/needspace/needspace.sty)
(/usr/share/texlive/texmf-dist/tex/latex/graphics/color.sty
(/usr/share/texlive/texmf-dist/tex/latex/graphics-cfg/color.cfg)
(/usr/share/texlive/texmf-dist/tex/latex/graphics-def/pdftex.def)
(/usr/share/texlive/texmf-dist/tex/latex/graphics/mathcolor.ltx))
(/usr/share/texlive/texmf-dist/tex/latex/mdframed/md-frame-0.mdf))
(/usr/share/texlive/texmf-dist/tex/latex/hyperref/hyperref.sty
(/usr/share/texlive/texmf-dist/tex/generic/pdfescape/pdfescape.sty)
(/usr/share/texlive/texmf-dist/tex/latex/hycolor/hycolor.sty)
(/usr/share/texlive/texmf-dist/tex/latex/letltxmacro/letltxmacro.sty)
(/usr/share/texlive/texmf-dist/tex/latex/hyperref/nameref.sty
(/usr/share/texlive/texmf-dist/tex/latex/refcount/refcount.sty)
(/usr/share/texlive/texmf-dist/tex/generic/gettitlestring/gettitlestring.sty))
(/usr/share/texlive/texmf-dist/tex/latex/hyperref/pd1enc.def)
(/usr/share/texlive/texmf-dist/tex/generic/intcalc/intcalc.sty)
(/usr/share/texlive/texmf-dist/tex/latex/hyperref/puenc.def)
(/usr/share/texlive/texmf-dist/tex/latex/url/url.sty)
(/usr/share/texlive/texmf-dist/tex/generic/bitset/bitset.sty
(/usr/share/texlive/texmf-dist/tex/generic/bigintcalc/bigintcalc.sty)))
(/usr/share/texlive/texmf-dist/tex/latex/hyperref/hpdftex.def
(/usr/share/texlive/texmf-dist/tex/latex/base/atveryend-ltx.sty)
(/usr/share/texlive/texmf-dist/tex/latex/rerunfilecheck/rerunfilecheck.sty
(/usr/share/texlive/texmf-dist/tex/generic/uniquecounter/uniquecounter.sty)))
(/usr/share/texlive/texmf-dist/tex/latex/base/inputenc.sty)
(/usr/share/texlive/texmf-dist/tex/latex/base/fontenc.sty)
(/usr/share/texlive/texmf-dist/tex/latex/mathtools/mathtools.sty
(/usr/share/texlive/texmf-dist/tex/latex/tools/calc.sty)
(/usr/share/texlive/texmf-dist/tex/latex/mathtools/mhsetup.sty)
(/usr/share/texlive/texmf-dist/tex/latex/amsmath/amsmath.sty
For additional information on amsmath, use the `?' option.
(/usr/share/texlive/texmf-dist/tex/latex/amsmath/amstext.sty
(/usr/share/texlive/texmf-dist/tex/latex/amsmath/amsgen.sty))
(/usr/share/texlive/texmf-dist/tex/latex/amsmath/amsbsy.sty)
(/usr/share/texlive/texmf-dist/tex/latex/amsmath/amsopn.sty)))
(/usr/share/texlive/texmf-dist/tex/latex/amscls/amsthm.sty)
(/usr/share/texlive/texmf-dist/tex/latex/amsfonts/amsfonts.sty)
(/usr/share/texlive/texmf-dist/tex/latex/amsfonts/amssymb.sty)
(/usr/share/texlive/texmf-dist/tex/latex/base/latexsym.sty)
(/usr/share/texlive/texmf-dist/tex/generic/mathabx/mathabx.sty
(/usr/share/texlive/texmf-dist/tex/generic/mathabx/mathabx.dcl))
(/usr/share/texlive/texmf-dist/tex/latex/graphics/graphicx.sty
(/usr/share/texlive/texmf-dist/tex/latex/graphics/graphics.sty
(/usr/share/texlive/texmf-dist/tex/latex/graphics/trig.sty)
(/usr/share/texlive/texmf-dist/tex/latex/graphics-cfg/graphics.cfg)))
(/usr/share/texlive/texmf-dist/tex/latex/psnfss/helvet.sty)
(/usr/share/texlive/texmf-dist/tex/latex/base/fancyhdr.sty)
(/usr/share/texlive/texmf-dist/tex/latex/tools/indentfirst.sty)
(/usr/share/texlive/texmf-dist/tex/latex/float/float.sty)
(/usr/share/texlive/texmf-dist/tex/latex/multirow/multirow.sty)
(/usr/share/texlive/texmf-dist/tex/latex/graphics/lscape.sty)
(/usr/share/texlive/texmf-dist/tex/latex/lastpage/lastpage.sty)
(/usr/share/texlive/texmf-dist/tex/latex/caption/caption.sty
(/usr/share/texlive/texmf-dist/tex/latex/caption/caption3.sty))
(/usr/share/texlive/texmf-dist/tex/latex/subfig/subfig.sty)
(/usr/share/texlive/texmf-dist/tex/latex/pdfpages/pdfpages.sty
(/usr/share/texlive/texmf-dist/tex/latex/base/ifthen.sty)
(/usr/share/texlive/texmf-dist/tex/latex/eso-pic/eso-pic.sty)
(/usr/share/texlive/texmf-dist/tex/latex/pdfpages/pppdftex.def))
(/usr/share/texlive/texmf-dist/tex/latex/setspace/setspace.sty)
(/usr/share/texlive/texmf-dist/tex/latex/changepage/changepage.sty)
(/usr/share/texlive/texmf-dist/tex/latex/tocloft/tocloft.sty)
(/usr/share/texlive/texmf-dist/tex/latex/lipsum/lipsum.sty
(/usr/share/texlive/texmf-dist/tex/latex/l3packages/l3keys2e/l3keys2e.sty)
(/usr/share/texlive/texmf-dist/tex/latex/lipsum/lipsum.ltd.tex))
(/usr/share/texlive/texmf-dist/tex/latex/sectsty/sectsty.sty

LaTeX Warning: Command \underbar  has changed.
               Check if current package is valid.


LaTeX Warning: Command \underline  has changed.
               Check if current package is valid.

) (/usr/share/texlive/texmf-dist/tex/latex/base/textcomp.sty)
(/usr/share/texlive/texmf-dist/tex/latex/booktabs/booktabs.sty)
(/usr/share/texlive/texmf-dist/tex/latex/stmaryrd/stmaryrd.sty)
(/usr/share/texlive/texmf-dist/tex/latex/siunitx/siunitx.sty
(/usr/share/texlive/texmf-dist/tex/latex/translations/translations.sty)
(/usr/share/texlive/texmf-dist/tex/latex/tools/array.sty))
(/usr/share/texlive/texmf-dist/tex/latex/was/upgreek.sty)
(/usr/share/texlive/texmf-dist/tex/latex/xcolor/xcolor.sty
(/usr/share/texlive/texmf-dist/tex/latex/graphics-cfg/color.cfg)
(/usr/share/texlive/texmf-dist/tex/latex/colortbl/colortbl.sty)
(/usr/share/texlive/texmf-dist/tex/latex/graphics/mathcolor.ltx))
(/usr/share/texlive/texmf-dist/tex/latex/tools/tabularx.sty)
(/usr/share/texlive/texmf-dist/tex/latex/enumitem/enumitem.sty)
(/usr/share/texlive/texmf-dist/tex/latex/geometry/geometry.sty
(/usr/share/texlive/texmf-dist/tex/generic/iftex/ifvtex.sty))
(/usr/share/texlive/texmf-dist/tex/latex/capt-of/capt-of.sty

! LaTeX Error: Command \captionof already defined.
               Or name \end... illegal, see p.192 of the manual.

See the LaTeX manual or LaTeX Companion for explanation.
Type  H <return>  for immediate help.
 ...                                              
                                                  
l.30 ...nd\captionof[1]{\def\@captype{#1}\caption}
                                                  
? 