
========================================================================
                       Iniciando do Pipeline                         
========================================================================

Argumentos recebidos:
  Catalogo: catalogo-moho.csv
  EVENTS: false
  TREATCATALOG: true
  PREDICT: false
  POSPROCESS: false
  MAPS: false
  REPORT: false
  TEST: false


 -------------- INICIANDO O TRATAMENTO -------------------- 
 Tratando catalogo-moho.csv...
plot [WARNING]: 0.15+b not a valid number and may not be decoded properly.
plot [WARNING]: 0.15+b not a valid number and may not be decoded properly.
 Args: Namespace(eventos='eventos.csv', csv='catalogo-moho.csv', ascending=True, map=True, test=False)
 Catálogo tratado com 2782 eventos
 Hora
0      92
1     109
2     144
3     113
4     115
5     121
6     127
7     108
8      86
9     107
10     78
11     89
12     80
13     88
14    160
15    147
16    118
17    119
18    130
19    167
20    176
21    124
22     81
23    103
Name: count, dtype: int64 - jan de 2010 à mai de 2024
 Catálogo bruto com 10172 eventos
 Hora
0     471
1     413
2     472
3     474
4     454
5     494
6     469
7     488
8     404
9     415
10    358
11    359
12    365
13    376
14    446
15    425
16    392
17    400
18    415
19    433
20    476
21    410
22    359
23    404
Name: count, dtype: int64 - fev de 1903 à mai de 2024
Plotando mapa...
Salvando mapa...
Salvando mapa...
========================================================================
                        Fim do Pipeline                                 
========================================================================

~/projetos/ClassificadorSismologico
