
========================================================================
                       Iniciando do Pipeline                         
========================================================================

Argumentos recebidos:
  Catalogo: catalogo-moho.csv
  EVENTS: true
  TREATCATALOG: true
  PREDICT: true
  POSPROCESS: true
  MAPS: true
  REPORT: false
  TEST: true


 -------------- INICIANDO O TRATAMENTO -------------------- 
 Tratando catalogo-moho.csv...
 Args: Namespace(eventos='eventos.csv', csv='catalogo-moho.csv', ascending=True, map=False, test=True)
Testando...
Traceback (most recent call last):
  File "/home/ipt/projetos/ClassificadorSismologico/fonte/analise_dados/pre_processa.py", line 457, in <module>
    catalogo = main()
               ^^^^^^
  File "/home/ipt/projetos/ClassificadorSismologico/fonte/analise_dados/pre_processa.py", line 415, in main
    catalogo_r = random.sample(sorted(catalogo_r), 500)
                 ^^^^^^^^^^^^^^^^^^^^^^^^^^^^^^^^^^^^^^
  File "/home/ipt/.pyenv/versions/3.11.9/lib/python3.11/random.py", line 456, in sample
    raise ValueError("Sample larger than population or is negative")
ValueError: Sample larger than population or is negative
