
========================================================================
                       Iniciando do Pipeline                         
========================================================================


 -------------- INICIANDO O TRATAMENTO -------------------- 
 Tratando Catalog.csv...

 Criando arquivos de backup...
 Arquivos de backup criados com sucesso!

 -> Executando fluxo_eventos.py...

 - Argumento 1: Catalog.csv
 --> Client:
  http://seisarc.sismo.iag.usp.br
 --> Client Backup:
  http://rsbr.on.br:8081/fdsnws/dataselect/1
-----------------------------------------------------


 --------- Iniciando o ProcessarID.py --------- 
 ------------------------------ Acessando Catálogo ------------------------------ 
 - Primeiro ID: usp2024irzo
Traceback (most recent call last):
  File "/home/ggrl/projetos/ClassificadorSismologico/fonte/nucleo/fluxo_eventos.py", line 414, in <module>
    catalogo, missin_ids = main(
                           ^^^^^
  File "/home/ggrl/projetos/ClassificadorSismologico/fonte/nucleo/fluxo_eventos.py", line 359, in main
    print(f' - ID mediano: {IDs[len(IDs)/2]}')
                            ~~~^^^^^^^^^^^^
TypeError: list indices must be integers or slices, not float

========================================================================
                        Fim do Pipeline                                 
========================================================================

