
========================================================================
                       Iniciando do Pipeline                         
========================================================================


 -------------- INICIANDO O TRATAMENTO -------------------- 
 Tratando Catalog.csv...

 Criando arquivos de backup...
 Arquivos de backup criados com sucesso!

 -> Executando fluxo_eventos.py...

 - Argumento 1: Catalog.csv
Traceback (most recent call last):
  File "/home/ggrl/projetos/ClassificadorSismologico/fonte/nucleo/fluxo_eventos.py", line 404, in <module>
    IDs = csv2list(sys.argv[1], data=None) # ANO MAIS ANTIGO
          ^^^^^^^^^^^^^^^^^^^^^^^^^^^^^^^^
  File "/home/ggrl/projetos/ClassificadorSismologico/fonte/nucleo/utils.py", line 90, in csv2list
    with open(csv_file, 'r') as f:
         ^^^^^^^^^^^^^^^^^^^
FileNotFoundError: [Errno 2] No such file or directory: 'Catalog.csv'

========================================================================
                        Fim do Pipeline                                 
========================================================================

