
========================================================================
                       Iniciando do Pipeline                         
========================================================================

 Criando arquivos de backup...
 Arquivos de backup criados com sucesso!


 -------------- INICIANDO O TRATAMENTO -------------------- 
 Tratando catalogo-moho.csv...

 -> Executando fluxo_eventos.py...

 - Catálogo: catalogo-moho_treated.csv
 --> Client:
  http://seisarc.sismo.iag.usp.br
 --> Client Backup:
  http://rsbr.on.br:8081/fdsnws/dataselect/1
-----------------------------------------------------

 --------- INICIANDO FLUXO DE EVENTOS  --------- 

 ------------------------------ ACESSANDO CATÁLOGO ------------------------------ 
 - Primeiro EventID: usp2024jjlx,2024-05-13 06:03:09.016978,-29.206554,-51.149609,0.0,bruno,,USP,usp2024jjlx,mR,2.156987885,bruno,Caxias do Sul/RS,earthquake,POINT (-51.149609 -29.206554)

 - EventID mediano: usp2024fdvr,2024-03-14 06:01:59.140000,-20.0025,-48.786667,0.0,marcelo,,USP,usp2024fdvr,mR,2.678168376,marcelo,Frutal/MG,earthquake,POINT (-48.786667 -20.0025)

 - Último EventID: usp2024btkh,2024-01-25 20:19:35.898181,-14.604976,-38.654842,0.0,jroberto,,USP,usp2024btkh,mR,2.855722997,jroberto,Margem Continental/BA,earthquake,POINT (-38.654842 -14.604976)

  0%|          | 0/50 [00:00<?, ?it/s] 10%|█         | 5/50 [00:00<00:01, 40.60it/s] 20%|██        | 10/50 [00:00<00:00, 40.24it/s] 32%|███▏      | 16/50 [00:00<00:00, 47.76it/s] 42%|████▏     | 21/50 [00:00<00:00, 31.01it/s] Catalogo USP não encontrado. Tentando no servidor da RSBR.
 ------------------------------ Sem dados ------------------------------ 
EventID usp2024jjlx,2024-05-13 06:03:09.016978,-29.206554,-51.149609,0.0,bruno,,USP,usp2024jjlx,mR,2.156987885,bruno,Caxias do Sul/RS,earthquake,POINT (-51.149609 -29.206554)
 não encontrado.
 Catalogo USP não encontrado. Tentando no servidor da RSBR.
 ------------------------------ Sem dados ------------------------------ 
EventID usp2024jjlt,2024-05-13 05:58:46.933918,-29.283436,-51.148678,0.0,bruno,,USP,usp2024jjlt,mR,2.18543899,bruno,Caxias do Sul/RS,earthquake,POINT (-51.148678 -29.283436)
 não encontrado.
 Catalogo USP não encontrado. Tentando no servidor da RSBR.
 ------------------------------ Sem dados ------------------------------ 
EventID usp2024jjlb,2024-05-13 05:37:48.251290,-29.01688,-51.519806,0.0,bruno,,USP,usp2024jjlb,mR,2.177019139,bruno,Veranopolis/RS,earthquake,POINT (-51.519806 -29.01688)
 não encontrado.
 Catalogo USP não encontrado. Tentando no servidor da RSBR.
 ------------------------------ Sem dados ------------------------------ 
EventID usp2024jjjl,2024-05-13 04:48:43.054289,-29.066027,-51.559978,0.0,bruno,,USP,usp2024jjjl,mR,2.391399892,bruno,Bento Goncalves/RS,earthquake,POINT (-51.559978 -29.066027)
 não encontrado.
 Catalogo USP não encontrado. Tentando no servidor da RSBR.
 ------------------------------ Sem dados ------------------------------ 
EventID usp2024ivqc,2024-05-05 16:16:23.000000,2.65,-59.56,0.0,marcelo,,USP,usp2024ivqc,MLv,2.589816082,marcelo,Guyana,earthquake,POINT (-59.56 2.65)
 não encontrado.
 Catalogo USP não encontrado. Tentando no servidor da RSBR.
 ------------------------------ Sem dados ------------------------------ 
EventID usp2024iutb,2024-05-05 04:38:19.959065,-13.43602,-71.392662,10.0,cleusa,,USP,usp2024iutb,mb,5.038775577,cleusa,Central Peru,earthquake,POINT (-71.392662 -13.43602)
 não encontrado.
 Catalogo USP não encontrado. Tentando no servidor da RSBR.
 ------------------------------ Sem dados ------------------------------ 
EventID usp2024irzo,2024-05-03 16:30:44.170000,-19.5905,-44.086667,0.0,marcelo,,USP,usp2024irzo,MLv,2.54839941,marcelo,Matozinhos/MG,earthquake,POINT (-44.086667 -19.5905)
 não encontrado.
 Catalogo USP não encontrado. Tentando no servidor da RSBR.
 ------------------------------ Sem dados ------------------------------ 
EventID usp2024irax,2024-05-03 04:03:42.679999,-5.806333,-50.481833,0.0,marcelo,,USP,usp2024irax,mR,3.297973154,marcelo,Parauapebas/PA,earthquake,POINT (-50.481833 -5.806333)
 não encontrado.
 Catalogo USP não encontrado. Tentando no servidor da RSBR.
 ------------------------------ Sem dados ------------------------------ 
EventID usp2024inou,2024-05-01 06:31:59.533132,-19.526876,-43.925129,0.0,jroberto,,USP,usp2024inou,mR,1.638432103,jroberto,Lagoa Santa/MG,earthquake,POINT (-43.925129 -19.526876)
 não encontrado.
 Catalogo USP não encontrado. Tentando no servidor da RSBR.
 ------------------------------ Sem dados ------------------------------ 
EventID usp2024inlh,2024-05-01 04:45:09.432007,-2.773188,-40.915478,0.0,jroberto,,USP,usp2024inlh,mR,2.010433801,jroberto,Camocim/CE,earthquake,POINT (-40.915478 -2.773188)
 não encontrado.
 Catalogo USP não encontrado. Tentando no servidor da RSBR.
 ------------------------------ Sem dados ------------------------------ 
EventID usp2024inhw,2024-05-01 03:01:09.946180,-2.791447,-40.904621,0.0,jroberto,,USP,usp2024inhw,mR,2.431251489,jroberto,Camocim/CE,earthquake,POINT (-40.904621 -2.791447)
 não encontrado.
 Catalogo USP não encontrado. Tentando no servidor da RSBR.
 ------------------------------ Sem dados ------------------------------ 
EventID usp2024imam,2024-04-30 10:09:23.900989,-13.55718,-71.363014,93.0,cleusa,,USP,usp2024imam,mb,4.845293258,cleusa,Central Peru,earthquake,POINT (-71.363014 -13.55718)
 não encontrado.
 Catalogo USP não encontrado. Tentando no servidor da RSBR.
 ------------------------------ Sem dados ------------------------------ 
EventID usp2024icsd,2024-04-25 07:43:08.947402,-11.92133,-71.921234,10.0,jroberto,,USP,usp2024icsd,mb,4.215590862,jroberto,Central Peru,earthquake,POINT (-71.921234 -11.92133)
 não encontrado.
 Catalogo USP não encontrado. Tentando no servidor da RSBR.
 ------------------------------ Sem dados ------------------------------ 
EventID usp2024iavj,2024-04-24 07:04:42.820000,-12.858167,-52.110167,0.0,marcelo,,USP,usp2024iavj,mR,3.164180377,marcelo,Ribeirao Cascalheira/MT,earthquake,POINT (-52.110167 -12.858167)
 não encontrado.
 Catalogo USP não encontrado. Tentando no servidor da RSBR.
 ------------------------------ Sem dados ------------------------------ 
EventID usp2024hxyq,2024-04-22 17:19:45.740000,-19.653667,-43.806667,0.0,marcelo,,USP,usp2024hxyq,mR,2.780063978,marcelo,Lagoa Santa/MG,earthquake,POINT (-43.806667 -19.653667)
 não encontrado.
 Catalogo USP não encontrado. Tentando no servidor da RSBR.
 ------------------------------ Sem dados ------------------------------ 
EventID usp2024hkcw,2024-04-15 03:33:54.810000,-19.528167,-44.063167,0.0,marcelo,,USP,usp2024hkcw,mR,1.942907082,marcelo,Matozinhos/MG,earthquake,POINT (-44.063167 -19.528167)
 não encontrado.
 Catalogo USP não encontrado. Tentando no servidor da RSBR.
 ------------------------------ Sem dados ------------------------------ 
EventID usp2024hdrj,2024-04-11 14:56:09.736649,-20.403524,-45.614407,0.0,jroberto,,USP,usp2024hdrj,mR,2.829316768,jroberto,Pains/MG,earthquake,POINT (-45.614407 -20.403524)
 não encontrado.
 Catalogo USP não encontrado. Tentando no servidor da RSBR.
 ------------------------------ Sem dados ------------------------------ 
EventID usp2024gwfi,2024-04-07 12:53:30.526598,-20.001778,-48.746529,0.0,jroberto,,USP,usp2024gwfi,mR,2.580606343,jroberto,Frutal/MG,earthquake,POINT (-48.746529 -20.001778)
 não encontrado.
 Catalogo USP não encontrado. Tentando no servidor da RSBR.
 ------------------------------ Sem dados ------------------------------ 
EventID usp2024gvxw,2024-04-07 09:10:08.449999,-19.5075,-44.256667,0.0,marcelo,,USP,usp2024gvxw,mR,1.756631475,marcelo,Reg. de Sete Lagoas/MG,earthquake,POINT (-44.256667 -19.5075)
 não encontrado.
 Catalogo USP não encontrado. Tentando no servidor da RSBR.
 ------------------------------ Sem dados ------------------------------ 
EventID usp2024gnqw,2024-04-02 20:30:43.486572,-29.774883,-51.05825,0.0,bruno,,USP,usp2024gnqw,mR,2.122416646,bruno,Sao Leopoldo/RS,earthquake,POINT (-51.05825 -29.774883)
 não encontrado.
 Catalogo USP não encontrado. Tentando no servidor da RSBR.
 ------------------------------ Sem dados ------------------------------ 
EventID usp2024gddh,2024-03-28 02:16:41.854985,-20.013845,-48.739967,0.0,cleusa,,USP,usp2024gddh,mR,2.379672922,cleusa,Frutal/MG,earthquake,POINT (-48.739967 -20.013845)
 não encontrado.
 Catalogo USP não encontrado. Tentando no servidor da RSBR.
 ------------------------------ Sem dados ------------------------------ 
EventID usp2024gdda,2024-03-28 02:09:23.888820,-20.01383,-48.788769,0.0,cleusa,,USP,usp2024gdda,mR,2.573439944,cleusa,Frutal/MG,earthquake,POINT (-48.788769 -20.01383)
 não encontrado.
 Catalogo USP não encontrado. Tentando no servidor da RSBR.
 ------------------------------ Sem dados ------------------------------ 
EventID usp2024gcfo,2024-03-27 14:16:13.255037,-8.545312,-72.573738,12.0,cleusa,,USP,usp2024gcfo,mb,4.972154046,cleusa,Peru-Brazil Border Region,earthquake,POINT (-72.573738 -8.545312)
 não encontrado.
 Catalogo USP não encontrado. Tentando no servidor da RSBR.
 ------------------------------ Sem dados ------------------------------ 
EventID usp2024gaxb,2024-03-26 20:51:53.155307,-19.660812,-47.891453,0.0,jroberto,,USP,usp2024gaxb,mR,2.097029106,jroberto,Uberaba/MG,earthquake,POINT (-47.891453 -19.660812)
 não encontrado.
 Catalogo USP não encontrado. Tentando no servidor da RSBR.
 ------------------------------ Sem dados ------------------------------ 
EventID usp2024feuf,2024-03-14 18:26:11.855971,-19.476217,-47.705761,0.0,jroberto,,USP,usp2024feuf,mR,2.592517891,jroberto,Nova Ponte/MG,earthquake,POINT (-47.705761 -19.476217)
 não encontrado.
 54%|█████▍    | 27/50 [00:00<00:00, 37.60it/s] 68%|██████▊   | 34/50 [00:00<00:00, 44.55it/s] 82%|████████▏ | 41/50 [00:00<00:00, 50.27it/s] 94%|█████████▍| 47/50 [00:01<00:00, 48.78it/s] Catalogo USP não encontrado. Tentando no servidor da RSBR.
 ------------------------------ Sem dados ------------------------------ 
EventID usp2024fdvr,2024-03-14 06:01:59.140000,-20.0025,-48.786667,0.0,marcelo,,USP,usp2024fdvr,mR,2.678168376,marcelo,Frutal/MG,earthquake,POINT (-48.786667 -20.0025)
 não encontrado.
 Catalogo USP não encontrado. Tentando no servidor da RSBR.
 ------------------------------ Sem dados ------------------------------ 
EventID usp2024emkb,2024-03-04 16:51:17.510000,-19.525167,-44.223667,0.0,marcelo,,USP,usp2024emkb,mR,2.287295943,marcelo,Sete Lagoas/MG,earthquake,POINT (-44.223667 -19.525167)
 não encontrado.
 Catalogo USP não encontrado. Tentando no servidor da RSBR.
 ------------------------------ Sem dados ------------------------------ 
EventID usp2024eite,2024-03-02 16:54:42.479999,-19.412667,-44.296833,0.0,marcelo,,USP,usp2024eite,mR,2.717841097,marcelo,Sete Lagoas/MG,earthquake,POINT (-44.296833 -19.412667)
 não encontrado.
 Catalogo USP não encontrado. Tentando no servidor da RSBR.
 ------------------------------ Sem dados ------------------------------ 
EventID usp2024efer,2024-02-29 18:10:36.472515,-10.289637,-56.615166,0.0,jroberto,,USP,usp2024efer,MLv,2.644839305,jroberto,Tabapora/MT,earthquake,POINT (-56.615166 -10.289637)
 não encontrado.
 Catalogo USP não encontrado. Tentando no servidor da RSBR.
 ------------------------------ Sem dados ------------------------------ 
EventID usp2024dyve,2024-02-26 06:34:40.071637,-20.901564,-48.618107,0.0,jroberto,,USP,usp2024dyve,MLv,1.858042018,jroberto,Monte Azul Paulista/SP,earthquake,POINT (-48.618107 -20.901564)
 não encontrado.
 Catalogo USP não encontrado. Tentando no servidor da RSBR.
 ------------------------------ Sem dados ------------------------------ 
EventID usp2024dyhr,2024-02-25 23:44:31.917253,-20.007149,-48.783352,0.0,jroberto,,USP,usp2024dyhr,mR,2.102924911,jroberto,Frutal/MG,earthquake,POINT (-48.783352 -20.007149)
 não encontrado.
 Catalogo USP não encontrado. Tentando no servidor da RSBR.
 ------------------------------ Sem dados ------------------------------ 
EventID usp2024dxus,2024-02-25 17:12:10.595783,-21.034334,-48.646648,0.0,jroberto,,USP,usp2024dxus,MLv,1.35116125,jroberto,Frutal/MG,earthquake,POINT (-48.646648 -21.034334)
 não encontrado.
 Catalogo USP não encontrado. Tentando no servidor da RSBR.
 ------------------------------ Sem dados ------------------------------ 
EventID usp2024duej,2024-02-23 17:32:28.894584,-20.001232,-48.789135,0.0,jroberto,,USP,usp2024duej,mR,2.510931748,jroberto,Frutal/MG,earthquake,POINT (-48.789135 -20.001232)
 não encontrado.
 Catalogo USP não encontrado. Tentando no servidor da RSBR.
 ------------------------------ Sem dados ------------------------------ 
EventID usp2024dtop,2024-02-23 09:33:48.464197,-14.923858,-52.939541,0.0,jroberto,,USP,usp2024dtop,mR,2.701124354,jroberto,Novo Sao Joaquim/MT,earthquake,POINT (-52.939541 -14.923858)
 não encontrado.
 Catalogo USP não encontrado. Tentando no servidor da RSBR.
 ------------------------------ Sem dados ------------------------------ 
EventID usp2024dnyp,2024-02-20 07:48:41.519711,-13.613049,-49.651703,0.0,jroberto,,USP,usp2024dnyp,mR,2.9422201,jroberto,Bonopolis/GO,earthquake,POINT (-49.651703 -13.613049)
 não encontrado.
 Catalogo USP não encontrado. Tentando no servidor da RSBR.
 ------------------------------ Sem dados ------------------------------ 
EventID usp2024dadj,2024-02-12 18:18:14.979331,-17.011255,-46.848301,0.0,jroberto,,USP,usp2024dadj,mR,2.621127907,jroberto,Paracatu/MG,earthquake,POINT (-46.848301 -17.011255)
 não encontrado.
 Catalogo USP não encontrado. Tentando no servidor da RSBR.
 ------------------------------ Sem dados ------------------------------ 
EventID usp2024cypp,2024-02-11 22:13:02.887000,-20.012907,-48.844677,0.0,jroberto,,USP,usp2024cypp,mR,2.184808073,jroberto,Frutal/MG,earthquake,POINT (-48.844677 -20.012907)
 não encontrado.
 Catalogo USP não encontrado. Tentando no servidor da RSBR.
 ------------------------------ Sem dados ------------------------------ 
EventID usp2024cxhs,2024-02-11 05:05:51.864122,-12.973584,-39.584763,0.0,bruno,,USP,usp2024cxhs,mR,2.668086608,bruno,Amargosa/BA,earthquake,POINT (-39.584763 -12.973584)
 não encontrado.
 Catalogo USP não encontrado. Tentando no servidor da RSBR.
 ------------------------------ Sem dados ------------------------------ 
EventID usp2024cwfw,2024-02-10 15:02:09.886531,-16.131454,-47.222137,0.0,jroberto,,USP,usp2024cwfw,mR,2.341980463,jroberto,Cabeceira Grande/MG,earthquake,POINT (-47.222137 -16.131454)
 não encontrado.
 Catalogo USP não encontrado. Tentando no servidor da RSBR.
 ------------------------------ Sem dados ------------------------------ 
EventID usp2024cuux,2024-02-09 20:20:51.979009,-13.611047,-40.668724,0.0,jroberto,,USP,usp2024cuux,mR,2.279396225,jroberto,Maracas/BA,earthquake,POINT (-40.668724 -13.611047)
 não encontrado.
 Catalogo USP não encontrado. Tentando no servidor da RSBR.
 ------------------------------ Sem dados ------------------------------ 
EventID usp2024cpeh,2024-02-06 18:16:58.160439,-14.264158,-39.819138,0.0,jroberto,,USP,usp2024cpeh,mR,2.313058186,jroberto,Itagiba/BA,earthquake,POINT (-39.819138 -14.264158)
 não encontrado.
 Catalogo USP não encontrado. Tentando no servidor da RSBR.
 ------------------------------ Sem dados ------------------------------ 
EventID usp2024ckwu,2024-02-04 09:56:50.899161,-20.047062,-48.89082,0.0,jroberto,,USP,usp2024ckwu,mR,2.06526827,jroberto,Frutal/MG,earthquake,POINT (-48.89082 -20.047062)
 não encontrado.
 Catalogo USP não encontrado. Tentando no servidor da RSBR.
 ------------------------------ Sem dados ------------------------------ 
EventID usp2024chaj,2024-02-02 07:12:45.474710,-19.060633,-47.393284,0.0,jroberto,,USP,usp2024chaj,MLv,2.071983045,jroberto,Irai de Minas/MG,earthquake,POINT (-47.393284 -19.060633)
 não encontrado.
 Catalogo USP não encontrado. Tentando no servidor da RSBR.
 ------------------------------ Sem dados ------------------------------ 
EventID usp2024cgyk,2024-02-02 06:12:37.906624,-19.994328,-48.786629,0.0,jroberto,,USP,usp2024cgyk,mR,2.063511759,jroberto,Frutal/MG,earthquake,POINT (-48.786629 -19.994328)
 não encontrado.
 Catalogo USP não encontrado. Tentando no servidor da RSBR.
 ------------------------------ Sem dados ------------------------------ 
EventID usp2024cfxj,2024-02-01 16:33:09.782793,-10.565859,-40.480911,0.0,jroberto,,USP,usp2024cfxj,mR,2.44479823,jroberto,Campo Formoso/BA,earthquake,POINT (-40.480911 -10.565859)
 não encontrado.
 Catalogo USP não encontrado. Tentando no servidor da RSBR.
 ------------------------------ Sem dados ------------------------------ 
EventID usp2024cehb,2024-01-31 19:11:14.866993,-19.045553,-47.578106,0.0,jroberto,,USP,usp2024cehb,mR,2.612014956,jroberto,Irai de Minas/MG,earthquake,POINT (-47.578106 -19.045553)
 não encontrado.
 Catalogo USP não encontrado. Tentando no servidor da RSBR.
 ------------------------------ Sem dados ------------------------------ 
EventID usp2024cbde,2024-01-30 01:48:53.031940,-23.32666,-45.671806,0.0,bruno,,USP,usp2024cbde,mR,2.32854282,bruno,Paraibuna/SP,earthquake,POINT (-45.671806 -23.32666)
 não encontrado.
 Catalogo USP não encontrado. Tentando no servidor da RSBR.
 ------------------------------ Sem dados ------------------------------ 
EventID usp2024carh,2024-01-29 19:48:05.798633,-9.381844,-35.907852,0.0,jroberto,,USP,usp2024carh,mR,2.270587219,jroberto,Messias/AL,earthquake,POINT (-35.907852 -9.381844)
 não encontrado.
 Catalogo USP não encontrado. Tentando no servidor da RSBR.
 ------------------------------ Sem dados ------------------------------ 
EventID usp2024bxfv,2024-01-27 22:35:58.937311,-20.01206,-48.855469,0.0,jroberto,,USP,usp2024bxfv,mR,2.136080906,jroberto,Frutal/MG,earthquake,POINT (-48.855469 -20.01206)
 não encontrado.
 Catalogo USP não encontrado. Tentando no servidor da RSBR.
 ------------------------------ Sem dados ------------------------------ 
100%|██████████| 50/50 [00:01<00:00, 44.95it/s]
EventID usp2024btkh,2024-01-25 20:19:35.898181,-14.604976,-38.654842,0.0,jroberto,,USP,usp2024btkh,mR,2.855722997,jroberto,Margem Continental/BA,earthquake,POINT (-38.654842 -14.604976)
 não encontrado.
 --> Iterando sobre eventos
 - Número de eventos: 0
 - Client: http://seisarc.sismo.iag.usp.br
 - Client Backup: http://rsbr.on.br:8081/fdsnws/dataselect/1
 --> Adrquirindo Inventário de Estações
0it [00:00, ?it/s]0it [00:00, ?it/s]
Dados salvos com sucesso em arquivos/eventos/eventos.csv
Erros salvos com sucesso em arquivos/eventos/erros.csv

========================================================================
                        Fim do Pipeline                                 
========================================================================

~/projetos/ClassificadorSismologico
