
========================================================================
                       Iniciando do Pipeline                         
========================================================================

 Criando arquivos de backup...
 Arquivos de backup criados com sucesso!

 -------------- INICIANDO O DATA_ANALYSIS/PREPROCESS.PY -------------------- 
Traceback (most recent call last):
  File "/home/ipt/projetos/ClassificadorSismologico/source/data_analysis/pre_process.py", line 114, in <module>
    df, df_com, df_nc = main()
                        ^^^^^^
  File "/home/ipt/projetos/ClassificadorSismologico/source/data_analysis/pre_process.py", line 108, in main
    gerar_predcsv()
  File "/home/ipt/projetos/ClassificadorSismologico/source/data_analysis/pre_process.py", line 28, in gerar_predcsv
    df_events = pd.read_csv(csv_events, sep=',')
                ^^^^^^^^^^^^^^^^^^^^^^^^^^^^^^^^
  File "/home/ipt/.pyenv/versions/sismologia/lib/python3.11/site-packages/pandas/io/parsers/readers.py", line 948, in read_csv
    return _read(filepath_or_buffer, kwds)
           ^^^^^^^^^^^^^^^^^^^^^^^^^^^^^^^
  File "/home/ipt/.pyenv/versions/sismologia/lib/python3.11/site-packages/pandas/io/parsers/readers.py", line 611, in _read
    parser = TextFileReader(filepath_or_buffer, **kwds)
             ^^^^^^^^^^^^^^^^^^^^^^^^^^^^^^^^^^^^^^^^^^
  File "/home/ipt/.pyenv/versions/sismologia/lib/python3.11/site-packages/pandas/io/parsers/readers.py", line 1448, in __init__
    self._engine = self._make_engine(f, self.engine)
                   ^^^^^^^^^^^^^^^^^^^^^^^^^^^^^^^^^
  File "/home/ipt/.pyenv/versions/sismologia/lib/python3.11/site-packages/pandas/io/parsers/readers.py", line 1705, in _make_engine
    self.handles = get_handle(
                   ^^^^^^^^^^^
  File "/home/ipt/.pyenv/versions/sismologia/lib/python3.11/site-packages/pandas/io/common.py", line 863, in get_handle
    handle = open(
             ^^^^^
FileNotFoundError: [Errno 2] No such file or directory: './files/events/events.csv'

 ----------------- INICIANDO O PREDICT.PY ---------------------------- 
[{"success":true}]

 ---------------- INICIANDO DATA_ANALYSIS/POSPROCESS.PY ---------------------------- 
Error: [Errno 2] No such file or directory: 'files/events/events.csv'
Loaded the most recent bkp file: events.csv.20240506131738
Do you want to continue? (y/n)0it [00:00, ?it/s]1it [00:00,  5.46it/s]