
========================================================================
                       Iniciando do Pipeline                         
========================================================================

Argumentos recebidos:
  Catalogo: catalogo-moho.csv
  EVENTS: false
  TREATCATALOG: true
  PREDICT: false
  POSPROCESS: false
  MAPS: true
  REPORT: true
  TEST: false


 -------------- INICIANDO O TRATAMENTO -------------------- 
 Tratando catalogo-moho.csv...
 Args: Namespace(eventos='eventos.csv', csv='catalogo-moho.csv', ascending=True, map=True, test=False)
Author
JROBERTO                 2326
MASSUMPCAO                140
CLEUSA                    104
BRUNO                      78
JROBERTO@VITORIA           64
UNB                        18
UFRN                       15
MBIANCHI                    5
UNB;IAG                     5
IAG                         5
IAG;IPT                     3
IAG;UNB                     3
USGS                        2
UFRN;UNB                    2
BRUNO@MAVERICK.LOCAL        2
IPT                         2
IAG;UNB;UFRN;USGS           1
JROBERTO@TUBARAO            1
IAG;UNB;ESAR;UNESP-RC       1
IAG;ESAR;UNESP-RC;IPT       1
IAG;ESAR                    1
UNB; IAG                    1
UNB;ISC                     1
UFRN;UNB;ISC                1
Name: count, dtype: int64
            count  ...        std
Time         2782  ...        NaN
Latitude   2782.0  ...   7.591672
Longitude  2782.0  ...  10.953745
Depth/km   2782.0  ...  85.505145
Catalog       0.0  ...        NaN
Magnitude  2780.0  ...   0.927095
Hora       2782.0  ...   6.964219

[7 rows x 8 columns]
Plotando mapa...
Traceback (most recent call last):
  File "/home/ipt/projetos/ClassificadorSismologico/fonte/analise_dados/pre_processa.py", line 461, in <module>
    catalogo = main()
               ^^^^^^
  File "/home/ipt/projetos/ClassificadorSismologico/fonte/analise_dados/pre_processa.py", line 445, in main
    plot_prof_as_red(catalogo_r)
  File "/home/ipt/projetos/ClassificadorSismologico/fonte/analise_dados/pre_processa.py", line 248, in plot_prof_as_red
    capitals = pd.DataFrame({
               ^^^^^^^^^^^^^^
  File "/home/ipt/.pyenv/versions/sismologia/lib/python3.11/site-packages/pandas/core/frame.py", line 733, in __init__
    mgr = dict_to_mgr(data, index, columns, dtype=dtype, copy=copy, typ=manager)
          ^^^^^^^^^^^^^^^^^^^^^^^^^^^^^^^^^^^^^^^^^^^^^^^^^^^^^^^^^^^^^^^^^^^^^^
  File "/home/ipt/.pyenv/versions/sismologia/lib/python3.11/site-packages/pandas/core/internals/construction.py", line 503, in dict_to_mgr
    return arrays_to_mgr(arrays, columns, index, dtype=dtype, typ=typ, consolidate=copy)
           ^^^^^^^^^^^^^^^^^^^^^^^^^^^^^^^^^^^^^^^^^^^^^^^^^^^^^^^^^^^^^^^^^^^^^^^^^^^^^
  File "/home/ipt/.pyenv/versions/sismologia/lib/python3.11/site-packages/pandas/core/internals/construction.py", line 114, in arrays_to_mgr
    index = _extract_index(arrays)
            ^^^^^^^^^^^^^^^^^^^^^^
  File "/home/ipt/.pyenv/versions/sismologia/lib/python3.11/site-packages/pandas/core/internals/construction.py", line 677, in _extract_index
    raise ValueError("All arrays must be of the same length")
ValueError: All arrays must be of the same length
