
========================================================================
                       Iniciando do Pipeline                         
========================================================================

Argumentos recebidos:
  Catalogo: catalogo-moho.csv
  EVENTS: false
  TREATCATALOG: true
  PREDICT: true
  POSPROCESS: true
  MAPS: true
  REPORT: true
  TEST: false


 -------------- INICIANDO O TRATAMENTO -------------------- 
 Tratando catalogo-moho.csv...
/home/ipt/projetos/ClassificadorSismologico/fonte/analise_dados/pre_processa.py:101: FutureWarning: The geopandas.dataset module is deprecated and will be removed in GeoPandas 1.0. You can get the original 'naturalearth_lowres' data from https://www.naturalearthdata.com/downloads/110m-cultural-vectors/.
  world = gpd.read_file(get_path('naturalearth_lowres'))
/home/ipt/projetos/ClassificadorSismologico/fonte/analise_dados/pre_processa.py:176: UserWarning: set_ticklabels() should only be used with a fixed number of ticks, i.e. after set_ticks() or using a FixedLocator.
  ax.set_yticklabels(['{:,.0%}'.format(x) for x in ax.get_yticks()], fontsize=8)
/home/ipt/projetos/ClassificadorSismologico/fonte/analise_dados/pre_processa.py:176: UserWarning: set_ticklabels() should only be used with a fixed number of ticks, i.e. after set_ticks() or using a FixedLocator.
  ax.set_yticklabels(['{:,.0%}'.format(x) for x in ax.get_yticks()], fontsize=8)
/home/ipt/projetos/ClassificadorSismologico/fonte/analise_dados/pre_processa.py:221: UserWarning: The figure layout has changed to tight
  plt.tight_layout()
/home/ipt/projetos/ClassificadorSismologico/fonte/analise_dados/pre_processa.py:221: UserWarning: Tight layout not applied. The bottom and top margins cannot be made large enough to accommodate all Axes decorations.
  plt.tight_layout()
 Args: Namespace(eventos='eventos.csv', csv='catalogo-moho.csv', ascending=True, map=False, test=True)
Testando...
Author
JROBERTO                 757
MASSUMPCAO                43
CLEUSA                    37
BRUNO                     26
JROBERTO@VITORIA          20
UFRN                       5
UNB                        4
MBIANCHI                   2
UNB;IAG                    2
JROBERTO@TUBARAO           1
UFRN;UNB                   1
IAG;IPT                    1
IAG;ESAR;UNESP-RC;IPT      1
IAG;UNB                    1
IPT                        1
Name: count, dtype: int64
           count  ...        std
Time         902  ...        NaN
Latitude   902.0  ...    7.53637
Longitude  902.0  ...  10.884214
Depth/km   902.0  ...  74.117577
Catalog      0.0  ...        NaN
Magnitude  902.0  ...   0.908375
Hora       902.0  ...   6.876901

[7 rows x 8 columns]
 ----------------- INICIANDO O PREDICT.PY ---------------------------- 
i3-msg: Could not connect to i3 on socket /run/user/1000/i3/ipc-socket.2745: No such file or directory
