
========================================================================
                       Iniciando do Pipeline                         
========================================================================

Argumentos recebidos:
  Catalogo: Catalog_jul.csv
  EVENTS: false
  TREATCATALOG: true
  PREDICT: false
  POSPROCESS: false
  MAPS: false
  REPORT: false
  TEST: false


 -------------- INICIANDO O TRATAMENTO -------------------- 
 Tratando Catalog_jul.csv...
-Argumentos recebidos:
 eventos.csv
 Catalog_jul.csv
 True
 False

Plotando distribuição de eventos por hora...
 Catálogo filtrado com 2916 eventos
 nov de 2010 à jul de 2024

Plotando distribuição de eventos por hora...
 Catálogo completo com 10218 eventos
 nov de 2010 à jul de 2024
Plotando mapa...
Salvando mapa...
Salvando mapa...
========================================================================
                        Fim do Pipeline                                 
========================================================================

~/projetos/ClassificadorSismologico
