
========================================================================
                       Iniciando do Pipeline                         
========================================================================

 Criando arquivos de backup...
 Arquivos de backup criados com sucesso!


 -------------- INICIANDO O TRATAMENTO -------------------- 
 Tratando wh...
Traceback (most recent call last):
  File "/home/ggrl/projetos/ClassificadorSismologico/fonte/analise_dados/pre_processa.py", line 301, in <module>
    catalog = main()
              ^^^^^^
  File "/home/ggrl/projetos/ClassificadorSismologico/fonte/analise_dados/pre_processa.py", line 265, in main
    catalog = pd.read_csv(f'arquivos/catalogo/{args.catalogo}', sep='|')
              ^^^^^^^^^^^^^^^^^^^^^^^^^^^^^^^^^^^^^^^^^^^^^^^^^^^^^^^^^^
  File "/home/ggrl/.pyenv/versions/sismologia/lib/python3.12/site-packages/pandas/io/parsers/readers.py", line 1026, in read_csv
    return _read(filepath_or_buffer, kwds)
           ^^^^^^^^^^^^^^^^^^^^^^^^^^^^^^^
  File "/home/ggrl/.pyenv/versions/sismologia/lib/python3.12/site-packages/pandas/io/parsers/readers.py", line 620, in _read
    parser = TextFileReader(filepath_or_buffer, **kwds)
             ^^^^^^^^^^^^^^^^^^^^^^^^^^^^^^^^^^^^^^^^^^
  File "/home/ggrl/.pyenv/versions/sismologia/lib/python3.12/site-packages/pandas/io/parsers/readers.py", line 1620, in __init__
    self._engine = self._make_engine(f, self.engine)
                   ^^^^^^^^^^^^^^^^^^^^^^^^^^^^^^^^^
  File "/home/ggrl/.pyenv/versions/sismologia/lib/python3.12/site-packages/pandas/io/parsers/readers.py", line 1880, in _make_engine
    self.handles = get_handle(
                   ^^^^^^^^^^^
  File "/home/ggrl/.pyenv/versions/sismologia/lib/python3.12/site-packages/pandas/io/common.py", line 873, in get_handle
    handle = open(
             ^^^^^
FileNotFoundError: [Errno 2] No such file or directory: 'arquivos/catalogo/wh'
