
########################################################################
 ---------------- Iniciando do Pipeline --------------------------------

 -> Executando ProcessarDadosSismologicos.py...

 - Argumento 1: /home/ipt/projetos/ClassificadorSismologico/files/catalogo/catalogo-moho_bkp.csv
 --> Client:
  http://seisarc.sismo.iag.usp.br
 --> Client Backup:
  http://rsbr.on.br:8081/fdsnws/dataselect/1
-----------------------------------------------------


 --------- Iniciando o ProcessarID.py --------- 
 ------------------------------ Acessando Catálogo ------------------------------ 
  0%|          | 0/10 [00:00<?, ?it/s] 10%|█         | 1/10 [00:00<00:01,  4.98it/s] 50%|█████     | 5/10 [00:00<00:00, 17.16it/s] 80%|████████  | 8/10 [00:00<00:00, 19.39it/s]100%|██████████| 10/10 [00:00<00:00, 16.73it/s]
 --> Iterando sobre eventos
 - Número de eventos: 10
 - Client: http://seisarc.sismo.iag.usp.br
 - Client Backup: http://rsbr.on.br:8081/fdsnws/dataselect/1
Press Enter to continue ...
  0%|          | 0/10 [00:00<?, ?it/s]/home/ipt/.pyenv/versions/sismologia/lib/python3.11/site-packages/obspy/core/inventory/network.py:321: UserWarning: Found more than one matching channel metadata. Returning first.
  warnings.warn(msg)
 10%|█         | 1/10 [00:00<00:01,  4.59it/s] 20%|██        | 2/10 [00:00<00:01,  4.37it/s] 30%|███       | 3/10 [00:00<00:01,  4.08it/s] 50%|█████     | 5/10 [00:00<00:00,  6.16it/s] 60%|██████    | 6/10 [00:01<00:01,  2.81it/s] 70%|███████   | 7/10 [00:02<00:01,  2.22it/s] 80%|████████  | 8/10 [00:02<00:00,  2.63it/s] 90%|█████████ | 9/10 [00:02<00:00,  2.73it/s]100%|██████████| 10/10 [00:03<00:00,  3.15it/s]100%|██████████| 10/10 [00:03<00:00,  3.15it/s]
############ Event 1: usp2020hkyw ############

--> Pick 1
 - Net: BR
 - Sta: PDRB
 - Cha: HHZ
 - Loc: None
 - Seed ID: BR.PDRB..HHZ 
 - BR.PDRB X,Y : -11.612297, -56.729597
 - Distância até o epicentro: 0.22934459104391727 km
 Downloading ...
 Pick Time -> 2020-04-15T14:40:19.978417Z
 Origin Time -> 2020-04-15T14:40:20.000000Z
 Channel -> HHZ
 - Saving File: 20200415T144020/BR_PDRB_20200415T144020.mseed
-----------------------------------------------------

 - Event: usp2020hkyw
 - Pwave Picks: 1
 - Streams: 1
#####################################################

############ Event 2: usp2022gpbs ############

--> Pick 1
 - Net: NB
 - Sta: NBMO
 - Cha: HHZ
 - Loc: None
 - Seed ID: NB.NBMO..HHZ 
 - NB.NBMO X,Y : -3.310348, -40.042927
 - Distância até o epicentro: 0.6296512501624295 km
 Downloading ...
 Pick Time -> 2022-04-04T15:07:54.334523Z
 Origin Time -> 2022-04-04T15:07:42.000000Z
 Channel -> HHZ
 - Saving File: 20220404T150742/NB_NBMO_20220404T150742.mseed
-----------------------------------------------------

 - Event: usp2022gpbs
 - Pwave Picks: 1
 - Streams: 1
#####################################################

############ Event 3: usp2014oaxt ############

--> Pick 1
 - Net: BR
 - Sta: NPGB
 - Cha: HHZ
 - Loc: None
 - Seed ID: BR.NPGB..HHZ 
 - BR.NPGB X,Y : -7.0454, -55.3579
 - Distância até o epicentro: 0.7840549447308719 km
 Downloading ...
 Pick Time -> 2014-07-19T17:41:08.185058Z
 Origin Time -> 2014-07-19T17:30:30.000000Z
 Channel -> HHZ
 - Saving File: 20140719T173030/BR_NPGB_20140719T173030.mseed
-----------------------------------------------------

 - Event: usp2014oaxt
 - Pwave Picks: 1
 - Streams: 1
#####################################################

############ Event 4: usp2015rxwc ############

--> Pick 1
 - Net: NB
 - Sta: NBAN
 - Cha: HHZ
 - Loc: None
 - Seed ID: NB.NBAN..HHZ 
 - NB.NBAN X,Y : -9.668656, -36.274726
 - Distância até o epicentro: 33.505971131504076 km
 Downloading ...
 Pick Time -> 2016-09-12T23:24:35.547698Z
 Origin Time -> 2015-09-12T23:24:35.000000Z
 Channel -> HHZ
 - Saving File: 20150912T232435/NB_NBAN_20150912T232435.mseed
-----------------------------------------------------

 - Event: usp2015rxwc
 - Pwave Picks: 1
 - Streams: 1
#####################################################

############ Event 5: usp2014kloc ############

--> Pick 1
 - Net: ON
 - Sta: CAM01
 - Cha: HHR
 - Loc: None
 - Seed ID: ON.CAM01..HHZ 
 - ON.CAM01 X,Y : -21.825656, -41.657401
 - Distância até o epicentro: 2.4514531673196425 km
 Downloading ...
 Pick Time -> 2014-05-29T14:58:33.841855Z
 Origin Time -> 2014-05-29T14:58:30.000000Z
 Channel -> HHZ
 - Saving File: 20140529T145830/ON_CAM01_20140529T145830.mseed
-----------------------------------------------------

 - Event: usp2014kloc
 - Pwave Picks: 1
 - Streams: 1
#####################################################

############ Event 6: usp2015cjmh ############

--> Pick 1
 - Net: NB
 - Sta: NBRF
 - Cha: HHZ
 - Loc: None
 - Seed ID: NB.NBRF..HHZ 
 - NB.NBRF X,Y : -8.679466, -35.127172
 - Distância até o epicentro: 101.62578000652093 km
 Downloading ...
 Pick Time -> 2015-02-03T15:30:53.728118Z
 Origin Time -> 2015-02-03T15:30:35.694424Z
 Channel -> HHZ
 - Saving File: 20150203T153035/NB_NBRF_20150203T153035.mseed
-----------------------------------------------------

--> Pick 2
 - Net: NB
 - Sta: NBPA
 - Cha: HHZ
 - Loc: None
 - Seed ID: NB.NBPA..HHZ 
 - NB.NBPA X,Y : -5.75028, -37.112047
 - Distância até o epicentro: 313.89829803256146 km
 Downloading ...
 Pick Time -> 2015-02-03T15:31:21.921630Z
 Origin Time -> 2015-02-03T15:30:35.694424Z
 Channel -> HHZ
 - Saving File: 20150203T153035/NB_NBPA_20150203T153035.mseed
-----------------------------------------------------

--> Pick 3
 - Net: NB
 - Sta: NBLI
 - Cha: HHZ
 - Loc: None
 - Seed ID: NB.NBLI..HHZ 
 - NB.NBLI X,Y : -7.364556, -36.949743
 - Distância até o epicentro: 152.4593972818572 km
 Downloading ...
 Pick Time -> 2015-02-03T15:31:00.986785Z
 Origin Time -> 2015-02-03T15:30:35.694424Z
 Channel -> HHZ
 - Saving File: 20150203T153035/NB_NBLI_20150203T153035.mseed
-----------------------------------------------------

 - Event: usp2015cjmh
 - Pwave Picks: 3
 - Streams: 3
#####################################################

############ Event 7: usp2015phgr ############

--> Pick 1
 - Net: BL
 - Sta: BB19B
 - Cha: HHZ
 - Loc: None
 - Seed ID: BL.BB19B..HHZ 
 - BL.BB19B X,Y : -21.0662, -48.5279
 - Distância até o epicentro: 3.5565475080912963 km
 Downloading ...
 Pick Time -> 2015-08-06T10:21:29.002197Z
 Origin Time -> 2015-08-06T10:21:28.000000Z
 Channel -> HHZ
 - Saving File: 20150806T102128/BL_BB19B_20150806T102128.mseed
-----------------------------------------------------

 - Event: usp2015phgr
 - Pwave Picks: 1
 - Streams: 1
#####################################################

############ Event 8: usp2016fwub ############

--> Pick 1
 - Net: BL
 - Sta: AQDB
 - Cha: HHZ
 - Loc: None
 - Seed ID: BL.AQDB..HHZ 
 - BL.AQDB X,Y : -20.47579, -55.69971
 - Distância até o epicentro: 0.4812422953630468 km
 Downloading ...
 Pick Time -> 2016-03-24T14:48:22.856567Z
 Origin Time -> 2016-03-24T14:48:15.000000Z
 Channel -> HHZ
 - Saving File: 20160324T144815/BL_AQDB_20160324T144815.mseed
-----------------------------------------------------

 - Event: usp2016fwub
 - Pwave Picks: 1
 - Streams: 1
#####################################################

############ Event 9: usp2019ianq ############

--> Pick 1
 - Net: BL
 - Sta: CNLB
 - Cha: HHZ
 - Loc: None
 - Seed ID: BL.CNLB..HHZ 
 - BL.CNLB X,Y : -29.3148, -50.8533
 - Distância até o epicentro: 1.9676333072635817 km
 Downloading ...
 Pick Time -> 2019-04-25T03:10:05.497833Z
 Origin Time -> 2019-04-25T03:10:02.000000Z
 Channel -> HHZ
 - Saving File: 20190425T031002/BL_CNLB_20190425T031002.mseed
-----------------------------------------------------

 - Event: usp2019ianq
 - Pwave Picks: 1
 - Streams: 1
#####################################################

############ Event 10: usp2019nstm ############

--> Pick 1
 - Net: BR
 - Sta: PDRB
 - Cha: HHZ
 - Loc: None
 - Seed ID: BR.PDRB..HHZ 
 - BR.PDRB X,Y : -11.612297, -56.729597
 - Distância até o epicentro: 0.3595007308300882 km
 Downloading ...
 Pick Time -> 2019-07-15T06:15:50.998268Z
 Origin Time -> 2019-07-15T06:15:50.000000Z
 Channel -> HHZ
 - Saving File: 20190715T061550/BR_PDRB_20190715T061550.mseed
-----------------------------------------------------

 - Event: usp2019nstm
 - Pwave Picks: 1
 - Streams: 1
#####################################################

Dados salvos com sucesso em ./files/catalogo/catalogo.csv
Erros salvos com sucesso em ./files/catalogo/erros.csv

 Criando arquivos de backup...
