
========================================================================
                       Iniciando do Pipeline                         
========================================================================

 ---------------- INICIANDO DATA_ANALYSIS/POSPROCESS.PY ---------------------------- 
/home/ipt/projetos/ClassificadorSismologico/fonte/analise_dados/pos_processa.py:406: SettingWithCopyWarning: 
A value is trying to be set on a copy of a slice from a DataFrame.
Try using .loc[row_indexer,col_indexer] = value instead

See the caveats in the documentation: https://pandas.pydata.org/pandas-docs/stable/user_guide/indexing.html#returning-a-view-versus-a-copy
  df['Hora'] = pd.to_numeric(df['Hora'])
/home/ipt/projetos/ClassificadorSismologico/fonte/analise_dados/pos_processa.py:407: SettingWithCopyWarning: 
A value is trying to be set on a copy of a slice from a DataFrame.
Try using .loc[row_indexer,col_indexer] = value instead

See the caveats in the documentation: https://pandas.pydata.org/pandas-docs/stable/user_guide/indexing.html#returning-a-view-versus-a-copy
  df['Cat Hora'] = pd.cut(
Fontconfig warning: "/home/ipt/.config/fontconfig/fonts.conf", line 11: saw number, expected string
/home/ipt/projetos/ClassificadorSismologico/fonte/analise_dados/pos_processa.py:690: RuntimeWarning: More than 20 figures have been opened. Figures created through the pyplot interface (`matplotlib.pyplot.figure`) are retained until explicitly closed and may consume too much memory. (To control this warning, see the rcParam `figure.max_open_warning`). Consider using `matplotlib.pyplot.close()`.
  fig, ax = plt.subplots(figsize=(19, 9))
/home/ipt/projetos/ClassificadorSismologico/fonte/analise_dados/pos_processa.py:1153: SettingWithCopyWarning: 
A value is trying to be set on a copy of a slice from a DataFrame.
Try using .loc[row_indexer,col_indexer] = value instead

See the caveats in the documentation: https://pandas.pydata.org/pandas-docs/stable/user_guide/indexing.html#returning-a-view-versus-a-copy
  df['SNR_P_cat'] = pd.Categorical(
/home/ipt/projetos/ClassificadorSismologico/fonte/analise_dados/pos_processa.py:1194: UserWarning: Tight layout not applied. The bottom and top margins cannot be made large enough to accommodate all axes decorations.
  plt.tight_layout()
/home/ipt/projetos/ClassificadorSismologico/fonte/analise_dados/pos_processa.py:1222: RuntimeWarning: invalid value encountered in scalar divide
  nb_sta = df[df['SNR_P_Q2_cat'] == r].shape[0]/f_a
/home/ipt/projetos/ClassificadorSismologico/fonte/analise_dados/pos_processa.py:1353: FutureWarning: 

Passing `palette` without assigning `hue` is deprecated and will be removed in v0.14.0. Assign the `x` variable to `hue` and set `legend=False` for the same effect.

  sns.boxplot(
Index(['<1', '>=3', '[1-2[', '[2-3['], dtype='object', name='Magnitude_cat')

 -------------- Processo de criação de mapas iniciado ------------------

 ----------------- Iniciando o pdflatex .tex ---------------------------- 
/home/ipt/projetos/ClassificadorSismologico/arquivos/figuras/pos_processo
LaTeX file '/home/ipt/projetos/ClassificadorSismologico/fonte/relatorios-sismologia/tex/relatorio_preditivo/tex/figures.tex' has been created successfully.
Traceback (most recent call last):
  File "/home/ipt/projetos/ClassificadorSismologico/fonte/relatorios-sismologia/pyscripts/mapa.py", line 28, in <module>
    generate_map_latex(
  File "/home/ipt/projetos/ClassificadorSismologico/fonte/relatorios-sismologia/pyscripts/mapa.py", line 22, in generate_map_latex
    with open(output_filename, "w") as output_file:
         ^^^^^^^^^^^^^^^^^^^^^^^^^^
FileNotFoundError: [Errno 2] No such file or directory: '/home/ipt/projetos/ClassificadorSismologico/fonte/relatorios-sismologia/pyscripts/fonte/relatorios-sismologia/tex/relatorio_preditivo/tex/mapa.tex'
~/projetos/ClassificadorSismologico/fonte/relatorios-sismologia ~/projetos/ClassificadorSismologico ~/projetos/ClassificadorSismologico
This is pdfTeX, Version 3.141592653-2.6-1.40.24 (TeX Live 2022/Debian) (preloaded format=pdflatex)
 restricted \write18 enabled.
entering extended mode
(./relatorio_preditivo.tex
LaTeX2e <2022-11-01> patch level 1
L3 programming layer <2023-01-16> (./sismo_iptex.cls
Document Class: sismo_iptex 2024/04/23 Classe Sismologia IPT
(/usr/share/texlive/texmf-dist/tex/latex/base/article.cls
Document Class: article 2022/07/02 v1.4n Standard LaTeX document class
(/usr/share/texlive/texmf-dist/tex/latex/base/size12.clo))
(/usr/share/texlive/texmf-dist/tex/latex/mdframed/mdframed.sty
(/usr/share/texlive/texmf-dist/tex/latex/kvoptions/kvoptions.sty
(/usr/share/texlive/texmf-dist/tex/latex/graphics/keyval.sty)
(/usr/share/texlive/texmf-dist/tex/generic/ltxcmds/ltxcmds.sty)
(/usr/share/texlive/texmf-dist/tex/latex/kvsetkeys/kvsetkeys.sty))
(/usr/share/texlive/texmf-dist/tex/latex/l3packages/xparse/xparse.sty
(/usr/share/texlive/texmf-dist/tex/latex/l3kernel/expl3.sty
(/usr/share/texlive/texmf-dist/tex/latex/l3backend/l3backend-pdftex.def)))
(/usr/share/texlive/texmf-dist/tex/latex/etoolbox/etoolbox.sty)
(/usr/share/texlive/texmf-dist/tex/latex/zref/zref-abspage.sty
(/usr/share/texlive/texmf-dist/tex/latex/zref/zref-base.sty
(/usr/share/texlive/texmf-dist/tex/generic/infwarerr/infwarerr.sty)
(/usr/share/texlive/texmf-dist/tex/generic/kvdefinekeys/kvdefinekeys.sty)
(/usr/share/texlive/texmf-dist/tex/generic/pdftexcmds/pdftexcmds.sty
(/usr/share/texlive/texmf-dist/tex/generic/iftex/iftex.sty))
(/usr/share/texlive/texmf-dist/tex/generic/etexcmds/etexcmds.sty)
(/usr/share/texlive/texmf-dist/tex/latex/auxhook/auxhook.sty))
(/usr/share/texlive/texmf-dist/tex/latex/base/atbegshi-ltx.sty))
(/usr/share/texlive/texmf-dist/tex/latex/needspace/needspace.sty)
(/usr/share/texlive/texmf-dist/tex/latex/graphics/color.sty
(/usr/share/texlive/texmf-dist/tex/latex/graphics-cfg/color.cfg)
(/usr/share/texlive/texmf-dist/tex/latex/graphics-def/pdftex.def)
(/usr/share/texlive/texmf-dist/tex/latex/graphics/mathcolor.ltx))
(/usr/share/texlive/texmf-dist/tex/latex/mdframed/md-frame-0.mdf))
(/usr/share/texlive/texmf-dist/tex/latex/hyperref/hyperref.sty
(/usr/share/texlive/texmf-dist/tex/generic/pdfescape/pdfescape.sty)
(/usr/share/texlive/texmf-dist/tex/latex/hycolor/hycolor.sty)
(/usr/share/texlive/texmf-dist/tex/latex/letltxmacro/letltxmacro.sty)
(/usr/share/texlive/texmf-dist/tex/latex/hyperref/nameref.sty
(/usr/share/texlive/texmf-dist/tex/latex/refcount/refcount.sty)
(/usr/share/texlive/texmf-dist/tex/generic/gettitlestring/gettitlestring.sty))
(/usr/share/texlive/texmf-dist/tex/latex/hyperref/pd1enc.def)
(/usr/share/texlive/texmf-dist/tex/generic/intcalc/intcalc.sty)
(/usr/share/texlive/texmf-dist/tex/latex/hyperref/puenc.def)
(/usr/share/texlive/texmf-dist/tex/latex/url/url.sty)
(/usr/share/texlive/texmf-dist/tex/generic/bitset/bitset.sty
(/usr/share/texlive/texmf-dist/tex/generic/bigintcalc/bigintcalc.sty)))
(/usr/share/texlive/texmf-dist/tex/latex/hyperref/hpdftex.def
(/usr/share/texlive/texmf-dist/tex/latex/base/atveryend-ltx.sty)
(/usr/share/texlive/texmf-dist/tex/latex/rerunfilecheck/rerunfilecheck.sty
(/usr/share/texlive/texmf-dist/tex/generic/uniquecounter/uniquecounter.sty)))
(/usr/share/texlive/texmf-dist/tex/latex/base/inputenc.sty)
(/usr/share/texlive/texmf-dist/tex/latex/base/fontenc.sty)
(/usr/share/texlive/texmf-dist/tex/latex/mathtools/mathtools.sty
(/usr/share/texlive/texmf-dist/tex/latex/tools/calc.sty)
(/usr/share/texlive/texmf-dist/tex/latex/mathtools/mhsetup.sty)
(/usr/share/texlive/texmf-dist/tex/latex/amsmath/amsmath.sty
For additional information on amsmath, use the `?' option.
(/usr/share/texlive/texmf-dist/tex/latex/amsmath/amstext.sty
(/usr/share/texlive/texmf-dist/tex/latex/amsmath/amsgen.sty))
(/usr/share/texlive/texmf-dist/tex/latex/amsmath/amsbsy.sty)
(/usr/share/texlive/texmf-dist/tex/latex/amsmath/amsopn.sty)))
(/usr/share/texlive/texmf-dist/tex/latex/amscls/amsthm.sty)
(/usr/share/texlive/texmf-dist/tex/latex/amsfonts/amsfonts.sty)
(/usr/share/texlive/texmf-dist/tex/latex/amsfonts/amssymb.sty)
(/usr/share/texlive/texmf-dist/tex/latex/base/latexsym.sty)
(/usr/share/texlive/texmf-dist/tex/generic/mathabx/mathabx.sty
(/usr/share/texlive/texmf-dist/tex/generic/mathabx/mathabx.dcl))
(/usr/share/texlive/texmf-dist/tex/latex/graphics/graphicx.sty
(/usr/share/texlive/texmf-dist/tex/latex/graphics/graphics.sty
(/usr/share/texlive/texmf-dist/tex/latex/graphics/trig.sty)
(/usr/share/texlive/texmf-dist/tex/latex/graphics-cfg/graphics.cfg)))
(/usr/share/texlive/texmf-dist/tex/latex/psnfss/helvet.sty)
(/usr/share/texlive/texmf-dist/tex/latex/base/fancyhdr.sty)
(/usr/share/texlive/texmf-dist/tex/latex/tools/indentfirst.sty)
(/usr/share/texlive/texmf-dist/tex/latex/float/float.sty)
(/usr/share/texlive/texmf-dist/tex/latex/multirow/multirow.sty)
(/usr/share/texlive/texmf-dist/tex/latex/graphics/lscape.sty)
(/usr/share/texlive/texmf-dist/tex/latex/lastpage/lastpage.sty)
(/usr/share/texlive/texmf-dist/tex/latex/caption/caption.sty
(/usr/share/texlive/texmf-dist/tex/latex/caption/caption3.sty))
(/usr/share/texlive/texmf-dist/tex/latex/subfig/subfig.sty)
(/usr/share/texlive/texmf-dist/tex/latex/pdfpages/pdfpages.sty
(/usr/share/texlive/texmf-dist/tex/latex/base/ifthen.sty)
(/usr/share/texlive/texmf-dist/tex/latex/eso-pic/eso-pic.sty)
(/usr/share/texlive/texmf-dist/tex/latex/pdfpages/pppdftex.def))
(/usr/share/texlive/texmf-dist/tex/latex/setspace/setspace.sty)
(/usr/share/texlive/texmf-dist/tex/latex/changepage/changepage.sty)
(/usr/share/texlive/texmf-dist/tex/latex/tocloft/tocloft.sty)
(/usr/share/texlive/texmf-dist/tex/latex/lipsum/lipsum.sty
(/usr/share/texlive/texmf-dist/tex/latex/l3packages/l3keys2e/l3keys2e.sty)
(/usr/share/texlive/texmf-dist/tex/latex/lipsum/lipsum.ltd.tex))
(/usr/share/texlive/texmf-dist/tex/latex/sectsty/sectsty.sty

LaTeX Warning: Command \underbar  has changed.
               Check if current package is valid.


LaTeX Warning: Command \underline  has changed.
               Check if current package is valid.

) (/usr/share/texlive/texmf-dist/tex/latex/base/textcomp.sty)
(/usr/share/texlive/texmf-dist/tex/latex/booktabs/booktabs.sty)
(/usr/share/texlive/texmf-dist/tex/latex/stmaryrd/stmaryrd.sty)
(/usr/share/texlive/texmf-dist/tex/latex/siunitx/siunitx.sty
(/usr/share/texlive/texmf-dist/tex/latex/translations/translations.sty)
(/usr/share/texlive/texmf-dist/tex/latex/tools/array.sty))
(/usr/share/texlive/texmf-dist/tex/latex/was/upgreek.sty)
(/usr/share/texlive/texmf-dist/tex/latex/xcolor/xcolor.sty
(/usr/share/texlive/texmf-dist/tex/latex/graphics-cfg/color.cfg)
(/usr/share/texlive/texmf-dist/tex/latex/colortbl/colortbl.sty)
(/usr/share/texlive/texmf-dist/tex/latex/graphics/mathcolor.ltx))
(/usr/share/texlive/texmf-dist/tex/latex/tools/tabularx.sty)
(/usr/share/texlive/texmf-dist/tex/latex/enumitem/enumitem.sty)
(/usr/share/texlive/texmf-dist/tex/latex/geometry/geometry.sty
(/usr/share/texlive/texmf-dist/tex/generic/iftex/ifvtex.sty))
(/usr/share/texlive/texmf-dist/tex/latex/capt-of/capt-of.sty

! LaTeX Error: Command \captionof already defined.
               Or name \end... illegal, see p.192 of the manual.

See the LaTeX manual or LaTeX Companion for explanation.
Type  H <return>  for immediate help.
 ...                                              
                                                  
l.30 ...nd\captionof[1]{\def\@captype{#1}\caption}
                                                  
? ) (/usr/share/texlive/texmf-dist/tex/latex/xargs/xargs.sty
(/usr/share/texlive/texmf-dist/tex/latex/xkeyval/xkeyval.sty
(/usr/share/texlive/texmf-dist/tex/generic/xkeyval/xkeyval.tex
(/usr/share/texlive/texmf-dist/tex/generic/xkeyval/xkvutils.tex))))
(/usr/share/texlive/texmf-dist/tex/latex/tools/longtable.sty)
(/usr/share/texlive/texmf-dist/tex/latex/makecell/makecell.sty)
(/usr/share/texlive/texmf-dist/tex/latex/adjustbox/adjustbox.sty
(/usr/share/texlive/texmf-dist/tex/latex/adjustbox/adjcalc.sty)
(/usr/share/texlive/texmf-dist/tex/latex/adjustbox/trimclip.sty
(/usr/share/texlive/texmf-dist/tex/latex/collectbox/collectbox.sty)
(/usr/share/texlive/texmf-dist/tex/latex/adjustbox/tc-pdftex.def))
(/usr/share/texlive/texmf-dist/tex/latex/ifoddpage/ifoddpage.sty)
(/usr/share/texlive/texmf-dist/tex/latex/varwidth/varwidth.sty))
(/usr/share/texlive/texmf-dist/tex/latex/pdflscape/pdflscape.sty
(/usr/share/texlive/texmf-dist/tex/latex/pdflscape/pdflscape-nometadata.sty))
(/usr/share/texlive/texmf-dist/tex/latex/pdfx/pdfx.sty
(/usr/share/texlive/texmf-dist/tex/generic/iftex/ifpdf.sty)
(/usr/share/texlive/texmf-dist/tex/generic/iftex/ifxetex.sty)
(/usr/share/texlive/texmf-dist/tex/latex/everyshi/everyshi.sty)
(/usr/share/texlive/texmf-dist/tex/generic/iftex/ifluatex.sty){/var/lib/texmf/f
onts/map/pdftex/updmap/pdftex.map}
(/usr/share/texlive/texmf-dist/tex/latex/pdfx/l8u-penc.def)

Package hyperref Warning: Option `pdftex' has already been used,
(hyperref)                setting the option has no effect on input line 1461.


Package hyperref Warning: Option `pdfa' has already been used,
(hyperref)                setting the option has no effect on input line 1461.

(/usr/share/texlive/texmf-dist/tex/generic/stringenc/stringenc.sty)
(/usr/share/texlive/texmf-dist/tex/latex/hyperref/puenc-greekbasic.def)
(/usr/share/texlive/texmf-dist/tex/latex/hyperref/psdextra.def)
(/usr/share/texlive/texmf-dist/tex/generic/colorprofiles/colorprofiles.sty
(/usr/share/texlive/texmf-dist/tex/generic/colorprofiles/colorprofiles.tex))
(/usr/share/texlive/texmf-dist/tex/generic/stringenc/se-pdfdoc.def)
(/usr/share/texlive/texmf-dist/tex/latex/pdfx/AdobeColorProfiles.tex)
(/usr/share/texlive/texmf-dist/tex/latex/pdfx/8bit.def)
** pdfx: No file relatorio_preditivo.xmpdata . Metadata will be incomplete!
<<sRGB.icc>> (/usr/share/texlive/texmf-dist/tex/latex/pdfx/8bit.def)
(/usr/share/texlive/texmf-dist/tex/generic/pdftex/glyphtounicode.tex)
(/usr/share/texlive/texmf-dist/tex/latex/pdfx/glyphtounicode-cmr.tex)
(/usr/share/texlive/texmf-dist/tex/latex/pdfx/glyphtounicode-ntx.tex)
(/usr/share/texlive/texmf-dist/tex/latex/xmpincl/xmpincl.sty)
(/usr/share/texlive/texmf-dist/tex/latex/pdfx/8bit.def)
Using XMP template file: pdfa.xmp
<<pdfa.xmpi>>)) (/usr/share/texlive/texmf-dist/tex/generic/babel/babel.sty
(/usr/share/texlive/texmf-dist/tex/generic/babel/txtbabel.def)
(/usr/share/texlive/texmf-dist/tex/generic/babel-english/english.ldf)
(/usr/share/texlive/texmf-dist/tex/generic/babel-portuges/brazil.ldf))
(/usr/share/texlive/texmf-dist/tex/generic/babel/locale/en/babel-english.tex)
(/usr/share/texlive/texmf-dist/tex/latex/mathastext/mathastext.sty
** ! and ?
** punctuation: , . : ; and \colon
** + and =
** adding = ; and + to \nfss@catcodes
** parentheses ( ) [ ] and slash /
** alldelims: < > \backslash \setminus | \vert \mid \{ and \}
** \# \mathdollar \% \& 
** \imath and \jmath 
** Latin letters in the `normal' (resp. `bold') math versions are now
** set up to use the fonts T1/phv/m(b)/it
** Other characters (digits, ...) and \log-like names will be
** typeset with the n shape.
** \hbar
** minus as endash
** \Huge and \HUGE have been (re)-defined.
** mathastext has declared larger sizes for subscripts.
** To keep LaTeX defaults, use option `defaultmathsizes'.
) (/usr/share/texlive/texmf-dist/tex/latex/abntex2/abntex2cite.sty
(/usr/share/texlive/texmf-dist/tex/latex/abntex2/abntex2abrev.sty)
(/usr/share/texlive/texmf-dist/tex/latex/relsize/relsize.sty))
(/usr/share/texlive/texmf-dist/tex/latex/psnfss/t1phv.fd)
(/home/ipt/projetos/ClassificadorSismologico/arquivos/resultados/relatorios/rel
atorio_preditivo.aux

LaTeX Warning: Label `fig:dist_ev_cat_mag_recall' multiply defined.


LaTeX Warning: Label `fig:dist_snrs_recall' multiply defined.


LaTeX Warning: Label `fig:region_corr' multiply defined.


LaTeX Warning: Label `fig:1.54008_boxplot_ev_distance_event' multiply defined.


LaTeX Warning: Label `fig:n_sta_recall_4.04008' multiply defined.


LaTeX Warning: Label `fig:n_sta_recall_2.04008' multiply defined.


LaTeX Warning: Label `fig:boxplot_XV' multiply defined.


LaTeX Warning: Label `fig:boxplot_BL' multiply defined.


LaTeX Warning: Label `fig:boxplot_ON' multiply defined.


LaTeX Warning: Label `fig:n_sta_recall_04008' multiply defined.


LaTeX Warning: Label `fig:7.04008_boxplot_ev_distance_event' multiply defined.


LaTeX Warning: Label `fig:dist_ev_num_stations_recall' multiply defined.


LaTeX Warning: Label `fig:4.04008_boxplot_ev_distance_event' multiply defined.


LaTeX Warning: Label `fig:0.754008_boxplot_ev_distance_event' multiply defined.



LaTeX Warning: Label `fig:boxplot_NB' multiply defined.


LaTeX Warning: Label `fig:5.04008_boxplot_ev_distance_event' multiply defined.


LaTeX Warning: Label `fig:3.04008_boxplot_ev_distance_event' multiply defined.


LaTeX Warning: Label `fig:boxplot_rede' multiply defined.


LaTeX Warning: Label `fig:n_sta_recall_0.54008' multiply defined.


LaTeX Warning: Label `fig:04008_boxplot_ev_mag_event' multiply defined.


LaTeX Warning: Label `fig:dist_ev_cat_mag_recall' multiply defined.


LaTeX Warning: Label `fig:hist_ev_distance' multiply defined.


LaTeX Warning: Label `fig:9.04008_boxplot_ev_distance_event' multiply defined.


LaTeX Warning: Label `fig:n_sta_recall_1.254008' multiply defined.


LaTeX Warning: Label `fig:boxplot_BR' multiply defined.


LaTeX Warning: Label `fig:n_sta_recall_1.54008' multiply defined.


LaTeX Warning: Label `fig:boxplot_XC' multiply defined.


LaTeX Warning: Label `fig:1.04008_boxplot_ev_distance_event' multiply defined.


LaTeX Warning: Label `fig:04008_dist_mean_snrs_recall' multiply defined.


LaTeX Warning: Label `fig:1.254008_boxplot_ev_distance_event' multiply defined.



LaTeX Warning: Label `fig:2.04008_boxplot_ev_distance_event' multiply defined.


LaTeX Warning: Label `fig:n_sta_recall_1.754008' multiply defined.


LaTeX Warning: Label `fig:hist_ev_hour_recall_event' multiply defined.


LaTeX Warning: Label `fig:boxplot_IM' multiply defined.


LaTeX Warning: Label `fig:8.04008_boxplot_ev_distance_event' multiply defined.


LaTeX Warning: Label `fig:boxplot_Y4' multiply defined.


LaTeX Warning: Label `fig:04008_boxplot_ev_distance_event' multiply defined.


LaTeX Warning: Label `fig:n_sta_recall_3.04008' multiply defined.


LaTeX Warning: Label `fig:1.754008_boxplot_ev_distance_event' multiply defined.



LaTeX Warning: Label `fig:boxplot_BX' multiply defined.


LaTeX Warning: Label `fig:n_sta_recall_1.04008' multiply defined.


LaTeX Warning: Label `fig:n_sta_recall_0.254008' multiply defined.


LaTeX Warning: Label `fig:dist_snrs_recall' multiply defined.


LaTeX Warning: Label `fig:boxplot_VL' multiply defined.


LaTeX Warning: Label `fig:n_sta_recall_0.754008' multiply defined.


LaTeX Warning: Label `fig:hist_ev_hour_recall' multiply defined.


LaTeX Warning: Label `fig:boxplot_GT' multiply defined.


LaTeX Warning: Label `fig:boxplot_dist' multiply defined.


LaTeX Warning: Label `fig:region_corr' multiply defined.


LaTeX Warning: Label `fig:10.04008_boxplot_ev_distance_event' multiply defined.



LaTeX Warning: Label `fig:6.04008_boxplot_ev_distance_event' multiply defined.


LaTeX Warning: Label `fig:0.254008_boxplot_ev_distance_event' multiply defined.



LaTeX Warning: Label `fig:0.54008_boxplot_ev_distance_event' multiply defined.

) (/usr/share/texlive/texmf-dist/tex/context/base/mkii/supp-pdf.mkii
[Loading MPS to PDF converter (version 2006.09.02).]
) (/usr/share/texlive/texmf-dist/tex/latex/epstopdf-pkg/epstopdf-base.sty
(/usr/share/texlive/texmf-dist/tex/latex/latexconfig/epstopdf-sys.cfg))
(/home/ipt/projetos/ClassificadorSismologico/arquivos/resultados/relatorios/rel
atorio_preditivo.out)
(/home/ipt/projetos/ClassificadorSismologico/arquivos/resultados/relatorios/rel
atorio_preditivo.out)
(/usr/share/texlive/texmf-dist/tex/latex/ragged2e/ragged2e.sty)
(/usr/share/texlive/texmf-dist/tex/latex/translations/translations-basic-dictio
nary-brazil.trsl)
(/usr/share/texlive/texmf-dist/tex/latex/translations/translations-basic-dictio
nary-english.trsl)
*geometry* driver: auto-detecting
*geometry* detected driver: pdftex
(./tex/relatorio_preditivo/tex/capa.tex

LaTeX Warning: File `tex/figuras_tex/headImage.pdf' not found on input line 12.



! Package pdftex.def Error: File `tex/figuras_tex/headImage.pdf' not found: usi
ng draft setting.

See the pdftex.def package documentation for explanation.
Type  H <return>  for immediate help.
 ...                                              
                                                  
l.12 \capa
          
? (/usr/share/texlive/texmf-dist/tex/latex/base/t1cmtt.fd)

LaTeX Warning: File `tex/figuras_tex/footer_IPT.png' not found on input line 12
.


! Package pdftex.def Error: File `tex/figuras_tex/footer_IPT.png' not found: us
ing draft setting.

See the pdftex.def package documentation for explanation.
Type  H <return>  for immediate help.
 ...                                              
                                                  
l.12 \capa
          
? 
Package Fancyhdr Warning: \footskip is too small (71.13188pt): 
 Make it at least 72.26999pt.
 We now make it that large for the rest of the document.
 This may cause the page layout to be inconsistent, however.

[1]

LaTeX Warning: File `tex/figuras_tex/headImage.pdf' not found on input line 17.



! Package pdftex.def Error: File `tex/figuras_tex/headImage.pdf' not found: usi
ng draft setting.

See the pdftex.def package documentation for explanation.
Type  H <return>  for immediate help.
 ...                                              
                                                  
l.17 \tableofcontents
                     
? (/usr/share/texlive/texmf-dist/tex/latex/psnfss/ts1phv.fd)

LaTeX Warning: File `tex/figuras_tex/footer_IPT.png' not found on input line 17
.


! Package pdftex.def Error: File `tex/figuras_tex/footer_IPT.png' not found: us
ing draft setting.

See the pdftex.def package documentation for explanation.
Type  H <return>  for immediate help.
 ...                                              
                                                  
l.17 \tableofcontents
                     
? 
Package Fancyhdr Warning: \footskip is too small (71.13188pt): 
 Make it at least 72.26999pt.
 We now make it that large for the rest of the document.
 This may cause the page layout to be inconsistent, however.

[1]
(/home/ipt/projetos/ClassificadorSismologico/arquivos/resultados/relatorios/rel
atorio_preditivo.toc (/usr/share/texlive/texmf-dist/tex/latex/amsfonts/umsa.fd)
(/usr/share/texlive/texmf-dist/tex/latex/amsfonts/umsb.fd)
(/usr/share/texlive/texmf-dist/tex/latex/base/ulasy.fd)
(/usr/share/texlive/texmf-dist/tex/latex/stmaryrd/Ustmry.fd))

LaTeX Warning: File `tex/figuras_tex/headImage.pdf' not found on input line 20.



! Package pdftex.def Error: File `tex/figuras_tex/headImage.pdf' not found: usi
ng draft setting.

See the pdftex.def package documentation for explanation.
Type  H <return>  for immediate help.
 ...                                              
                                                  
l.20 \renewcommand
                  {\thepage}{\arabic{page}}
? 
LaTeX Warning: File `tex/figuras_tex/footer_IPT.png' not found on input line 20
.


! Package pdftex.def Error: File `tex/figuras_tex/footer_IPT.png' not found: us
ing draft setting.

See the pdftex.def package documentation for explanation.
Type  H <return>  for immediate help.
 ...                                              
                                                  
l.20 \renewcommand
                  {\thepage}{\arabic{page}}
? 
Package Fancyhdr Warning: \footskip is too small (71.13188pt): 
 Make it at least 72.26999pt.
 We now make it that large for the rest of the document.
 This may cause the page layout to be inconsistent, however.

[2]) (./tex/relatorio_preditivo/tex/corpo.tex
(./tex/relatorio_preditivo/tex/introducao.tex)
(./tex/relatorio_preditivo/tex/atividades_resultados.tex

LaTeX Warning: File `tex/figuras_tex/headImage.pdf' not found on input line 10.



! Package pdftex.def Error: File `tex/figuras_tex/headImage.pdf' not found: usi
ng draft setting.

See the pdftex.def package documentation for explanation.
Type  H <return>  for immediate help.
 ...                                              
                                                  
l.10 
     
? 
LaTeX Warning: File `tex/figuras_tex/footer_IPT.png' not found on input line 10
.


! Package pdftex.def Error: File `tex/figuras_tex/footer_IPT.png' not found: us
ing draft setting.

See the pdftex.def package documentation for explanation.
Type  H <return>  for immediate help.
 ...                                              
                                                  
l.10 
     
? 
Package Fancyhdr Warning: \footskip is too small (71.13188pt): 
 Make it at least 72.26999pt.
 We now make it that large for the rest of the document.
 This may cause the page layout to be inconsistent, however.


pdfTeX warning (ext4): destination with the same identifier (name{page.1}) has 
been already used, duplicate ignored
<to be read again> 
                   \relax 
l.10 
      [1]

LaTeX Warning: File `tex/figuras_tex/headImage.pdf' not found on input line 26.



! Package pdftex.def Error: File `tex/figuras_tex/headImage.pdf' not found: usi
ng draft setting.

See the pdftex.def package documentation for explanation.
Type  H <return>  for immediate help.
 ...                                              
                                                  
l.26 
     
? 
LaTeX Warning: File `tex/figuras_tex/footer_IPT.png' not found on input line 26
.


! Package pdftex.def Error: File `tex/figuras_tex/footer_IPT.png' not found: us
ing draft setting.

See the pdftex.def package documentation for explanation.
Type  H <return>  for immediate help.
 ...                                              
                                                  
l.26 
     
? 
Package Fancyhdr Warning: \footskip is too small (71.13188pt): 
 Make it at least 72.26999pt.
 We now make it that large for the rest of the document.
 This may cause the page layout to be inconsistent, however.

[2]

! LaTeX Error: File `tex/relatorio_preditivo/tex/mapa.tex' not found.

Type X to quit or <RETURN> to proceed,
or enter new name. (Default extension: tex)

Enter file name: (/usr/share/texlive/texmf-dist/tex/latex/tools/.tex File ignored)

LaTeX Warning: File `tex/figuras_tex/headImage.pdf' not found on input line 44.



! Package pdftex.def Error: File `tex/figuras_tex/headImage.pdf' not found: usi
ng draft setting.

See the pdftex.def package documentation for explanation.
Type  H <return>  for immediate help.
 ...                                              
                                                  
l.44 \par{A
            validação destes resultados foi facilitada pela utilização d...

? 
LaTeX Warning: File `tex/figuras_tex/footer_IPT.png' not found on input line 44
.


! Package pdftex.def Error: File `tex/figuras_tex/footer_IPT.png' not found: us
ing draft setting.

See the pdftex.def package documentation for explanation.
Type  H <return>  for immediate help.
 ...                                              
                                                  
l.44 \par{A
            validação destes resultados foi facilitada pela utilização d...

? 
Package Fancyhdr Warning: \footskip is too small (71.13188pt): 
 Make it at least 72.26999pt.
 We now make it that large for the rest of the document.
 This may cause the page layout to be inconsistent, however.

[3] (./tex/relatorio_preditivo/tex/figures.tex

LaTeX Warning: File `tex/figuras_tex/headImage.pdf' not found on input line 16.



! Package pdftex.def Error: File `tex/figuras_tex/headImage.pdf' not found: usi
ng draft setting.

See the pdftex.def package documentation for explanation.
Type  H <return>  for immediate help.
 ...                                              
                                                  
l.16 
     
? 
LaTeX Warning: File `tex/figuras_tex/footer_IPT.png' not found on input line 16
.


! Package pdftex.def Error: File `tex/figuras_tex/footer_IPT.png' not found: us
ing draft setting.

See the pdftex.def package documentation for explanation.
Type  H <return>  for immediate help.
 ...                                              
                                                  
l.16 
     
? 
Package Fancyhdr Warning: \footskip is too small (71.13188pt): 
 Make it at least 72.26999pt.
 We now make it that large for the rest of the document.
 This may cause the page layout to be inconsistent, however.

[4
pdfTeX warning (ext4): destination with the same identifier (name{figure.1}) ha
s been already used, duplicate ignored
<argument> ...shipout:D \box_use:N \l_shipout_box 
                                                  \__shipout_drop_firstpage_...
l.16 
      </home/ipt/projetos/ClassificadorSismologico/arquivos/figuras/pos_process
o/dist_snrs.png>]

LaTeX Warning: File `tex/figuras_tex/headImage.pdf' not found on input line 32.



! Package pdftex.def Error: File `tex/figuras_tex/headImage.pdf' not found: usi
ng draft setting.

See the pdftex.def package documentation for explanation.
Type  H <return>  for immediate help.
 ...                                              
                                                  
l.32 
     
? 
LaTeX Warning: File `tex/figuras_tex/footer_IPT.png' not found on input line 32
.


! Package pdftex.def Error: File `tex/figuras_tex/footer_IPT.png' not found: us
ing draft setting.

See the pdftex.def package documentation for explanation.
Type  H <return>  for immediate help.
 ...                                              
                                                  
l.32 
     
? Type <return> to proceed, S to scroll future error messages,
R to run without stopping, Q to run quietly,
I to insert something, E to edit your file,
1 or ... or 9 to ignore the next 1 to 9 tokens of input,
H for help, X to quit.
? 
pdfTeX warning (dest): name{page.97} has been referenced but does not exist, re
placed by a fixed one


pdfTeX warning (dest): name{section.4} has been referenced but does not exist, 
replaced by a fixed one


pdfTeX warning (dest): name{section.3} has been referenced but does not exist, 
replaced by a fixed one


pdfTeX warning (dest): name{subsection.2.5} has been referenced but does not ex
ist, replaced by a fixed one


pdfTeX warning (dest): name{figure.caption.3} has been referenced but does not 
exist, replaced by a fixed one

{/usr/share/texlive/texmf-dist/fonts/enc/dvips/base/8r.enc}{/usr/share/texmf/fo
nts/enc/dvips/cm-super/cm-super-t1.enc}</usr/share/texmf/fonts/type1/public/cm-
super/sftt1200.pfb></usr/share/texlive/texmf-dist/fonts/type1/urw/helvetic/uhvb
8a.pfb></usr/share/texlive/texmf-dist/fonts/type1/urw/helvetic/uhvr8a.pfb></usr
/share/texlive/texmf-dist/fonts/type1/urw/helvetic/uhvro8a.pfb>
Output written on /home/ipt/projetos/ClassificadorSismologico/arquivos/resultad
os/relatorios/relatorio_preditivo.pdf (7 pages, 111481 bytes).
Transcript written on /home/ipt/projetos/ClassificadorSismologico/arquivos/resu
ltados/relatorios/relatorio_preditivo.log.
~/projetos/ClassificadorSismologico ~/projetos/ClassificadorSismologico
========================================================================
                        Fim do Pipeline                                 
========================================================================

~/projetos/ClassificadorSismologico
