
========================================================================
                       Iniciando do Pipeline                         
========================================================================

 ---------------- INICIANDO DATA_ANALYSIS/POSPROCESS.PY ---------------------------- 
0it [00:00, ?it/s]0it [00:00, ?it/s]
Traceback (most recent call last):
  File "/home/ipt/projetos/ClassificadorSismologico/fonte/analise_dados/pos_processa.py", line 1490, in <module>
    df, df_nc = main()
                ^^^^^^
  File "/home/ipt/projetos/ClassificadorSismologico/fonte/analise_dados/pos_processa.py", line 1469, in main
    df = carregar_dado()
         ^^^^^^^^^^^^^^^
  File "/home/ipt/projetos/ClassificadorSismologico/fonte/analise_dados/pos_processa.py", line 1392, in carregar_dado
    df = snr(df, w)
         ^^^^^^^^^^
  File "/home/ipt/projetos/ClassificadorSismologico/fonte/analise_dados/pos_processa.py", line 1091, in snr
    st = obspy.read(pick['Path'])
         ^^^^^^^^^^^^^^^^^^^^^^^^
  File "/home/ipt/.pyenv/versions/sismologia/lib/python3.11/site-packages/decorator.py", line 232, in fun
    return caller(func, *(extras + args), **kw)
           ^^^^^^^^^^^^^^^^^^^^^^^^^^^^^^^^^^^^
  File "/home/ipt/.pyenv/versions/sismologia/lib/python3.11/site-packages/obspy/core/util/decorator.py", line 297, in _map_example_filename
    return func(*args, **kwargs)
           ^^^^^^^^^^^^^^^^^^^^^
  File "/home/ipt/.pyenv/versions/sismologia/lib/python3.11/site-packages/obspy/core/stream.py", line 208, in read
    st = _generic_reader(pathname_or_url, _read, **kwargs)
         ^^^^^^^^^^^^^^^^^^^^^^^^^^^^^^^^^^^^^^^^^^^^^^^^^
  File "/home/ipt/.pyenv/versions/sismologia/lib/python3.11/site-packages/obspy/core/util/base.py", line 656, in _generic_reader
    raise IOError(2, "No such file or directory", pathname)
FileNotFoundError: [Errno 2] No such file or directory: '20120310T182547/NB_NBPV_20120310T182547.mseed'
