
========================================================================
                       Iniciando do Pipeline                         
========================================================================


 -------------- INICIANDO O TRATAMENTO -------------------- 
 Tratando catalogo-moho.csv...
/home/ipt/projetos/ClassificadorSismologico/fonte/analise_dados/pre_processa.py:96: FutureWarning: The geopandas.dataset module is deprecated and will be removed in GeoPandas 1.0. You can get the original 'naturalearth_lowres' data from https://www.naturalearthdata.com/downloads/110m-cultural-vectors/.
  world = gpd.read_file(get_path('naturalearth_lowres'))
/home/ipt/projetos/ClassificadorSismologico/fonte/analise_dados/pre_processa.py:171: UserWarning: set_ticklabels() should only be used with a fixed number of ticks, i.e. after set_ticks() or using a FixedLocator.
  ax.set_yticklabels(['{:,.0%}'.format(x) for x in ax.get_yticks()], fontsize=8)
/home/ipt/projetos/ClassificadorSismologico/fonte/analise_dados/pre_processa.py:171: UserWarning: set_ticklabels() should only be used with a fixed number of ticks, i.e. after set_ticks() or using a FixedLocator.
  ax.set_yticklabels(['{:,.0%}'.format(x) for x in ax.get_yticks()], fontsize=8)
/home/ipt/projetos/ClassificadorSismologico/fonte/analise_dados/pre_processa.py:216: UserWarning: The figure layout has changed to tight
  plt.tight_layout()
/home/ipt/projetos/ClassificadorSismologico/fonte/analise_dados/pre_processa.py:216: UserWarning: Tight layout not applied. The bottom and top margins cannot be made large enough to accommodate all Axes decorations.
  plt.tight_layout()
Tratando catalogo-moho.csv...
Author
JROBERTO                 2326
MASSUMPCAO                140
CLEUSA                    104
BRUNO                      78
JROBERTO@VITORIA           64
UNB                        18
UFRN                       15
MBIANCHI                    5
UNB;IAG                     5
IAG                         5
IAG;IPT                     3
IAG;UNB                     3
USGS                        2
UFRN;UNB                    2
BRUNO@MAVERICK.LOCAL        2
IPT                         2
IAG;UNB;UFRN;USGS           1
JROBERTO@TUBARAO            1
IAG;UNB;ESAR;UNESP-RC       1
IAG;ESAR;UNESP-RC;IPT       1
IAG;ESAR                    1
UNB; IAG                    1
UNB;ISC                     1
UFRN;UNB;ISC                1
Name: count, dtype: int64
            count  ...        std
Time         2782  ...        NaN
Latitude   2782.0  ...   7.591672
Longitude  2782.0  ...  10.953745
Depth/km   2782.0  ...  85.505145
Catalog       0.0  ...        NaN
Magnitude  2780.0  ...   0.927095
Hora       2782.0  ...   6.964219

[7 rows x 8 columns]
Plotando mapa...
Salvando mapa...
Salvando mapa...
 ----------------- INICIANDO O PREDICT.PY ---------------------------- 
[{"success":true}]

 ---------------- INICIANDO DATA_ANALYSIS/POSPROCESS.PY ---------------------------- 
0it [00:00, ?it/s]