
========================================================================
                       Iniciando do Pipeline                         
========================================================================

Argumentos recebidos:
  Catalogo: catalogo-moho.csv
  EVENTS: false
  TREATCATALOG: true
  PREDICT: true
  POSPROCESS: true
  MAPS: true
  REPORT: true
  TEST: false


 -------------- INICIANDO O TRATAMENTO -------------------- 
 Tratando catalogo-moho.csv...
/home/ipt/projetos/ClassificadorSismologico/fonte/analise_dados/pre_processa.py:101: FutureWarning: The geopandas.dataset module is deprecated and will be removed in GeoPandas 1.0. You can get the original 'naturalearth_lowres' data from https://www.naturalearthdata.com/downloads/110m-cultural-vectors/.
  world = gpd.read_file(get_path('naturalearth_lowres'))
/home/ipt/projetos/ClassificadorSismologico/fonte/analise_dados/pre_processa.py:176: UserWarning: set_ticklabels() should only be used with a fixed number of ticks, i.e. after set_ticks() or using a FixedLocator.
  ax.set_yticklabels(['{:,.0%}'.format(x) for x in ax.get_yticks()], fontsize=8)
/home/ipt/projetos/ClassificadorSismologico/fonte/analise_dados/pre_processa.py:176: UserWarning: set_ticklabels() should only be used with a fixed number of ticks, i.e. after set_ticks() or using a FixedLocator.
  ax.set_yticklabels(['{:,.0%}'.format(x) for x in ax.get_yticks()], fontsize=8)
/home/ipt/projetos/ClassificadorSismologico/fonte/analise_dados/pre_processa.py:221: UserWarning: Tight layout not applied. The bottom and top margins cannot be made large enough to accommodate all Axes decorations.
  plt.tight_layout()
/home/ipt/projetos/ClassificadorSismologico/fonte/analise_dados/pre_processa.py:221: UserWarning: The figure layout has changed to tight
  plt.tight_layout()
 Args: Namespace(eventos='eventos.csv', csv='catalogo-moho.csv', ascending=True, map=False, test=True)
Testando...
Author
JROBERTO                 761
MASSUMPCAO                47
CLEUSA                    31
BRUNO                     23
JROBERTO@VITORIA          21
UFRN                       7
UNB                        5
MBIANCHI                   3
UNB;IAG                    2
IPT                        2
IAG;UNB                    2
IAG;ESAR                   1
JROBERTO@TUBARAO           1
IAG;ESAR;UNESP-RC;IPT      1
IAG                        1
BRUNO@MAVERICK.LOCAL       1
UFRN;UNB;ISC               1
Name: count, dtype: int64
           count                           mean  ...                  max        std
Time         910  2018-11-26 09:45:57.879902208  ...  2024-05-05 16:16:23        NaN
Latitude   910.0                     -13.375113  ...              4.06092   7.703972
Longitude  910.0                     -49.227699  ...           -34.444851  10.971117
Depth/km   910.0                      21.524213  ...           651.321045  91.686953
Catalog      0.0                            NaN  ...                  NaN        NaN
Magnitude  909.0                        2.62896  ...             7.484965   0.941731
Hora       910.0                      12.042857  ...                 23.0    6.97026

[7 rows x 8 columns]
 ----------------- INICIANDO O PREDICT.PY ---------------------------- 
[{"success":true}]

 ---------------- INICIANDO DATA_ANALYSIS/POSPROCESS.PY ---------------------------- 
