
========================================================================
                       Iniciando do Pipeline                         
========================================================================

 Criando arquivos de backup...
 Arquivos de backup criados com sucesso!


 -------------- INICIANDO O TRATAMENTO -------------------- 
 Tratando catalog-moho-south-america.csv...
Traceback (most recent call last):
  File "/home/ggrl/projetos/ClassificadorSismologico/fonte/analise_dados/pre_processa.py", line 247, in <module>
    catalog = main()
              ^^^^^^
  File "/home/ggrl/projetos/ClassificadorSismologico/fonte/analise_dados/pre_processa.py", line 224, in main
    catalog = pd.read_csv(f'arquivos/catalogo/{args.catalogo}', sep='|')
              ^^^^^^^^^^^^^^^^^^^^^^^^^^^^^^^^^^^^^^^^^^^^^^^^^^^^^^^^^^
  File "/home/ggrl/.pyenv/versions/sismologia/lib/python3.12/site-packages/pandas/io/parsers/readers.py", line 1026, in read_csv
    return _read(filepath_or_buffer, kwds)
           ^^^^^^^^^^^^^^^^^^^^^^^^^^^^^^^
  File "/home/ggrl/.pyenv/versions/sismologia/lib/python3.12/site-packages/pandas/io/parsers/readers.py", line 620, in _read
    parser = TextFileReader(filepath_or_buffer, **kwds)
             ^^^^^^^^^^^^^^^^^^^^^^^^^^^^^^^^^^^^^^^^^^
  File "/home/ggrl/.pyenv/versions/sismologia/lib/python3.12/site-packages/pandas/io/parsers/readers.py", line 1620, in __init__
    self._engine = self._make_engine(f, self.engine)
                   ^^^^^^^^^^^^^^^^^^^^^^^^^^^^^^^^^
  File "/home/ggrl/.pyenv/versions/sismologia/lib/python3.12/site-packages/pandas/io/parsers/readers.py", line 1880, in _make_engine
    self.handles = get_handle(
                   ^^^^^^^^^^^
  File "/home/ggrl/.pyenv/versions/sismologia/lib/python3.12/site-packages/pandas/io/common.py", line 873, in get_handle
    handle = open(
             ^^^^^
FileNotFoundError: [Errno 2] No such file or directory: 'arquivos/catalogo/catalog-moho-south-america.csv'

 -> Executando fluxo_eventos.py...
Traceback (most recent call last):
  File "/home/ggrl/projetos/ClassificadorSismologico/fonte/nucleo/fluxo_eventos.py", line 376, in <module>
    IDs = csv2list(sys.argv[1])
          ^^^^^^^^^^^^^^^^^^^^^
  File "/home/ggrl/projetos/ClassificadorSismologico/fonte/nucleo/utils.py", line 91, in csv2list
    with open(f'arquivos/catalogo/{csv_file}', 'r') as f:
         ^^^^^^^^^^^^^^^^^^^^^^^^^^^^^^^^^^^^^^^^^^
FileNotFoundError: [Errno 2] No such file or directory: 'arquivos/catalogo/catalog-moho-south-america.csv_treated.csv'

========================================================================
                        Fim do Pipeline                                 
========================================================================

