
########################################################################
 ---------------- Iniciando do Pipeline --------------------------------

 -> Executando ProcessarDadosSismologicos.py...
Traceback (most recent call last):
  File "/home/ggrl/projetos/ClassificadorSismologico/source/Core/ProcessarDadosSismologicos.py", line 22, in <module>
    from BaixarFormaOnda import iterate_events
  File "/home/ggrl/projetos/ClassificadorSismologico/source/Core/BaixarFormaOnda.py", line 21, in <module>
    from utils import MSEED_DIR
  File "/home/ggrl/projetos/ClassificadorSismologico/source/Core/utils.py", line 226, in <module>
    inventory = consolidate_inventory(os.listdir(PROJETO_DIR + '/files/inventario'))
                ^^^^^^^^^^^^^^^^^^^^^^^^^^^^^^^^^^^^^^^^^^^^^^^^^^^^^^^^^^^^^^^^^^^^
  File "/home/ggrl/projetos/ClassificadorSismologico/source/Core/utils.py", line 219, in consolidate_inventory
    inventory_df = pd.concat([inventory_df, parse_inventory_txt(file_path)])
                                            ^^^^^^^^^^^^^^^^^^^^^^^^^^^^^^
  File "/home/ggrl/projetos/ClassificadorSismologico/source/Core/utils.py", line 197, in parse_inventory_txt
    df = pd.read_csv(file_path, sep='|', comment='#')
         ^^^^^^^^^^^^^^^^^^^^^^^^^^^^^^^^^^^^^^^^^^^^
  File "/home/ggrl/.pyenv/versions/sismologia/lib/python3.11/site-packages/pandas/io/parsers/readers.py", line 1026, in read_csv
    return _read(filepath_or_buffer, kwds)
           ^^^^^^^^^^^^^^^^^^^^^^^^^^^^^^^
  File "/home/ggrl/.pyenv/versions/sismologia/lib/python3.11/site-packages/pandas/io/parsers/readers.py", line 620, in _read
    parser = TextFileReader(filepath_or_buffer, **kwds)
             ^^^^^^^^^^^^^^^^^^^^^^^^^^^^^^^^^^^^^^^^^^
  File "/home/ggrl/.pyenv/versions/sismologia/lib/python3.11/site-packages/pandas/io/parsers/readers.py", line 1620, in __init__
    self._engine = self._make_engine(f, self.engine)
                   ^^^^^^^^^^^^^^^^^^^^^^^^^^^^^^^^^
  File "/home/ggrl/.pyenv/versions/sismologia/lib/python3.11/site-packages/pandas/io/parsers/readers.py", line 1880, in _make_engine
    self.handles = get_handle(
                   ^^^^^^^^^^^
  File "/home/ggrl/.pyenv/versions/sismologia/lib/python3.11/site-packages/pandas/io/common.py", line 873, in get_handle
    handle = open(
             ^^^^^
FileNotFoundError: [Errno 2] No such file or directory: 'inventario_moho_BL.txt'

 Criando arquivos de backup...
