
========================================================================
                       Iniciando do Pipeline                         
========================================================================

Argumentos recebidos:
  Catalogo: Catalog_jul.csv
  EVENTS: false
  TREATCATALOG: true
  PREDICT: false
  POSPROCESS: false
  MAPS: false
  REPORT: false
  TEST: false


 -------------- INICIANDO O TRATAMENTO -------------------- 
 Tratando Catalog_jul.csv...
plot [WARNING]: 0.15+b not a valid number and may not be decoded properly.
plot [WARNING]: 0.15+b not a valid number and may not be decoded properly.
 Args: Namespace(eventos='eventos.csv', csv='Catalog_jul.csv', ascending=True, map=True, test=False)

Plotando distribuição de eventos por hora...
 Catálogo tratado com 2916 eventos
 nov de 2010 à jul de 2024

Plotando distribuição de eventos por hora...
 Catálogo bruto com 10218 eventos
 nov de 2010 à jul de 2024
Plotando mapa...
Salvando mapa...
Salvando mapa...
========================================================================
                        Fim do Pipeline                                 
========================================================================

~/projetos/ClassificadorSismologico
