
========================================================================
                       Iniciando do Pipeline                         
========================================================================

 Criando arquivos de backup...
 Arquivos de backup criados com sucesso!

 -> Executando events_pipeline.py...

 - Argumento 1: files/catalogo/catalogo-moho.csv
 --> Client:
  http://seisarc.sismo.iag.usp.br
 --> Client Backup:
  http://rsbr.on.br:8081/fdsnws/dataselect/1
-----------------------------------------------------


 --------- Iniciando o ProcessarID.py --------- 
 ------------------------------ Acessando Catálogo ------------------------------ 
  0%|          | 0/10 [00:00<?, ?it/s] 10%|█         | 1/10 [00:00<00:02,  4.45it/s] 40%|████      | 4/10 [00:00<00:00, 12.60it/s] 70%|███████   | 7/10 [00:00<00:00, 16.33it/s]100%|██████████| 10/10 [00:00<00:00, 17.82it/s]100%|██████████| 10/10 [00:00<00:00, 15.47it/s]
 --> Iterando sobre eventos
 - Número de eventos: 10
 - Client: http://seisarc.sismo.iag.usp.br
 - Client Backup: http://rsbr.on.br:8081/fdsnws/dataselect/1
 --> Adrquirindo Inventário de Estações
  0%|          | 0/10 [00:00<?, ?it/s]/home/ggrl/.pyenv/versions/sismologia/lib/python3.11/site-packages/obspy/core/inventory/network.py:321: UserWarning: Found more than one matching channel metadata. Returning first.
  warnings.warn(msg)
 30%|███       | 3/10 [00:00<00:00, 15.58it/s] 50%|█████     | 5/10 [00:00<00:00,  6.10it/s] 60%|██████    | 6/10 [00:00<00:00,  5.29it/s] 70%|███████   | 7/10 [00:01<00:00,  4.16it/s] 80%|████████  | 8/10 [00:01<00:00,  4.75it/s] 90%|█████████ | 9/10 [00:01<00:00,  4.31it/s]100%|██████████| 10/10 [00:02<00:00,  2.54it/s]100%|██████████| 10/10 [00:02<00:00,  3.87it/s]
############ Event 1: usp2014gyqn ############

--> Pick 1
 - Net: BL
 - Sta: BB19B
 - Cha: HHE
 - Loc: None
 - Seed ID: BL.BB19B..HHZ 
 - BL.BB19B X,Y : -21.0662, -48.5279
 - Distância até o epicentro: 0.4739622562125565 km
 Downloading ...
 Pick Time -> 2014-04-09T20:49:43.974670Z
 Origin Time -> 2014-04-09T20:49:40.000000Z
 Channel -> HHZ
 - Forma de onda baixada para:
   - estação BB19B
   - canal: HHZ
 -> Erro ao obter magnitude: 'NoneType' object has no attribute 'mag'
-----------------------------------------------------

 - Event: usp2014gyqn
 - Pwave Picks: 1
#####################################################

############ Event 2: usp2021ezmw ############

 - Event: usp2021ezmw
 - Pwave Picks: 0
#####################################################

############ Event 3: usp2020hkyw ############

--> Pick 1
 - Net: BR
 - Sta: PDRB
 - Cha: HHZ
 - Loc: None
 - Seed ID: BR.PDRB..HHZ 
 - BR.PDRB X,Y : -11.612297, -56.729597
 - Distância até o epicentro: 0.22934459104391727 km
 Downloading ...
 Pick Time -> 2020-04-15T14:40:19.978417Z
 Origin Time -> 2020-04-15T14:40:20.000000Z
 Channel -> HHZ
 - Forma de onda baixada para:
   - estação PDRB
   - canal: HHZ
 - Event: usp2020hkyw
 - Pwave Picks: 1
#####################################################

############ Event 4: usp2022gpbs ############

--> Pick 1
 - Net: NB
 - Sta: NBMO
 - Cha: HHZ
 - Loc: None
 - Seed ID: NB.NBMO..HHZ 
 - NB.NBMO X,Y : -3.310348, -40.042927
 - Distância até o epicentro: 0.6296512501624295 km
 Downloading ...
 Pick Time -> 2022-04-04T15:07:54.334523Z
 Origin Time -> 2022-04-04T15:07:42.000000Z
 Channel -> HHZ
 - Forma de onda baixada para:
   - estação NBMO
   - canal: HHZ
 - Event: usp2022gpbs
 - Pwave Picks: 1
#####################################################

############ Event 5: usp2014oaxt ############

--> Pick 1
 - Net: BR
 - Sta: NPGB
 - Cha: HHZ
 - Loc: None
 - Seed ID: BR.NPGB..HHZ 
 - BR.NPGB X,Y : -7.0454, -55.3579
 - Distância até o epicentro: 0.7840549447308719 km
 Downloading ...
 Pick Time -> 2014-07-19T17:41:08.185058Z
 Origin Time -> 2014-07-19T17:30:30.000000Z
 Channel -> HHZ
 - Forma de onda baixada para:
   - estação NPGB
   - canal: HHZ
 - Event: usp2014oaxt
 - Pwave Picks: 1
#####################################################

############ Event 6: usp2015rxwc ############

--> Pick 1
 - Net: NB
 - Sta: NBAN
 - Cha: HHZ
 - Loc: None
 - Seed ID: NB.NBAN..HHZ 
 - NB.NBAN X,Y : -9.668656, -36.274726
 - Distância até o epicentro: 33.505971131504076 km
 Downloading ...
 Pick Time -> 2016-09-12T23:24:35.547698Z
 Origin Time -> 2015-09-12T23:24:35.000000Z
 Channel -> HHZ
 - Forma de onda baixada para:
   - estação NBAN
   - canal: HHZ
 - Event: usp2015rxwc
 - Pwave Picks: 1
#####################################################

############ Event 7: usp2018cdft ############

--> Pick 1
 - Net: BX
 - Sta: LDASE
 - Cha: HHZ
 - Loc: None
 - Seed ID: BX.LDASE..HHZ 
 - BX.LDASE X,Y : -23.3932, -51.1177
 - Distância até o epicentro: 9.158357033931011 km
 Downloading ...
 Pick Time -> 2018-01-31T05:22:35.881485Z
 Origin Time -> 2018-01-31T05:22:34.000000Z
 Channel -> HHZ
 - Forma de onda baixada para:
   - estação LDASE
   - canal: HHZ
 - Event: usp2018cdft
 - Pwave Picks: 1
#####################################################

############ Event 8: usp2019dmvk ############

--> Pick 1
 - Net: BX
 - Sta: LDASE
 - Cha: HHZ
 - Loc: None
 - Seed ID: BX.LDASE..HHZ 
 - BX.LDASE X,Y : -23.3932, -51.1177
 - Distância até o epicentro: 11.366728946851751 km
 Downloading ...
 Pick Time -> 2019-02-19T17:08:54.749695Z
 Origin Time -> 2019-02-19T17:08:54.000000Z
 Channel -> HHZ
 - Forma de onda baixada para:
   - estação LDASE
   - canal: HHZ
 - Event: usp2019dmvk
 - Pwave Picks: 1
#####################################################

############ Event 9: usp2014kloc ############

--> Pick 1
 - Net: ON
 - Sta: CAM01
 - Cha: HHR
 - Loc: None
 - Seed ID: ON.CAM01..HHZ 
 - ON.CAM01 X,Y : -21.825656, -41.657401
 - Distância até o epicentro: 2.4514531673196425 km
 Downloading ...
 Pick Time -> 2014-05-29T14:58:33.841855Z
 Origin Time -> 2014-05-29T14:58:30.000000Z
 Channel -> HHZ
 - Forma de onda baixada para:
   - estação CAM01
   - canal: HHZ
 - Event: usp2014kloc
 - Pwave Picks: 1
#####################################################

############ Event 10: usp2015cjmh ############

--> Pick 1
 - Net: NB
 - Sta: NBRF
 - Cha: HHZ
 - Loc: None
 - Seed ID: NB.NBRF..HHZ 
 - NB.NBRF X,Y : -8.679466, -35.127172
 - Distância até o epicentro: 101.62578000652093 km
 Downloading ...
 Pick Time -> 2015-02-03T15:30:53.728118Z
 Origin Time -> 2015-02-03T15:30:35.694424Z
 Channel -> HHZ
 - Forma de onda baixada para:
   - estação NBRF
   - canal: HHZ
--> Pick 2
 - Net: NB
 - Sta: NBPA
 - Cha: HHZ
 - Loc: None
 - Seed ID: NB.NBPA..HHZ 
 - NB.NBPA X,Y : -5.75028, -37.112047
 - Distância até o epicentro: 313.89829803256146 km
 Downloading ...
 Pick Time -> 2015-02-03T15:31:21.921630Z
 Origin Time -> 2015-02-03T15:30:35.694424Z
 Channel -> HHZ
 - Forma de onda baixada para:
   - estação NBPA
   - canal: HHZ
--> Pick 3
 - Net: NB
 - Sta: NBLI
 - Cha: HHZ
 - Loc: None
 - Seed ID: NB.NBLI..HHZ 
 - NB.NBLI X,Y : -7.364556, -36.949743
 - Distância até o epicentro: 152.4593972818572 km
 Downloading ...
 Pick Time -> 2015-02-03T15:31:00.986785Z
 Origin Time -> 2015-02-03T15:30:35.694424Z
 Channel -> HHZ
 - Forma de onda baixada para:
   - estação NBLI
   - canal: HHZ
 - Event: usp2015cjmh
 - Pwave Picks: 3
#####################################################

Dados salvos com sucesso em ./files/events/events.csv
Erros salvos com sucesso em ./files/events/erros.csv

========================================================================
                        Fim do Pipeline                                 
========================================================================

