
========================================================================
                       Iniciando do Pipeline                         
========================================================================

Argumentos recebidos:
  Catalogo: catalogo-moho.csv
  EVENTS: false
  TREATCATALOG: true
  PREDICT: false
  POSPROCESS: false
  MAPS: false
  REPORT: false
  TEST: false


 -------------- INICIANDO O TRATAMENTO -------------------- 
 Tratando catalogo-moho.csv...
plot [WARNING]: 0.15+b not a valid number and may not be decoded properly.
plot [WARNING]: 0.15+b not a valid number and may not be decoded properly.
 Args: Namespace(eventos='eventos.csv', csv='catalogo-moho.csv', ascending=True, map=True, test=False)
 Catálogo tratado com 2782 eventos
 2782 - jan de 2010 à mai de 2024
 Catálogo bruto com 10172 eventos
 10172 - fev de 1903 à mai de 2024
Plotando mapa...
Salvando mapa...
Salvando mapa...
========================================================================
                        Fim do Pipeline                                 
========================================================================

~/projetos/ClassificadorSismologico
