
========================================================================
                       Iniciando do Pipeline                         
========================================================================

 Criando arquivos de backup...
 Arquivos de backup criados com sucesso!


 -------------- INICIANDO O TRATAMENTO -------------------- 
 Tratando catalogo-moho.csv...
Nenhum argumento foi passado

 -> Executando fluxo_eventos.py...

 - Catálogo: catalogo-moho_treated.csv
 --> Client:
  http://seisarc.sismo.iag.usp.br
 --> Client Backup:
  http://rsbr.on.br:8081/fdsnws/dataselect/1
-----------------------------------------------------

 --------- INICIANDO FLUXO DE EVENTOS  --------- 

 ------------------------------ ACESSANDO CATÁLOGO ------------------------------ 
 - Primeiro EventID: usp2024jjlx
 - EventID mediano: usp2017epyq
 - Último EventID: bsb19030212000000
  0%|          | 0/3403 [00:00<?, ?it/s]  0%|          | 1/3403 [00:00<12:33,  4.52it/s]  0%|          | 4/3403 [00:00<04:27, 12.70it/s]  0%|          | 6/3403 [00:01<14:03,  4.03it/s]  0%|          | 8/3403 [00:01<10:11,  5.55it/s]  0%|          | 11/3403 [00:01<06:49,  8.28it/s]  0%|          | 13/3403 [00:01<05:47,  9.76it/s]  0%|          | 15/3403 [00:01<05:34, 10.14it/s]  0%|          | 17/3403 [00:01<04:52, 11.57it/s]  1%|          | 19/3403 [00:02<04:20, 13.00it/s]  1%|          | 21/3403 [00:02<03:54, 14.42it/s]  1%|          | 23/3403 [00:02<03:59, 14.09it/s]  1%|          | 26/3403 [00:02<03:47, 14.82it/s]  1%|          | 28/3403 [00:02<03:44, 15.04it/s]  1%|          | 31/3403 [00:02<03:20, 16.80it/s]  1%|          | 34/3403 [00:02<03:06, 18.03it/s]  1%|          | 36/3403 [00:03<03:17, 17.08it/s]  1%|          | 39/3403 [00:03<03:05, 18.15it/s]  1%|          | 41/3403 [00:03<03:08, 17.84it/s]  1%|▏         | 43/3403 [00:03<03:05, 18.07it/s]