
========================================================================
                       Iniciando do Pipeline                         
========================================================================

 Criando arquivos de backup...
 Arquivos de backup criados com sucesso!

 -> Executando events_pipeline.py...

Erro ao conectar com o servidor Seisarc.sismo.iag.usp.br: No FDSN services could be discovered at 'http://seisarc.sismo.iag.usp.br'. This could be due to a temporary service outage or an invalid FDSN service address.

 Criando arquivos de backup...
cp: não foi possível obter estado de 'files/logs/predcsv/pred.csv': Arquivo ou diretório inexistente
 Arquivos de backup criados com sucesso!

 ---------------- Iniciando o cria_pred.py ---------------------------- 
Traceback (most recent call last):
  File "/home/ipt/projetos/ClassificadorSismologico/source/core/gerar_predcsv.py", line 37, in <module>
    gerar_predcsv()
  File "/home/ipt/projetos/ClassificadorSismologico/source/core/gerar_predcsv.py", line 7, in gerar_predcsv
    df_events = pd.read_csv(csv_events, sep=',')
                ^^^^^^^^^^^^^^^^^^^^^^^^^^^^^^^^
  File "/home/ipt/.pyenv/versions/sismologia/lib/python3.11/site-packages/pandas/io/parsers/readers.py", line 948, in read_csv
    return _read(filepath_or_buffer, kwds)
           ^^^^^^^^^^^^^^^^^^^^^^^^^^^^^^^
  File "/home/ipt/.pyenv/versions/sismologia/lib/python3.11/site-packages/pandas/io/parsers/readers.py", line 611, in _read
    parser = TextFileReader(filepath_or_buffer, **kwds)
             ^^^^^^^^^^^^^^^^^^^^^^^^^^^^^^^^^^^^^^^^^^
  File "/home/ipt/.pyenv/versions/sismologia/lib/python3.11/site-packages/pandas/io/parsers/readers.py", line 1448, in __init__
    self._engine = self._make_engine(f, self.engine)
                   ^^^^^^^^^^^^^^^^^^^^^^^^^^^^^^^^^
  File "/home/ipt/.pyenv/versions/sismologia/lib/python3.11/site-packages/pandas/io/parsers/readers.py", line 1705, in _make_engine
    self.handles = get_handle(
                   ^^^^^^^^^^^
  File "/home/ipt/.pyenv/versions/sismologia/lib/python3.11/site-packages/pandas/io/common.py", line 863, in get_handle
    handle = open(
             ^^^^^
FileNotFoundError: [Errno 2] No such file or directory: './files/events/events.csv'

========================================================================
                        Fim do Pipeline                                 
========================================================================

