
========================================================================
                       Iniciando do Pipeline                         
========================================================================

 ---------------- INICIANDO DATA_ANALYSIS/POSPROCESS.PY ---------------------------- 
/home/ipt/projetos/ClassificadorSismologico/fonte/analise_dados/pos_processa.py:505: SettingWithCopyWarning: 
A value is trying to be set on a copy of a slice from a DataFrame.
Try using .loc[row_indexer,col_indexer] = value instead

See the caveats in the documentation: https://pandas.pydata.org/pandas-docs/stable/user_guide/indexing.html#returning-a-view-versus-a-copy
  df['Hora'] = pd.to_numeric(df['Hora'])
/home/ipt/projetos/ClassificadorSismologico/fonte/analise_dados/pos_processa.py:506: SettingWithCopyWarning: 
A value is trying to be set on a copy of a slice from a DataFrame.
Try using .loc[row_indexer,col_indexer] = value instead

See the caveats in the documentation: https://pandas.pydata.org/pandas-docs/stable/user_guide/indexing.html#returning-a-view-versus-a-copy
  df['Cat Hora'] = pd.cut(
Fontconfig warning: "/home/ipt/.config/fontconfig/fonts.conf", line 11: saw number, expected string
posx and posy should be finite values
posx and posy should be finite values
posx and posy should be finite values
posx and posy should be finite values
posx and posy should be finite values
posx and posy should be finite values
posx and posy should be finite values
posx and posy should be finite values
posx and posy should be finite values
posx and posy should be finite values
posx and posy should be finite values
posx and posy should be finite values
posx and posy should be finite values
posx and posy should be finite values
/home/ipt/projetos/ClassificadorSismologico/fonte/analise_dados/pos_processa.py:789: RuntimeWarning: More than 20 figures have been opened. Figures created through the pyplot interface (`matplotlib.pyplot.figure`) are retained until explicitly closed and may consume too much memory. (To control this warning, see the rcParam `figure.max_open_warning`). Consider using `matplotlib.pyplot.close()`.
  fig, ax = plt.subplots(figsize=(19, 9))
posx and posy should be finite values
posx and posy should be finite values
posx and posy should be finite values
posx and posy should be finite values
posx and posy should be finite values
posx and posy should be finite values
posx and posy should be finite values
posx and posy should be finite values
posx and posy should be finite values
posx and posy should be finite values
posx and posy should be finite values
posx and posy should be finite values
posx and posy should be finite values
posx and posy should be finite values
posx and posy should be finite values
posx and posy should be finite values
posx and posy should be finite values
posx and posy should be finite values
posx and posy should be finite values
posx and posy should be finite values
posx and posy should be finite values
posx and posy should be finite values
posx and posy should be finite values
posx and posy should be finite values
posx and posy should be finite values
posx and posy should be finite values
posx and posy should be finite values
posx and posy should be finite values
posx and posy should be finite values
posx and posy should be finite values
posx and posy should be finite values
posx and posy should be finite values
/home/ipt/projetos/ClassificadorSismologico/fonte/analise_dados/pos_processa.py:1252: SettingWithCopyWarning: 
A value is trying to be set on a copy of a slice from a DataFrame.
Try using .loc[row_indexer,col_indexer] = value instead

See the caveats in the documentation: https://pandas.pydata.org/pandas-docs/stable/user_guide/indexing.html#returning-a-view-versus-a-copy
  df['SNR_P_cat'] = pd.Categorical(
/home/ipt/projetos/ClassificadorSismologico/fonte/analise_dados/pos_processa.py:1293: UserWarning: Tight layout not applied. The bottom and top margins cannot be made large enough to accommodate all Axes decorations.
  plt.tight_layout()
/home/ipt/projetos/ClassificadorSismologico/fonte/analise_dados/pos_processa.py:1321: RuntimeWarning: invalid value encountered in scalar divide
  nb_sta = df[df['SNR_P_Q2_cat'] == r].shape[0]/f_a
/home/ipt/projetos/ClassificadorSismologico/fonte/analise_dados/pos_processa.py:1321: RuntimeWarning: invalid value encountered in scalar divide
  nb_sta = df[df['SNR_P_Q2_cat'] == r].shape[0]/f_a
/home/ipt/projetos/ClassificadorSismologico/fonte/analise_dados/pos_processa.py:1452: FutureWarning: 

Passing `palette` without assigning `hue` is deprecated and will be removed in v0.14.0. Assign the `x` variable to `hue` and set `legend=False` for the same effect.

  sns.boxplot(
CategoricalIndex(['<1', '[1-2[', '[2-3[', '>=3'], categories=['<1', '[1-2[', '[2-3[', '>=3'], ordered=True, dtype='category', name='Magnitude_cat')
posx and posy should be finite values
posx and posy should be finite values
posx and posy should be finite values
posx and posy should be finite values
posx and posy should be finite values
posx and posy should be finite values
posx and posy should be finite values
posx and posy should be finite values
posx and posy should be finite values
posx and posy should be finite values
posx and posy should be finite values
posx and posy should be finite values
posx and posy should be finite values
posx and posy should be finite values
posx and posy should be finite values
posx and posy should be finite values
posx and posy should be finite values
posx and posy should be finite values
posx and posy should be finite values
posx and posy should be finite values
posx and posy should be finite values
posx and posy should be finite values
posx and posy should be finite values

 -------------- Processo de criação de mapas iniciado ------------------

 ----------------- Iniciando o pdflatex .tex ---------------------------- 
/home/ipt/projetos/ClassificadorSismologico/arquivos/figuras/pos_process
LaTeX file '/home/ipt/projetos/ClassificadorSismologico/fonte/relatorio-sismologia/tex/relatorio_preditivo/tex/figures.tex' has been created successfully.
 -> Mapa '/home/ipt/projetos/ClassificadorSismologico/fonte/relatorio-sismologia/tex/relatorio_preditivo/tex/mapa.tex' gerado com sucesso!
~/projetos/ClassificadorSismologico/fonte/relatorio-sismologia ~/projetos/ClassificadorSismologico ~/projetos/ClassificadorSismologico
This is pdfTeX, Version 3.141592653-2.6-1.40.24 (TeX Live 2022/Debian) (preloaded format=pdflatex)
 restricted \write18 enabled.
entering extended mode
(./relatorio_preditivo.tex
LaTeX2e <2022-11-01> patch level 1
L3 programming layer <2023-01-16> (./sismo_iptex.cls
Document Class: sismo_iptex 2024/04/23 Classe Sismologia IPT
(/usr/share/texlive/texmf-dist/tex/latex/base/article.cls
Document Class: article 2022/07/02 v1.4n Standard LaTeX document class
(/usr/share/texlive/texmf-dist/tex/latex/base/size12.clo))
(/usr/share/texlive/texmf-dist/tex/latex/mdframed/mdframed.sty
(/usr/share/texlive/texmf-dist/tex/latex/kvoptions/kvoptions.sty
(/usr/share/texlive/texmf-dist/tex/latex/graphics/keyval.sty)
(/usr/share/texlive/texmf-dist/tex/generic/ltxcmds/ltxcmds.sty)
(/usr/share/texlive/texmf-dist/tex/latex/kvsetkeys/kvsetkeys.sty))
(/usr/share/texlive/texmf-dist/tex/latex/l3packages/xparse/xparse.sty
(/usr/share/texlive/texmf-dist/tex/latex/l3kernel/expl3.sty
(/usr/share/texlive/texmf-dist/tex/latex/l3backend/l3backend-pdftex.def)))
(/usr/share/texlive/texmf-dist/tex/latex/etoolbox/etoolbox.sty)
(/usr/share/texlive/texmf-dist/tex/latex/zref/zref-abspage.sty
(/usr/share/texlive/texmf-dist/tex/latex/zref/zref-base.sty
(/usr/share/texlive/texmf-dist/tex/generic/infwarerr/infwarerr.sty)
(/usr/share/texlive/texmf-dist/tex/generic/kvdefinekeys/kvdefinekeys.sty)
(/usr/share/texlive/texmf-dist/tex/generic/pdftexcmds/pdftexcmds.sty
(/usr/share/texlive/texmf-dist/tex/generic/iftex/iftex.sty))
(/usr/share/texlive/texmf-dist/tex/generic/etexcmds/etexcmds.sty)
(/usr/share/texlive/texmf-dist/tex/latex/auxhook/auxhook.sty))
(/usr/share/texlive/texmf-dist/tex/latex/base/atbegshi-ltx.sty))
(/usr/share/texlive/texmf-dist/tex/latex/needspace/needspace.sty)
(/usr/share/texlive/texmf-dist/tex/latex/graphics/color.sty
(/usr/share/texlive/texmf-dist/tex/latex/graphics-cfg/color.cfg)
(/usr/share/texlive/texmf-dist/tex/latex/graphics-def/pdftex.def)
(/usr/share/texlive/texmf-dist/tex/latex/graphics/mathcolor.ltx))
(/usr/share/texlive/texmf-dist/tex/latex/mdframed/md-frame-0.mdf))
(/usr/share/texlive/texmf-dist/tex/latex/hyperref/hyperref.sty
(/usr/share/texlive/texmf-dist/tex/generic/pdfescape/pdfescape.sty)
(/usr/share/texlive/texmf-dist/tex/latex/hycolor/hycolor.sty)
(/usr/share/texlive/texmf-dist/tex/latex/letltxmacro/letltxmacro.sty)
(/usr/share/texlive/texmf-dist/tex/latex/hyperref/nameref.sty
(/usr/share/texlive/texmf-dist/tex/latex/refcount/refcount.sty)
(/usr/share/texlive/texmf-dist/tex/generic/gettitlestring/gettitlestring.sty))
(/usr/share/texlive/texmf-dist/tex/latex/hyperref/pd1enc.def)
(/usr/share/texlive/texmf-dist/tex/generic/intcalc/intcalc.sty)
(/usr/share/texlive/texmf-dist/tex/latex/hyperref/puenc.def)
(/usr/share/texlive/texmf-dist/tex/latex/url/url.sty)
(/usr/share/texlive/texmf-dist/tex/generic/bitset/bitset.sty
(/usr/share/texlive/texmf-dist/tex/generic/bigintcalc/bigintcalc.sty)))
(/usr/share/texlive/texmf-dist/tex/latex/hyperref/hpdftex.def
(/usr/share/texlive/texmf-dist/tex/latex/base/atveryend-ltx.sty)
(/usr/share/texlive/texmf-dist/tex/latex/rerunfilecheck/rerunfilecheck.sty
(/usr/share/texlive/texmf-dist/tex/generic/uniquecounter/uniquecounter.sty)))
(/usr/share/texlive/texmf-dist/tex/latex/base/inputenc.sty)
(/usr/share/texlive/texmf-dist/tex/latex/base/fontenc.sty)
(/usr/share/texlive/texmf-dist/tex/latex/mathtools/mathtools.sty
(/usr/share/texlive/texmf-dist/tex/latex/tools/calc.sty)
(/usr/share/texlive/texmf-dist/tex/latex/mathtools/mhsetup.sty)
(/usr/share/texlive/texmf-dist/tex/latex/amsmath/amsmath.sty
For additional information on amsmath, use the `?' option.
(/usr/share/texlive/texmf-dist/tex/latex/amsmath/amstext.sty
(/usr/share/texlive/texmf-dist/tex/latex/amsmath/amsgen.sty))
(/usr/share/texlive/texmf-dist/tex/latex/amsmath/amsbsy.sty)
(/usr/share/texlive/texmf-dist/tex/latex/amsmath/amsopn.sty)))
(/usr/share/texlive/texmf-dist/tex/latex/amscls/amsthm.sty)
(/usr/share/texlive/texmf-dist/tex/latex/amsfonts/amsfonts.sty)
(/usr/share/texlive/texmf-dist/tex/latex/amsfonts/amssymb.sty)
(/usr/share/texlive/texmf-dist/tex/latex/base/latexsym.sty)
(/usr/share/texlive/texmf-dist/tex/generic/mathabx/mathabx.sty
(/usr/share/texlive/texmf-dist/tex/generic/mathabx/mathabx.dcl))
(/usr/share/texlive/texmf-dist/tex/latex/graphics/graphicx.sty
(/usr/share/texlive/texmf-dist/tex/latex/graphics/graphics.sty
(/usr/share/texlive/texmf-dist/tex/latex/graphics/trig.sty)
(/usr/share/texlive/texmf-dist/tex/latex/graphics-cfg/graphics.cfg)))
(/usr/share/texlive/texmf-dist/tex/latex/psnfss/helvet.sty)
(/usr/share/texlive/texmf-dist/tex/latex/base/fancyhdr.sty)
(/usr/share/texlive/texmf-dist/tex/latex/tools/indentfirst.sty)
(/usr/share/texlive/texmf-dist/tex/latex/float/float.sty)
(/usr/share/texlive/texmf-dist/tex/latex/multirow/multirow.sty)
(/usr/share/texlive/texmf-dist/tex/latex/graphics/lscape.sty)
(/usr/share/texlive/texmf-dist/tex/latex/lastpage/lastpage.sty)
(/usr/share/texlive/texmf-dist/tex/latex/caption/caption.sty
(/usr/share/texlive/texmf-dist/tex/latex/caption/caption3.sty))
(/usr/share/texlive/texmf-dist/tex/latex/subfig/subfig.sty)
(/usr/share/texlive/texmf-dist/tex/latex/pdfpages/pdfpages.sty
(/usr/share/texlive/texmf-dist/tex/latex/base/ifthen.sty)
(/usr/share/texlive/texmf-dist/tex/latex/eso-pic/eso-pic.sty)
(/usr/share/texlive/texmf-dist/tex/latex/pdfpages/pppdftex.def))
(/usr/share/texlive/texmf-dist/tex/latex/setspace/setspace.sty)
(/usr/share/texlive/texmf-dist/tex/latex/changepage/changepage.sty)
(/usr/share/texlive/texmf-dist/tex/latex/tocloft/tocloft.sty)
(/usr/share/texlive/texmf-dist/tex/latex/lipsum/lipsum.sty
(/usr/share/texlive/texmf-dist/tex/latex/l3packages/l3keys2e/l3keys2e.sty)
(/usr/share/texlive/texmf-dist/tex/latex/lipsum/lipsum.ltd.tex))
(/usr/share/texlive/texmf-dist/tex/latex/sectsty/sectsty.sty

LaTeX Warning: Command \underbar  has changed.
               Check if current package is valid.


LaTeX Warning: Command \underline  has changed.
               Check if current package is valid.

) (/usr/share/texlive/texmf-dist/tex/latex/base/textcomp.sty)
(/usr/share/texlive/texmf-dist/tex/latex/booktabs/booktabs.sty)
(/usr/share/texlive/texmf-dist/tex/latex/stmaryrd/stmaryrd.sty)
(/usr/share/texlive/texmf-dist/tex/latex/siunitx/siunitx.sty
(/usr/share/texlive/texmf-dist/tex/latex/translations/translations.sty)
(/usr/share/texlive/texmf-dist/tex/latex/tools/array.sty))
(/usr/share/texlive/texmf-dist/tex/latex/was/upgreek.sty)
(/usr/share/texlive/texmf-dist/tex/latex/xcolor/xcolor.sty
(/usr/share/texlive/texmf-dist/tex/latex/graphics-cfg/color.cfg)
(/usr/share/texlive/texmf-dist/tex/latex/colortbl/colortbl.sty)
(/usr/share/texlive/texmf-dist/tex/latex/graphics/mathcolor.ltx))
(/usr/share/texlive/texmf-dist/tex/latex/tools/tabularx.sty)
(/usr/share/texlive/texmf-dist/tex/latex/enumitem/enumitem.sty)
(/usr/share/texlive/texmf-dist/tex/latex/geometry/geometry.sty
(/usr/share/texlive/texmf-dist/tex/generic/iftex/ifvtex.sty))
(/usr/share/texlive/texmf-dist/tex/latex/capt-of/capt-of.sty

! LaTeX Error: Command \captionof already defined.
               Or name \end... illegal, see p.192 of the manual.

See the LaTeX manual or LaTeX Companion for explanation.
Type  H <return>  for immediate help.
 ...                                              
                                                  
l.30 ...nd\captionof[1]{\def\@captype{#1}\caption}
                                                  
? ) (/usr/share/texlive/texmf-dist/tex/latex/xargs/xargs.sty
(/usr/share/texlive/texmf-dist/tex/latex/xkeyval/xkeyval.sty
(/usr/share/texlive/texmf-dist/tex/generic/xkeyval/xkeyval.tex
(/usr/share/texlive/texmf-dist/tex/generic/xkeyval/xkvutils.tex))))
(/usr/share/texlive/texmf-dist/tex/latex/tools/longtable.sty)
(/usr/share/texlive/texmf-dist/tex/latex/makecell/makecell.sty)
(/usr/share/texlive/texmf-dist/tex/latex/adjustbox/adjustbox.sty
(/usr/share/texlive/texmf-dist/tex/latex/adjustbox/adjcalc.sty)
(/usr/share/texlive/texmf-dist/tex/latex/adjustbox/trimclip.sty
(/usr/share/texlive/texmf-dist/tex/latex/collectbox/collectbox.sty)
(/usr/share/texlive/texmf-dist/tex/latex/adjustbox/tc-pdftex.def))
(/usr/share/texlive/texmf-dist/tex/latex/ifoddpage/ifoddpage.sty)
(/usr/share/texlive/texmf-dist/tex/latex/varwidth/varwidth.sty))
(/usr/share/texlive/texmf-dist/tex/latex/pdflscape/pdflscape.sty
(/usr/share/texlive/texmf-dist/tex/latex/pdflscape/pdflscape-nometadata.sty))
(/usr/share/texlive/texmf-dist/tex/latex/pdfx/pdfx.sty
(/usr/share/texlive/texmf-dist/tex/generic/iftex/ifpdf.sty)
(/usr/share/texlive/texmf-dist/tex/generic/iftex/ifxetex.sty)
(/usr/share/texlive/texmf-dist/tex/latex/everyshi/everyshi.sty)
(/usr/share/texlive/texmf-dist/tex/generic/iftex/ifluatex.sty){/var/lib/texmf/f
onts/map/pdftex/updmap/pdftex.map}
(/usr/share/texlive/texmf-dist/tex/latex/pdfx/l8u-penc.def)

Package hyperref Warning: Option `pdftex' has already been used,
(hyperref)                setting the option has no effect on input line 1461.


Package hyperref Warning: Option `pdfa' has already been used,
(hyperref)                setting the option has no effect on input line 1461.

(/usr/share/texlive/texmf-dist/tex/generic/stringenc/stringenc.sty)
(/usr/share/texlive/texmf-dist/tex/latex/hyperref/puenc-greekbasic.def)
(/usr/share/texlive/texmf-dist/tex/latex/hyperref/psdextra.def)
(/usr/share/texlive/texmf-dist/tex/generic/colorprofiles/colorprofiles.sty
(/usr/share/texlive/texmf-dist/tex/generic/colorprofiles/colorprofiles.tex))
(/usr/share/texlive/texmf-dist/tex/generic/stringenc/se-pdfdoc.def)
(/usr/share/texlive/texmf-dist/tex/latex/pdfx/AdobeColorProfiles.tex)
(/usr/share/texlive/texmf-dist/tex/latex/pdfx/8bit.def)
** pdfx: No file relatorio_preditivo.xmpdata . Metadata will be incomplete!
<<sRGB.icc>> (/usr/share/texlive/texmf-dist/tex/latex/pdfx/8bit.def)
(/usr/share/texlive/texmf-dist/tex/generic/pdftex/glyphtounicode.tex)
(/usr/share/texlive/texmf-dist/tex/latex/pdfx/glyphtounicode-cmr.tex)
(/usr/share/texlive/texmf-dist/tex/latex/pdfx/glyphtounicode-ntx.tex)
(/usr/share/texlive/texmf-dist/tex/latex/xmpincl/xmpincl.sty)
(/usr/share/texlive/texmf-dist/tex/latex/pdfx/8bit.def)
Using XMP template file: pdfa.xmp
<<pdfa.xmpi>>))
(/usr/share/texlive/texmf-dist/tex/latex/mathastext/mathastext.sty
** ! and ?
** punctuation: , . : ; and \colon
** + and =
** adding = ; and + to \nfss@catcodes
** parentheses ( ) [ ] and slash /
** alldelims: < > \backslash \setminus | \vert \mid \{ and \}
** \# \mathdollar \% \& 
** \imath and \jmath 
** Latin letters in the `normal' (resp. `bold') math versions are now
** set up to use the fonts T1/phv/m(b)/it
** Other characters (digits, ...) and \log-like names will be
** typeset with the n shape.
** \hbar
** minus as endash
** \Huge and \HUGE have been (re)-defined.
** mathastext has declared larger sizes for subscripts.
** To keep LaTeX defaults, use option `defaultmathsizes'.
)
! Undefined control sequence.
l.13 \addto
           \captionsbrazil{%
? ! Undefined control sequence.
l.13 \addto\captionsbrazil
                          {%
? ! Undefined control sequence.
l.17 \addto
           \captionsenglish{%
? ! Undefined control sequence.
l.17 \addto\captionsenglish
                           {%
? (/usr/share/texlive/texmf-dist/tex/latex/abntex2/abntex2cite.sty
(/usr/share/texlive/texmf-dist/tex/latex/abntex2/abntex2abrev.sty)
(/usr/share/texlive/texmf-dist/tex/latex/relsize/relsize.sty))
(/usr/share/texlive/texmf-dist/tex/latex/psnfss/t1phv.fd)
(/home/ipt/projetos/ClassificadorSismologico/arquivos/resultados/relatorios/rel
atorio_preditivo.aux)
(/usr/share/texlive/texmf-dist/tex/context/base/mkii/supp-pdf.mkii
[Loading MPS to PDF converter (version 2006.09.02).]
) (/usr/share/texlive/texmf-dist/tex/latex/epstopdf-pkg/epstopdf-base.sty
(/usr/share/texlive/texmf-dist/tex/latex/latexconfig/epstopdf-sys.cfg))
(/home/ipt/projetos/ClassificadorSismologico/arquivos/resultados/relatorios/rel
atorio_preditivo.out)
(/home/ipt/projetos/ClassificadorSismologico/arquivos/resultados/relatorios/rel
atorio_preditivo.out)
(/usr/share/texlive/texmf-dist/tex/latex/ragged2e/ragged2e.sty)
(/usr/share/texlive/texmf-dist/tex/latex/translations/translations-basic-dictio
nary-english.trsl)
*geometry* driver: auto-detecting
*geometry* detected driver: pdftex
(./tex/relatorio_preditivo/tex/capa.tex

LaTeX Warning: File `tex/figuras_tex/headImage.pdf' not found on input line 12.



! Package pdftex.def Error: File `tex/figuras_tex/headImage.pdf' not found: usi
ng draft setting.

See the pdftex.def package documentation for explanation.
Type  H <return>  for immediate help.
 ...                                              
                                                  
l.12 \capa
          
? (/usr/share/texlive/texmf-dist/tex/latex/base/t1cmtt.fd)

LaTeX Warning: File `tex/figuras_tex/footImage.pdf' not found on input line 12.



! Package pdftex.def Error: File `tex/figuras_tex/footImage.pdf' not found: usi
ng draft setting.

See the pdftex.def package documentation for explanation.
Type  H <return>  for immediate help.
 ...                                              
                                                  
l.12 \capa
          
? 
Package Fancyhdr Warning: \footskip is too small (71.13188pt): 
 Make it at least 72.26999pt.
 We now make it that large for the rest of the document.
 This may cause the page layout to be inconsistent, however.

[1]

LaTeX Warning: File `tex/figuras_tex/headImage.pdf' not found on input line 17.



! Package pdftex.def Error: File `tex/figuras_tex/headImage.pdf' not found: usi
ng draft setting.

See the pdftex.def package documentation for explanation.
Type  H <return>  for immediate help.
 ...                                              
                                                  
l.17 \tableofcontents
                     
? (/usr/share/texlive/texmf-dist/tex/latex/psnfss/ts1phv.fd)

LaTeX Warning: File `tex/figuras_tex/footImage.pdf' not found on input line 17.



! Package pdftex.def Error: File `tex/figuras_tex/footImage.pdf' not found: usi
ng draft setting.

See the pdftex.def package documentation for explanation.
Type  H <return>  for immediate help.
 ...                                              
                                                  
l.17 \tableofcontents
                     
? 
Package Fancyhdr Warning: \footskip is too small (71.13188pt): 
 Make it at least 72.26999pt.
 We now make it that large for the rest of the document.
 This may cause the page layout to be inconsistent, however.

[1]
(/home/ipt/projetos/ClassificadorSismologico/arquivos/resultados/relatorios/rel
atorio_preditivo.toc (/usr/share/texlive/texmf-dist/tex/latex/amsfonts/umsa.fd)
(/usr/share/texlive/texmf-dist/tex/latex/amsfonts/umsb.fd)
(/usr/share/texlive/texmf-dist/tex/latex/base/ulasy.fd)
(/usr/share/texlive/texmf-dist/tex/latex/stmaryrd/Ustmry.fd))

LaTeX Warning: File `tex/figuras_tex/headImage.pdf' not found on input line 20.



! Package pdftex.def Error: File `tex/figuras_tex/headImage.pdf' not found: usi
ng draft setting.

See the pdftex.def package documentation for explanation.
Type  H <return>  for immediate help.
 ...                                              
                                                  
l.20 \renewcommand
                  {\thepage}{\arabic{page}}
? 
LaTeX Warning: File `tex/figuras_tex/footImage.pdf' not found on input line 20.



! Package pdftex.def Error: File `tex/figuras_tex/footImage.pdf' not found: usi
ng draft setting.

See the pdftex.def package documentation for explanation.
Type  H <return>  for immediate help.
 ...                                              
                                                  
l.20 \renewcommand
                  {\thepage}{\arabic{page}}
? 
Package Fancyhdr Warning: \footskip is too small (71.13188pt): 
 Make it at least 72.26999pt.
 We now make it that large for the rest of the document.
 This may cause the page layout to be inconsistent, however.

[2]) (./tex/relatorio_preditivo/tex/corpo.tex
(./tex/relatorio_preditivo/tex/introducao.tex)
(./tex/relatorio_preditivo/tex/atividades_resultados.tex

LaTeX Warning: File `tex/figuras_tex/headImage.pdf' not found on input line 11.



! Package pdftex.def Error: File `tex/figuras_tex/headImage.pdf' not found: usi
ng draft setting.

See the pdftex.def package documentation for explanation.
Type  H <return>  for immediate help.
 ...                                              
                                                  
l.11 
     
? 
LaTeX Warning: File `tex/figuras_tex/footImage.pdf' not found on input line 11.



! Package pdftex.def Error: File `tex/figuras_tex/footImage.pdf' not found: usi
ng draft setting.

See the pdftex.def package documentation for explanation.
Type  H <return>  for immediate help.
 ...                                              
                                                  
l.11 
     
? 
Package Fancyhdr Warning: \footskip is too small (71.13188pt): 
 Make it at least 72.26999pt.
 We now make it that large for the rest of the document.
 This may cause the page layout to be inconsistent, however.


pdfTeX warning (ext4): destination with the same identifier (name{page.1}) has 
been already used, duplicate ignored
<to be read again> 
                   \relax 
l.11 
      [1]

LaTeX Warning: File `tex/figuras_tex/headImage.pdf' not found on input line 29.



! Package pdftex.def Error: File `tex/figuras_tex/headImage.pdf' not found: usi
ng draft setting.

See the pdftex.def package documentation for explanation.
Type  H <return>  for immediate help.
 ...                                              
                                                  
l.29 
     
? 
LaTeX Warning: File `tex/figuras_tex/footImage.pdf' not found on input line 29.



! Package pdftex.def Error: File `tex/figuras_tex/footImage.pdf' not found: usi
ng draft setting.

See the pdftex.def package documentation for explanation.
Type  H <return>  for immediate help.
 ...                                              
                                                  
l.29 
     
? 
Package Fancyhdr Warning: \footskip is too small (71.13188pt): 
 Make it at least 72.26999pt.
 We now make it that large for the rest of the document.
 This may cause the page layout to be inconsistent, however.

[2] (./tex/relatorio_preditivo/tex/mapa.tex

LaTeX Warning: File `/home/ipt/projetos/ClassificadorSismologico/arquivos/figur
as/mapas/mapa.png' not found on input line 11.


! Package pdftex.def Error: File `/home/ipt/projetos/ClassificadorSismologico/a
rquivos/figuras/mapas/mapa.png' not found: using draft setting.

See the pdftex.def package documentation for explanation.
Type  H <return>  for immediate help.
 ...                                              
                                                  
l.11 ...smologico/arquivos/figuras/mapas/mapa.png}
                                                  
? )

LaTeX Warning: File `tex/figuras_tex/headImage.pdf' not found on input line 48.



! Package pdftex.def Error: File `tex/figuras_tex/headImage.pdf' not found: usi
ng draft setting.

See the pdftex.def package documentation for explanation.
Type  H <return>  for immediate help.
 ...                                              
                                                  
l.48 \par{A
            validação destes resultados foi facilitada pela utilização d...

? 
LaTeX Warning: File `tex/figuras_tex/footImage.pdf' not found on input line 48.



! Package pdftex.def Error: File `tex/figuras_tex/footImage.pdf' not found: usi
ng draft setting.

See the pdftex.def package documentation for explanation.
Type  H <return>  for immediate help.
 ...                                              
                                                  
l.48 \par{A
            validação destes resultados foi facilitada pela utilização d...

? 
Package Fancyhdr Warning: \footskip is too small (71.13188pt): 
 Make it at least 72.26999pt.
 We now make it that large for the rest of the document.
 This may cause the page layout to be inconsistent, however.

[3] (./tex/relatorio_preditivo/tex/figures.tex

LaTeX Warning: File `tex/figuras_tex/headImage.pdf' not found on input line 8.


! Package pdftex.def Error: File `tex/figuras_tex/headImage.pdf' not found: usi
ng draft setting.

See the pdftex.def package documentation for explanation.
Type  H <return>  for immediate help.
 ...                                              
                                                  
l.8 
    
? 
LaTeX Warning: File `tex/figuras_tex/footImage.pdf' not found on input line 8.


! Package pdftex.def Error: File `tex/figuras_tex/footImage.pdf' not found: usi
ng draft setting.

See the pdftex.def package documentation for explanation.
Type  H <return>  for immediate help.
 ...                                              
                                                  
l.8 
    
? 
Package Fancyhdr Warning: \footskip is too small (71.13188pt): 
 Make it at least 72.26999pt.
 We now make it that large for the rest of the document.
 This may cause the page layout to be inconsistent, however.

[4
pdfTeX warning (ext4): destination with the same identifier (name{figure.1}) ha
s been already used, duplicate ignored
<argument> ...shipout:D \box_use:N \l_shipout_box 
                                                  \__shipout_drop_firstpage_...
l.8 
    ]

LaTeX Warning: File `tex/figuras_tex/headImage.pdf' not found on input line 24.



! Package pdftex.def Error: File `tex/figuras_tex/headImage.pdf' not found: usi
ng draft setting.

See the pdftex.def package documentation for explanation.
Type  H <return>  for immediate help.
 ...                                              
                                                  
l.24 
     
? 
LaTeX Warning: File `tex/figuras_tex/footImage.pdf' not found on input line 24.



! Package pdftex.def Error: File `tex/figuras_tex/footImage.pdf' not found: usi
ng draft setting.

See the pdftex.def package documentation for explanation.
Type  H <return>  for immediate help.
 ...                                              
                                                  
l.24 
     
? 
Package Fancyhdr Warning: \footskip is too small (71.13188pt): 
 Make it at least 72.26999pt.
 We now make it that large for the rest of the document.
 This may cause the page layout to be inconsistent, however.

[5
pdfTeX warning (ext4): destination with the same identifier (name{figure.2}) ha
s been already used, duplicate ignored
<argument> ...shipout:D \box_use:N \l_shipout_box 
                                                  \__shipout_drop_firstpage_...
l.24 
     
pdfTeX warning (ext4): destination with the same identifier (name{figure.3}) ha
s been already used, duplicate ignored
<argument> ...shipout:D \box_use:N \l_shipout_box 
                                                  \__shipout_drop_firstpage_...
l.24 
      </home/ipt/projetos/ClassificadorSismologico/arquivos/figuras/pos_process
/8.04008_boxplot_ev_distance_event.png> </home/ipt/projetos/ClassificadorSismol
ogico/arquivos/figuras/pos_process/n_sta_recall_04008.png>]

LaTeX Warning: File `tex/figuras_tex/headImage.pdf' not found on input line 40.



! Package pdftex.def Error: File `tex/figuras_tex/headImage.pdf' not found: usi
ng draft setting.

See the pdftex.def package documentation for explanation.
Type  H <return>  for immediate help.
 ...                                              
                                                  
l.40 
     
? 
LaTeX Warning: File `tex/figuras_tex/footImage.pdf' not found on input line 40.



! Package pdftex.def Error: File `tex/figuras_tex/footImage.pdf' not found: usi
ng draft setting.

See the pdftex.def package documentation for explanation.
Type  H <return>  for immediate help.
 ...                                              
                                                  
l.40 
     
? 
Package Fancyhdr Warning: \footskip is too small (71.13188pt): 
 Make it at least 72.26999pt.
 We now make it that large for the rest of the document.
 This may cause the page layout to be inconsistent, however.

[6
pdfTeX warning (ext4): destination with the same identifier (name{figure.4}) ha
s been already used, duplicate ignored
<argument> ...shipout:D \box_use:N \l_shipout_box 
                                                  \__shipout_drop_firstpage_...
l.40 
     
pdfTeX warning (ext4): destination with the same identifier (name{figure.5}) ha
s been already used, duplicate ignored
<argument> ...shipout:D \box_use:N \l_shipout_box 
                                                  \__shipout_drop_firstpage_...
l.40 
      </home/ipt/projetos/ClassificadorSismologico/arquivos/figuras/pos_process
/n_sta_recall_1.254008.png> </home/ipt/projetos/ClassificadorSismologico/arquiv
os/figuras/pos_process/0.54008_boxplot_ev_distance_event.png>]

LaTeX Warning: File `tex/figuras_tex/headImage.pdf' not found on input line 56.



! Package pdftex.def Error: File `tex/figuras_tex/headImage.pdf' not found: usi
ng draft setting.

See the pdftex.def package documentation for explanation.
Type  H <return>  for immediate help.
 ...                                              
                                                  
l.56 
     
? 
LaTeX Warning: File `tex/figuras_tex/footImage.pdf' not found on input line 56.



! Package pdftex.def Error: File `tex/figuras_tex/footImage.pdf' not found: usi
ng draft setting.

See the pdftex.def package documentation for explanation.
Type  H <return>  for immediate help.
 ...                                              
                                                  
l.56 
     
? 
Package Fancyhdr Warning: \footskip is too small (71.13188pt): 
 Make it at least 72.26999pt.
 We now make it that large for the rest of the document.
 This may cause the page layout to be inconsistent, however.

[7
pdfTeX warning (ext4): destination with the same identifier (name{figure.6}) ha
s been already used, duplicate ignored
<argument> ...shipout:D \box_use:N \l_shipout_box 
                                                  \__shipout_drop_firstpage_...
l.56 
     
pdfTeX warning (ext4): destination with the same identifier (name{figure.7}) ha
s been already used, duplicate ignored
<argument> ...shipout:D \box_use:N \l_shipout_box 
                                                  \__shipout_drop_firstpage_...
l.56 
      </home/ipt/projetos/ClassificadorSismologico/arquivos/figuras/pos_process
/n_sta_recall_1.04008.png> </home/ipt/projetos/ClassificadorSismologico/arquivo
s/figuras/pos_process/5.04008_boxplot_ev_distance_event.png>]

LaTeX Warning: File `tex/figuras_tex/headImage.pdf' not found on input line 72.



! Package pdftex.def Error: File `tex/figuras_tex/headImage.pdf' not found: usi
ng draft setting.

See the pdftex.def package documentation for explanation.
Type  H <return>  for immediate help.
 ...                                              
                                                  
l.72 
     
? 
LaTeX Warning: File `tex/figuras_tex/footImage.pdf' not found on input line 72.



! Package pdftex.def Error: File `tex/figuras_tex/footImage.pdf' not found: usi
ng draft setting.

See the pdftex.def package documentation for explanation.
Type  H <return>  for immediate help.
 ...                                              
                                                  
l.72 
     
? 
Package Fancyhdr Warning: \footskip is too small (71.13188pt): 
 Make it at least 72.26999pt.
 We now make it that large for the rest of the document.
 This may cause the page layout to be inconsistent, however.

[8
pdfTeX warning (ext4): destination with the same identifier (name{figure.8}) ha
s been already used, duplicate ignored
<argument> ...shipout:D \box_use:N \l_shipout_box 
                                                  \__shipout_drop_firstpage_...
l.72 
     
pdfTeX warning (ext4): destination with the same identifier (name{figure.9}) ha
s been already used, duplicate ignored
<argument> ...shipout:D \box_use:N \l_shipout_box 
                                                  \__shipout_drop_firstpage_...
l.72 
      </home/ipt/projetos/ClassificadorSismologico/arquivos/figuras/pos_process
/n_sta_recall_1.754008.png> </home/ipt/projetos/ClassificadorSismologico/arquiv
os/figuras/pos_process/04008_hist_ev_distance_event.png>]

LaTeX Warning: File `tex/figuras_tex/headImage.pdf' not found on input line 88.



! Package pdftex.def Error: File `tex/figuras_tex/headImage.pdf' not found: usi
ng draft setting.

See the pdftex.def package documentation for explanation.
Type  H <return>  for immediate help.
 ...                                              
                                                  
l.88 
     
? 
LaTeX Warning: File `tex/figuras_tex/footImage.pdf' not found on input line 88.



! Package pdftex.def Error: File `tex/figuras_tex/footImage.pdf' not found: usi
ng draft setting.

See the pdftex.def package documentation for explanation.
Type  H <return>  for immediate help.
 ...                                              
                                                  
l.88 
     
? 
Package Fancyhdr Warning: \footskip is too small (71.13188pt): 
 Make it at least 72.26999pt.
 We now make it that large for the rest of the document.
 This may cause the page layout to be inconsistent, however.

[9
pdfTeX warning (ext4): destination with the same identifier (name{figure.10}) h
as been already used, duplicate ignored
<argument> ...shipout:D \box_use:N \l_shipout_box 
                                                  \__shipout_drop_firstpage_...
l.88 
     
pdfTeX warning (ext4): destination with the same identifier (name{figure.11}) h
as been already used, duplicate ignored
<argument> ...shipout:D \box_use:N \l_shipout_box 
                                                  \__shipout_drop_firstpage_...
l.88 
      </home/ipt/projetos/ClassificadorSismologico/arquivos/figuras/pos_process
/n_sta_recall_2.04008.png> </home/ipt/projetos/ClassificadorSismologico/arquivo
s/figuras/pos_process/04008_hist_ev_distance.png>]

LaTeX Warning: File `tex/figuras_tex/headImage.pdf' not found on input line 104
.


! Package pdftex.def Error: File `tex/figuras_tex/headImage.pdf' not found: usi
ng draft setting.

See the pdftex.def package documentation for explanation.
Type  H <return>  for immediate help.
 ...                                              
                                                  
l.104 
      
? 
LaTeX Warning: File `tex/figuras_tex/footImage.pdf' not found on input line 104
.


! Package pdftex.def Error: File `tex/figuras_tex/footImage.pdf' not found: usi
ng draft setting.

See the pdftex.def package documentation for explanation.
Type  H <return>  for immediate help.
 ...                                              
                                                  
l.104 
      
? 
Package Fancyhdr Warning: \footskip is too small (71.13188pt): 
 Make it at least 72.26999pt.
 We now make it that large for the rest of the document.
 This may cause the page layout to be inconsistent, however.

[10
pdfTeX warning (ext4): destination with the same identifier (name{figure.12}) h
as been already used, duplicate ignored
<argument> ...shipout:D \box_use:N \l_shipout_box 
                                                  \__shipout_drop_firstpage_...
l.104 
      
pdfTeX warning (ext4): destination with the same identifier (name{figure.13}) h
as been already used, duplicate ignored
<argument> ...shipout:D \box_use:N \l_shipout_box 
                                                  \__shipout_drop_firstpage_...
l.104 
       </home/ipt/projetos/ClassificadorSismologico/arquivos/figuras/pos_proces
s/04008_boxplot_ev_mag_event.png> </home/ipt/projetos/ClassificadorSismologico/
arquivos/figuras/pos_process/n_sta_recall_0.54008.png>]

LaTeX Warning: File `tex/figuras_tex/headImage.pdf' not found on input line 120
.


! Package pdftex.def Error: File `tex/figuras_tex/headImage.pdf' not found: usi
ng draft setting.

See the pdftex.def package documentation for explanation.
Type  H <return>  for immediate help.
 ...                                              
                                                  
l.120 
      
? 
LaTeX Warning: File `tex/figuras_tex/footImage.pdf' not found on input line 120
.


! Package pdftex.def Error: File `tex/figuras_tex/footImage.pdf' not found: usi
ng draft setting.

See the pdftex.def package documentation for explanation.
Type  H <return>  for immediate help.
 ...                                              
                                                  
l.120 
      
? 
Package Fancyhdr Warning: \footskip is too small (71.13188pt): 
 Make it at least 72.26999pt.
 We now make it that large for the rest of the document.
 This may cause the page layout to be inconsistent, however.

[11
pdfTeX warning (ext4): destination with the same identifier (name{figure.14}) h
as been already used, duplicate ignored
<argument> ...shipout:D \box_use:N \l_shipout_box 
                                                  \__shipout_drop_firstpage_...
l.120 
      
pdfTeX warning (ext4): destination with the same identifier (name{figure.15}) h
as been already used, duplicate ignored
<argument> ...shipout:D \box_use:N \l_shipout_box 
                                                  \__shipout_drop_firstpage_...
l.120 
       </home/ipt/projetos/ClassificadorSismologico/arquivos/figuras/pos_proces
s/n_sta_recall_4.04008.png> </home/ipt/projetos/ClassificadorSismologico/arquiv
os/figuras/pos_process/2.04008_boxplot_ev_distance_event.png>]

LaTeX Warning: File `tex/figuras_tex/headImage.pdf' not found on input line 136
.


! Package pdftex.def Error: File `tex/figuras_tex/headImage.pdf' not found: usi
ng draft setting.

See the pdftex.def package documentation for explanation.
Type  H <return>  for immediate help.
 ...                                              
                                                  
l.136 
      
? 
LaTeX Warning: File `tex/figuras_tex/footImage.pdf' not found on input line 136
.


! Package pdftex.def Error: File `tex/figuras_tex/footImage.pdf' not found: usi
ng draft setting.

See the pdftex.def package documentation for explanation.
Type  H <return>  for immediate help.
 ...                                              
                                                  
l.136 
      
? 
Package Fancyhdr Warning: \footskip is too small (71.13188pt): 
 Make it at least 72.26999pt.
 We now make it that large for the rest of the document.
 This may cause the page layout to be inconsistent, however.

[12
pdfTeX warning (ext4): destination with the same identifier (name{figure.16}) h
as been already used, duplicate ignored
<argument> ...shipout:D \box_use:N \l_shipout_box 
                                                  \__shipout_drop_firstpage_...
l.136 
      
pdfTeX warning (ext4): destination with the same identifier (name{figure.17}) h
as been already used, duplicate ignored
<argument> ...shipout:D \box_use:N \l_shipout_box 
                                                  \__shipout_drop_firstpage_...
l.136 
       </home/ipt/projetos/ClassificadorSismologico/arquivos/figuras/pos_proces
s/7.04008_boxplot_ev_distance_event.png> </home/ipt/projetos/ClassificadorSismo
logico/arquivos/figuras/pos_process/1.754008_boxplot_ev_distance_event.png>]

LaTeX Warning: File `tex/figuras_tex/headImage.pdf' not found on input line 152
.


! Package pdftex.def Error: File `tex/figuras_tex/headImage.pdf' not found: usi
ng draft setting.

See the pdftex.def package documentation for explanation.
Type  H <return>  for immediate help.
 ...                                              
                                                  
l.152 
      
? 
LaTeX Warning: File `tex/figuras_tex/footImage.pdf' not found on input line 152
.


! Package pdftex.def Error: File `tex/figuras_tex/footImage.pdf' not found: usi
ng draft setting.

See the pdftex.def package documentation for explanation.
Type  H <return>  for immediate help.
 ...                                              
                                                  
l.152 
      
? 
Package Fancyhdr Warning: \footskip is too small (71.13188pt): 
 Make it at least 72.26999pt.
 We now make it that large for the rest of the document.
 This may cause the page layout to be inconsistent, however.

[13
pdfTeX warning (ext4): destination with the same identifier (name{figure.18}) h
as been already used, duplicate ignored
<argument> ...shipout:D \box_use:N \l_shipout_box 
                                                  \__shipout_drop_firstpage_...
l.152 
      
pdfTeX warning (ext4): destination with the same identifier (name{figure.19}) h
as been already used, duplicate ignored
<argument> ...shipout:D \box_use:N \l_shipout_box 
                                                  \__shipout_drop_firstpage_...
l.152 
       </home/ipt/projetos/ClassificadorSismologico/arquivos/figuras/pos_proces
s/1.54008_boxplot_ev_distance_event.png> </home/ipt/projetos/ClassificadorSismo
logico/arquivos/figuras/pos_process/1.254008_boxplot_ev_distance_event.png>]

LaTeX Warning: File `tex/figuras_tex/headImage.pdf' not found on input line 168
.


! Package pdftex.def Error: File `tex/figuras_tex/headImage.pdf' not found: usi
ng draft setting.

See the pdftex.def package documentation for explanation.
Type  H <return>  for immediate help.
 ...                                              
                                                  
l.168 
      
? 
LaTeX Warning: File `tex/figuras_tex/footImage.pdf' not found on input line 168
.


! Package pdftex.def Error: File `tex/figuras_tex/footImage.pdf' not found: usi
ng draft setting.

See the pdftex.def package documentation for explanation.
Type  H <return>  for immediate help.
 ...                                              
                                                  
l.168 
      
? 
Package Fancyhdr Warning: \footskip is too small (71.13188pt): 
 Make it at least 72.26999pt.
 We now make it that large for the rest of the document.
 This may cause the page layout to be inconsistent, however.

[14
pdfTeX warning (ext4): destination with the same identifier (name{figure.20}) h
as been already used, duplicate ignored
<argument> ...shipout:D \box_use:N \l_shipout_box 
                                                  \__shipout_drop_firstpage_...
l.168 
      
pdfTeX warning (ext4): destination with the same identifier (name{figure.21}) h
as been already used, duplicate ignored
<argument> ...shipout:D \box_use:N \l_shipout_box 
                                                  \__shipout_drop_firstpage_...
l.168 
       </home/ipt/projetos/ClassificadorSismologico/arquivos/figuras/pos_proces
s/0.754008_boxplot_ev_distance_event.png> </home/ipt/projetos/ClassificadorSism
ologico/arquivos/figuras/pos_process/n_sta_recall_1.54008.png>]

LaTeX Warning: File `tex/figuras_tex/headImage.pdf' not found on input line 184
.


! Package pdftex.def Error: File `tex/figuras_tex/headImage.pdf' not found: usi
ng draft setting.

See the pdftex.def package documentation for explanation.
Type  H <return>  for immediate help.
 ...                                              
                                                  
l.184 
      
? 
LaTeX Warning: File `tex/figuras_tex/footImage.pdf' not found on input line 184
.


! Package pdftex.def Error: File `tex/figuras_tex/footImage.pdf' not found: usi
ng draft setting.

See the pdftex.def package documentation for explanation.
Type  H <return>  for immediate help.
 ...                                              
                                                  
l.184 
      
? 
Package Fancyhdr Warning: \footskip is too small (71.13188pt): 
 Make it at least 72.26999pt.
 We now make it that large for the rest of the document.
 This may cause the page layout to be inconsistent, however.

[15
pdfTeX warning (ext4): destination with the same identifier (name{figure.22}) h
as been already used, duplicate ignored
<argument> ...shipout:D \box_use:N \l_shipout_box 
                                                  \__shipout_drop_firstpage_...
l.184 
      
pdfTeX warning (ext4): destination with the same identifier (name{figure.23}) h
as been already used, duplicate ignored
<argument> ...shipout:D \box_use:N \l_shipout_box 
                                                  \__shipout_drop_firstpage_...
l.184 
       </home/ipt/projetos/ClassificadorSismologico/arquivos/figuras/pos_proces
s/n_sta_recall_0.754008.png> </home/ipt/projetos/ClassificadorSismologico/arqui
vos/figuras/pos_process/dist_snrs_recall.png>]

LaTeX Warning: File `tex/figuras_tex/headImage.pdf' not found on input line 192
.


! Package pdftex.def Error: File `tex/figuras_tex/headImage.pdf' not found: usi
ng draft setting.

See the pdftex.def package documentation for explanation.
Type  H <return>  for immediate help.
 ...                                              
                                                  
l.192 
      
? 
LaTeX Warning: File `tex/figuras_tex/footImage.pdf' not found on input line 192
.


! Package pdftex.def Error: File `tex/figuras_tex/footImage.pdf' not found: usi
ng draft setting.

See the pdftex.def package documentation for explanation.
Type  H <return>  for immediate help.
 ...                                              
                                                  
l.192 
      
? 
Package Fancyhdr Warning: \footskip is too small (71.13188pt): 
 Make it at least 72.26999pt.
 We now make it that large for the rest of the document.
 This may cause the page layout to be inconsistent, however.

[16
pdfTeX warning (ext4): destination with the same identifier (name{figure.24}) h
as been already used, duplicate ignored
<argument> ...shipout:D \box_use:N \l_shipout_box 
                                                  \__shipout_drop_firstpage_...
l.192 
       </home/ipt/projetos/ClassificadorSismologico/arquivos/figuras/pos_proces
s/04008_boxplot_std_prob_nat.png>]

LaTeX Warning: File `tex/figuras_tex/headImage.pdf' not found on input line 208
.


! Package pdftex.def Error: File `tex/figuras_tex/headImage.pdf' not found: usi
ng draft setting.

See the pdftex.def package documentation for explanation.
Type  H <return>  for immediate help.
 ...                                              
                                                  
l.208 
      
? 
LaTeX Warning: File `tex/figuras_tex/footImage.pdf' not found on input line 208
.


! Package pdftex.def Error: File `tex/figuras_tex/footImage.pdf' not found: usi
ng draft setting.

See the pdftex.def package documentation for explanation.
Type  H <return>  for immediate help.
 ...                                              
                                                  
l.208 
      
? 
Package Fancyhdr Warning: \footskip is too small (71.13188pt): 
 Make it at least 72.26999pt.
 We now make it that large for the rest of the document.
 This may cause the page layout to be inconsistent, however.

[17
pdfTeX warning (ext4): destination with the same identifier (name{figure.25}) h
as been already used, duplicate ignored
<argument> ...shipout:D \box_use:N \l_shipout_box 
                                                  \__shipout_drop_firstpage_...
l.208 
      
pdfTeX warning (ext4): destination with the same identifier (name{figure.26}) h
as been already used, duplicate ignored
<argument> ...shipout:D \box_use:N \l_shipout_box 
                                                  \__shipout_drop_firstpage_...
l.208 
       </home/ipt/projetos/ClassificadorSismologico/arquivos/figuras/pos_proces
s/04008_dist_mean_snrs_recall.png> </home/ipt/projetos/ClassificadorSismologico
/arquivos/figuras/pos_process/10.04008_boxplot_ev_distance_event.png>]

LaTeX Warning: File `tex/figuras_tex/headImage.pdf' not found on input line 224
.


! Package pdftex.def Error: File `tex/figuras_tex/headImage.pdf' not found: usi
ng draft setting.

See the pdftex.def package documentation for explanation.
Type  H <return>  for immediate help.
 ...                                              
                                                  
l.224 
      
? 
LaTeX Warning: File `tex/figuras_tex/footImage.pdf' not found on input line 224
.


! Package pdftex.def Error: File `tex/figuras_tex/footImage.pdf' not found: usi
ng draft setting.

See the pdftex.def package documentation for explanation.
Type  H <return>  for immediate help.
 ...                                              
                                                  
l.224 
      
? 
Package Fancyhdr Warning: \footskip is too small (71.13188pt): 
 Make it at least 72.26999pt.
 We now make it that large for the rest of the document.
 This may cause the page layout to be inconsistent, however.

[18
pdfTeX warning (ext4): destination with the same identifier (name{figure.27}) h
as been already used, duplicate ignored
<argument> ...shipout:D \box_use:N \l_shipout_box 
                                                  \__shipout_drop_firstpage_...
l.224 
      
pdfTeX warning (ext4): destination with the same identifier (name{figure.28}) h
as been already used, duplicate ignored
<argument> ...shipout:D \box_use:N \l_shipout_box 
                                                  \__shipout_drop_firstpage_...
l.224 
       </home/ipt/projetos/ClassificadorSismologico/arquivos/figuras/pos_proces
s/n_sta_recall_3.04008.png> </home/ipt/projetos/ClassificadorSismologico/arquiv
os/figuras/pos_process/dist_ev_cat_mag_recall.png>]

LaTeX Warning: File `tex/figuras_tex/headImage.pdf' not found on input line 240
.


! Package pdftex.def Error: File `tex/figuras_tex/headImage.pdf' not found: usi
ng draft setting.

See the pdftex.def package documentation for explanation.
Type  H <return>  for immediate help.
 ...                                              
                                                  
l.240 
      
? 
LaTeX Warning: File `tex/figuras_tex/footImage.pdf' not found on input line 240
.


! Package pdftex.def Error: File `tex/figuras_tex/footImage.pdf' not found: usi
ng draft setting.

See the pdftex.def package documentation for explanation.
Type  H <return>  for immediate help.
 ...                                              
                                                  
l.240 
      
? 
Package Fancyhdr Warning: \footskip is too small (71.13188pt): 
 Make it at least 72.26999pt.
 We now make it that large for the rest of the document.
 This may cause the page layout to be inconsistent, however.

[19
pdfTeX warning (ext4): destination with the same identifier (name{figure.29}) h
as been already used, duplicate ignored
<argument> ...shipout:D \box_use:N \l_shipout_box 
                                                  \__shipout_drop_firstpage_...
l.240 
      
pdfTeX warning (ext4): destination with the same identifier (name{figure.30}) h
as been already used, duplicate ignored
<argument> ...shipout:D \box_use:N \l_shipout_box 
                                                  \__shipout_drop_firstpage_...
l.240 
       </home/ipt/projetos/ClassificadorSismologico/arquivos/figuras/pos_proces
s/n_sta_recall_0.254008.png> </home/ipt/projetos/ClassificadorSismologico/arqui
vos/figuras/pos_process/3.04008_boxplot_ev_distance_event.png>]

LaTeX Warning: File `tex/figuras_tex/headImage.pdf' not found on input line 256
.


! Package pdftex.def Error: File `tex/figuras_tex/headImage.pdf' not found: usi
ng draft setting.

See the pdftex.def package documentation for explanation.
Type  H <return>  for immediate help.
 ...                                              
                                                  
l.256 
      
? 
LaTeX Warning: File `tex/figuras_tex/footImage.pdf' not found on input line 256
.


! Package pdftex.def Error: File `tex/figuras_tex/footImage.pdf' not found: usi
ng draft setting.

See the pdftex.def package documentation for explanation.
Type  H <return>  for immediate help.
 ...                                              
                                                  
l.256 
      
? 
Package Fancyhdr Warning: \footskip is too small (71.13188pt): 
 Make it at least 72.26999pt.
 We now make it that large for the rest of the document.
 This may cause the page layout to be inconsistent, however.

[20
pdfTeX warning (ext4): destination with the same identifier (name{figure.31}) h
as been already used, duplicate ignored
<argument> ...shipout:D \box_use:N \l_shipout_box 
                                                  \__shipout_drop_firstpage_...
l.256 
      
pdfTeX warning (ext4): destination with the same identifier (name{figure.32}) h
as been already used, duplicate ignored
<argument> ...shipout:D \box_use:N \l_shipout_box 
                                                  \__shipout_drop_firstpage_...
l.256 
       </home/ipt/projetos/ClassificadorSismologico/arquivos/figuras/pos_proces
s/9.04008_boxplot_ev_distance_event.png> </home/ipt/projetos/ClassificadorSismo
logico/arquivos/figuras/pos_process/region_corr.png>]

LaTeX Warning: File `tex/figuras_tex/headImage.pdf' not found on input line 272
.


! Package pdftex.def Error: File `tex/figuras_tex/headImage.pdf' not found: usi
ng draft setting.

See the pdftex.def package documentation for explanation.
Type  H <return>  for immediate help.
 ...                                              
                                                  
l.272 
      
? 
LaTeX Warning: File `tex/figuras_tex/footImage.pdf' not found on input line 272
.


! Package pdftex.def Error: File `tex/figuras_tex/footImage.pdf' not found: usi
ng draft setting.

See the pdftex.def package documentation for explanation.
Type  H <return>  for immediate help.
 ...                                              
                                                  
l.272 
      
? 
Package Fancyhdr Warning: \footskip is too small (71.13188pt): 
 Make it at least 72.26999pt.
 We now make it that large for the rest of the document.
 This may cause the page layout to be inconsistent, however.

[21
pdfTeX warning (ext4): destination with the same identifier (name{figure.33}) h
as been already used, duplicate ignored
<argument> ...shipout:D \box_use:N \l_shipout_box 
                                                  \__shipout_drop_firstpage_...
l.272 
      
pdfTeX warning (ext4): destination with the same identifier (name{figure.34}) h
as been already used, duplicate ignored
<argument> ...shipout:D \box_use:N \l_shipout_box 
                                                  \__shipout_drop_firstpage_...
l.272 
       </home/ipt/projetos/ClassificadorSismologico/arquivos/figuras/pos_proces
s/6.04008_boxplot_ev_distance_event.png> </home/ipt/projetos/ClassificadorSismo
logico/arquivos/figuras/pos_process/hist_ev_hour_recall_event.png>]

LaTeX Warning: File `tex/figuras_tex/headImage.pdf' not found on input line 288
.


! Package pdftex.def Error: File `tex/figuras_tex/headImage.pdf' not found: usi
ng draft setting.

See the pdftex.def package documentation for explanation.
Type  H <return>  for immediate help.
 ...                                              
                                                  
l.288 
      
? 
LaTeX Warning: File `tex/figuras_tex/footImage.pdf' not found on input line 288
.


! Package pdftex.def Error: File `tex/figuras_tex/footImage.pdf' not found: usi
ng draft setting.

See the pdftex.def package documentation for explanation.
Type  H <return>  for immediate help.
 ...                                              
                                                  
l.288 
      
? 
Package Fancyhdr Warning: \footskip is too small (71.13188pt): 
 Make it at least 72.26999pt.
 We now make it that large for the rest of the document.
 This may cause the page layout to be inconsistent, however.

[22
pdfTeX warning (ext4): destination with the same identifier (name{figure.35}) h
as been already used, duplicate ignored
<argument> ...shipout:D \box_use:N \l_shipout_box 
                                                  \__shipout_drop_firstpage_...
l.288 
      
pdfTeX warning (ext4): destination with the same identifier (name{figure.36}) h
as been already used, duplicate ignored
<argument> ...shipout:D \box_use:N \l_shipout_box 
                                                  \__shipout_drop_firstpage_...
l.288 
       </home/ipt/projetos/ClassificadorSismologico/arquivos/figuras/pos_proces
s/0.254008_boxplot_ev_distance_event.png> </home/ipt/projetos/ClassificadorSism
ologico/arquivos/figuras/pos_process/04008_boxplot_ev_distance_event.png>])
Overfull \hbox (19.12613pt too wide) in paragraph at lines 57--58
[]\T1/phv/m/n/12 Todos os cdi-gos e al-go-rit-mos de-sen-volvi-dos es-to de-v
-i-da-mente doc-u-men-ta-dos e disponveis

LaTeX Warning: File `tex/figuras_tex/headImage.pdf' not found on input line 58.



! Package pdftex.def Error: File `tex/figuras_tex/headImage.pdf' not found: usi
ng draft setting.

See the pdftex.def package documentation for explanation.
Type  H <return>  for immediate help.
 ...                                              
                                                  
l.58 
     
? 
LaTeX Warning: File `tex/figuras_tex/footImage.pdf' not found on input line 58.



! Package pdftex.def Error: File `tex/figuras_tex/footImage.pdf' not found: usi
ng draft setting.

See the pdftex.def package documentation for explanation.
Type  H <return>  for immediate help.
 ...                                              
                                                  
l.58 
     
? 
Package Fancyhdr Warning: \footskip is too small (71.13188pt): 
 Make it at least 72.26999pt.
 We now make it that large for the rest of the document.
 This may cause the page layout to be inconsistent, however.

[23
pdfTeX warning (ext4): destination with the same identifier (name{figure.37}) h
as been already used, duplicate ignored
<argument> ...shipout:D \box_use:N \l_shipout_box 
                                                  \__shipout_drop_firstpage_...
l.58 
     
pdfTeX warning (ext4): destination with the same identifier (name{figure.38}) h
as been already used, duplicate ignored
<argument> ...shipout:D \box_use:N \l_shipout_box 
                                                  \__shipout_drop_firstpage_...
l.58 
      </home/ipt/projetos/ClassificadorSismologico/arquivos/figuras/pos_process
/1.04008_boxplot_ev_distance_event.png> </home/ipt/projetos/ClassificadorSismol
ogico/arquivos/figuras/pos_process/4.04008_boxplot_ev_distance_event.png>])
(./tex/relatorio_preditivo/tex/consideracoes_finais.tex
Overfull \hbox (5.58174pt too wide) in paragraph at lines 8--9
[]\T1/phv/m/n/12 Na rea de in-flun-cia do em-preendi-mento foram reg-istra-do
s sessenta e sete (67) desmontes

LaTeX Warning: File `tex/figuras_tex/headImage.pdf' not found on input line 13.



! Package pdftex.def Error: File `tex/figuras_tex/headImage.pdf' not found: usi
ng draft setting.

See the pdftex.def package documentation for explanation.
Type  H <return>  for immediate help.
 ...                                              
                                                  
l.13 \end{itemize}
                  
? 
LaTeX Warning: File `tex/figuras_tex/footImage.pdf' not found on input line 13.



! Package pdftex.def Error: File `tex/figuras_tex/footImage.pdf' not found: usi
ng draft setting.

See the pdftex.def package documentation for explanation.
Type  H <return>  for immediate help.
 ...                                              
                                                  
l.13 \end{itemize}
                  
? 
Package Fancyhdr Warning: \footskip is too small (71.13188pt): 
 Make it at least 72.26999pt.
 We now make it that large for the rest of the document.
 This may cause the page layout to be inconsistent, however.

[24])

LaTeX Warning: File `tex/figuras_tex/headImage.pdf' not found on input line 14.



! Package pdftex.def Error: File `tex/figuras_tex/headImage.pdf' not found: usi
ng draft setting.

See the pdftex.def package documentation for explanation.
Type  H <return>  for immediate help.
 ...                                              
                                                  
l.14 \clearpage
               
? 
LaTeX Warning: File `tex/figuras_tex/footImage.pdf' not found on input line 14.



! Package pdftex.def Error: File `tex/figuras_tex/footImage.pdf' not found: usi
ng draft setting.

See the pdftex.def package documentation for explanation.
Type  H <return>  for immediate help.
 ...                                              
                                                  
l.14 \clearpage
               
? 
Package Fancyhdr Warning: \footskip is too small (71.13188pt): 
 Make it at least 72.26999pt.
 We now make it that large for the rest of the document.
 This may cause the page layout to be inconsistent, however.

[25])
No file relatorio_preditivo.bbl.

AED: lastpage setting LastPage

LaTeX Warning: File `tex/figuras_tex/headImage.pdf' not found on input line 39.



! Package pdftex.def Error: File `tex/figuras_tex/headImage.pdf' not found: usi
ng draft setting.

See the pdftex.def package documentation for explanation.
Type  H <return>  for immediate help.
 ...                                              
                                                  
l.39 \end{document}
                   
? 
LaTeX Warning: File `tex/figuras_tex/footImage.pdf' not found on input line 39.



! Package pdftex.def Error: File `tex/figuras_tex/footImage.pdf' not found: usi
ng draft setting.

See the pdftex.def package documentation for explanation.
Type  H <return>  for immediate help.
 ...                                              
                                                  
l.39 \end{document}
                   
? 
Package Fancyhdr Warning: \footskip is too small (71.13188pt): 
 Make it at least 72.26999pt.
 We now make it that large for the rest of the document.
 This may cause the page layout to be inconsistent, however.

[26]
(/home/ipt/projetos/ClassificadorSismologico/arquivos/resultados/relatorios/rel
atorio_preditivo.aux)

LaTeX Warning: Label(s) may have changed. Rerun to get cross-references right.

 ){/usr/share/texlive/texmf-dist/fonts/enc/dvips/base/8r.enc}{/usr/share/texmf/
fonts/enc/dvips/cm-super/cm-super-t1.enc}</usr/share/texmf/fonts/type1/public/c
m-super/sftt1200.pfb></usr/share/texlive/texmf-dist/fonts/type1/urw/helvetic/uh
vb8a.pfb></usr/share/texlive/texmf-dist/fonts/type1/urw/helvetic/uhvr8a.pfb></u
sr/share/texlive/texmf-dist/fonts/type1/urw/helvetic/uhvro8a.pfb>
Output written on /home/ipt/projetos/ClassificadorSismologico/arquivos/resultad
os/relatorios/relatorio_preditivo.pdf (29 pages, 2920038 bytes).
Transcript written on /home/ipt/projetos/ClassificadorSismologico/arquivos/resu
ltados/relatorios/relatorio_preditivo.log.
