
========================================================================
                       Iniciando do Pipeline                         
========================================================================

 Criando arquivos de backup...
 Arquivos de backup criados com sucesso!


 -------------- INICIANDO O TRATAMENTO -------------------- 
 Tratando catalogo-moho.csv...
Nenhum arquivo catalogo foi passado

 -> Executando fluxo_eventos.py...
Traceback (most recent call last):
  File "/home/ggrl/projetos/ClassificadorSismologico/fonte/nucleo/fluxo_eventos.py", line 391, in <module>
    EventIDs = csv2list(sys.argv[1])
               ^^^^^^^^^^^^^^^^^^^^^
  File "/home/ggrl/projetos/ClassificadorSismologico/fonte/nucleo/utils.py", line 91, in csv2list
    with open(f'arquivos/catalogo/{csv_file}', 'r') as f:
         ^^^^^^^^^^^^^^^^^^^^^^^^^^^^^^^^^^^^^^^^^^
FileNotFoundError: [Errno 2] No such file or directory: 'arquivos/catalogo/catalogo-moho.csv_treated.csv'

========================================================================
                        Fim do Pipeline                                 
========================================================================

