
========================================================================
                       Iniciando do Pipeline                         
========================================================================

 Criando arquivos de backup...
 Arquivos de backup criados com sucesso!

 ---------------- INICIANDO CORE/GERAR_PREDCSV.PY ---------------------------- 
/home/ggrl/projetos/ClassificadorSismologico/source/core/gerar_predcsv.py:20: SettingWithCopyWarning: 
A value is trying to be set on a copy of a slice from a DataFrame.
Try using .loc[row_indexer,col_indexer] = value instead

See the caveats in the documentation: https://pandas.pydata.org/pandas-docs/stable/user_guide/indexing.html#returning-a-view-versus-a-copy
  df_pred['Cat'] = df_pred['Cat'].apply(lambda x: 0 if x == 'earthquake' else 1)
Pred.csv criado com sucesso
Erros.csv criado com sucesso

 -------------- INICIANDO O DATA_ANALYSIS/PREPROCESS.PY -------------------- 

 ---------------- INICIANDO DATA_ANALYSIS/POSPROCESS.PY ---------------------------- 
Traceback (most recent call last):
  File "/home/ggrl/projetos/ClassificadorSismologico/source/data_analysis/pos_process.py", line 523, in <module>
    main()
  File "/home/ggrl/projetos/ClassificadorSismologico/source/data_analysis/pos_process.py", line 514, in main
    df_nc, df_c, evs, df_nc_val, df_c_val = load_data()
                                            ^^^^^^^^^^^
  File "/home/ggrl/projetos/ClassificadorSismologico/source/data_analysis/pos_process.py", line 487, in load_data
    df_nc['Hora'] = df_nc['Origin Time'].apply(lambda x: UTCDateTime(x).hour)
                    ^^^^^^^^^^^^^^^^^^^^^^^^^^^^^^^^^^^^^^^^^^^^^^^^^^^^^^^^^
  File "/home/ggrl/.pyenv/versions/sismologia/lib/python3.11/site-packages/pandas/core/series.py", line 4924, in apply
    ).apply()
      ^^^^^^^
  File "/home/ggrl/.pyenv/versions/sismologia/lib/python3.11/site-packages/pandas/core/apply.py", line 1427, in apply
    return self.apply_standard()
           ^^^^^^^^^^^^^^^^^^^^^
  File "/home/ggrl/.pyenv/versions/sismologia/lib/python3.11/site-packages/pandas/core/apply.py", line 1507, in apply_standard
    mapped = obj._map_values(
             ^^^^^^^^^^^^^^^^
  File "/home/ggrl/.pyenv/versions/sismologia/lib/python3.11/site-packages/pandas/core/base.py", line 921, in _map_values
    return algorithms.map_array(arr, mapper, na_action=na_action, convert=convert)
           ^^^^^^^^^^^^^^^^^^^^^^^^^^^^^^^^^^^^^^^^^^^^^^^^^^^^^^^^^^^^^^^^^^^^^^^
  File "/home/ggrl/.pyenv/versions/sismologia/lib/python3.11/site-packages/pandas/core/algorithms.py", line 1743, in map_array
    return lib.map_infer(values, mapper, convert=convert)
           ^^^^^^^^^^^^^^^^^^^^^^^^^^^^^^^^^^^^^^^^^^^^^^
  File "lib.pyx", line 2972, in pandas._libs.lib.map_infer
  File "/home/ggrl/projetos/ClassificadorSismologico/source/data_analysis/pos_process.py", line 487, in <lambda>
    df_nc['Hora'] = df_nc['Origin Time'].apply(lambda x: UTCDateTime(x).hour)
                                                         ^^^^^^^^^^^^^^
  File "/home/ggrl/.pyenv/versions/sismologia/lib/python3.11/site-packages/obspy/core/utcdatetime.py", line 451, in __init__
    dt = datetime.datetime(*args, **kwargs)
         ^^^^^^^^^^^^^^^^^^^^^^^^^^^^^^^^^^
TypeError: 'float' object cannot be interpreted as an integer

========================================================================
                        Fim do Pipeline                                 
========================================================================

