
========================================================================
                       Iniciando do Pipeline                         
========================================================================

 Criando arquivos de backup...
 Arquivos de backup criados com sucesso!

 -> Executando fluxo_eventos.py...

 - Catálogo: catalogo-moho.csv
 --> Client:
  http://seisarc.sismo.iag.usp.br
 --> Client Backup:
  http://rsbr.on.br:8081/fdsnws/dataselect/1
-----------------------------------------------------

 --------- INICIANDO FLUXO DE EVENTOS  --------- 

 ------------------------------ ACESSANDO CATÁLOGO ------------------------------ 
 - Primeiro EventID: usp2024jlby|2024-05-14T03:18:28.651114|-28.776619|-72.619133|10.0|cleusa||USP|usp2024jlby|mb|4.751213206|cleusa|Off Coast of Central Chile|earthquake

 - EventID mediano: usp2024ipbw|2024-05-02T02:16:10.762559|-13.717252|-72.451157|10.0|cleusa||USP|usp2024ipbw|mb|5.060842039|cleusa|Central Peru|earthquake

 - Último EventID: usp2024hlot|2024-04-15T22:42:04.066071|-23.905304|-67.236664|235.0|cleusa||USP|usp2024hlot|mb|4.091078297|cleusa|Chile-Argentina Border Region|earthquake

  0%|          | 0/50 [00:00<?, ?it/s] 10%|█         | 5/50 [00:00<00:01, 42.39it/s] 20%|██        | 10/50 [00:00<00:00, 40.46it/s] 32%|███▏      | 16/50 [00:00<00:00, 47.87it/s] 44%|████▍     | 22/50 [00:00<00:00, 52.14it/s] Catalogo USP não encontrado. Tentando no servidor da RSBR.
 ------------------------------ Sem dados ------------------------------ 
EventID usp2024jlby|2024-05-14T03:18:28.651114|-28.776619|-72.619133|10.0|cleusa||USP|usp2024jlby|mb|4.751213206|cleusa|Off Coast of Central Chile|earthquake
 não encontrado.
 Catalogo USP não encontrado. Tentando no servidor da RSBR.
 ------------------------------ Sem dados ------------------------------ 
EventID usp2024jjlx|2024-05-13T06:03:09.016978|-29.206554|-51.149609|0.0|bruno||USP|usp2024jjlx|mR|2.156987885|bruno|Caxias do Sul/RS|earthquake
 não encontrado.
 Catalogo USP não encontrado. Tentando no servidor da RSBR.
 ------------------------------ Sem dados ------------------------------ 
EventID usp2024jjlt|2024-05-13T05:58:46.933918|-29.283436|-51.148678|0.0|bruno||USP|usp2024jjlt|mR|2.18543899|bruno|Caxias do Sul/RS|earthquake
 não encontrado.
 Catalogo USP não encontrado. Tentando no servidor da RSBR.
 ------------------------------ Sem dados ------------------------------ 
EventID usp2024jjlb|2024-05-13T05:37:48.25129|-29.016880|-51.519806|0.0|bruno||USP|usp2024jjlb|mR|2.177019139|bruno|Veranopolis/RS|earthquake
 não encontrado.
 Catalogo USP não encontrado. Tentando no servidor da RSBR.
 ------------------------------ Sem dados ------------------------------ 
EventID usp2024jjjl|2024-05-13T04:48:43.054289|-29.066027|-51.559978|0.0|bruno||USP|usp2024jjjl|mR|2.391399892|bruno|Bento Goncalves/RS|earthquake
 não encontrado.
 Catalogo USP não encontrado. Tentando no servidor da RSBR.
 ------------------------------ Sem dados ------------------------------ 
EventID usp2024jjba|2024-05-13T00:33:51.754198|-33.384602|-68.508423|10.0|jroberto||USP|usp2024jjba|mb|4.634085726|jroberto|Mendoza Province não encontrado.
 Catalogo USP não encontrado. Tentando no servidor da RSBR.
 ------------------------------ Sem dados ------------------------------ 
EventID usp2024jivc|2024-05-12T21:33:47.458122|-28.060886|-73.125877|10.0|cleusa||USP|usp2024jivc|mb|4.382514546|cleusa|Off Coast of Central Chile|earthquake
 não encontrado.
 Catalogo USP não encontrado. Tentando no servidor da RSBR.
 ------------------------------ Sem dados ------------------------------ 
EventID usp2024jfka|2024-05-11T00:33:40.287168|-24.909639|-68.128105|151.0|cleusa||USP|usp2024jfka|mb|4.099425713|cleusa|Chile-Argentina Border Region|earthquake
 não encontrado.
 Catalogo USP não encontrado. Tentando no servidor da RSBR.
 ------------------------------ Sem dados ------------------------------ 
EventID usp2024jesa|2024-05-10T15:27:36.306497|-22.879913|-66.576599|220.0|cleusa||USP|usp2024jesa|mb|4.587532968|cleusa|Jujuy Province não encontrado.
 Catalogo USP não encontrado. Tentando no servidor da RSBR.
 ------------------------------ Sem dados ------------------------------ 
EventID usp2024jdko|2024-05-09T22:33:31.158303|-19.549763|-66.615730|261.0|cleusa||USP|usp2024jdko|mb|4.618226922|cleusa|Southern Bolivia|earthquake
 não encontrado.
 Catalogo USP não encontrado. Tentando no servidor da RSBR.
 ------------------------------ Sem dados ------------------------------ 
EventID usp2024jcsz|2024-05-09T13:40:44.944195|-17.759253|-69.555519|150.0|cleusa||USP|usp2024jcsz|mb|4.604313669|cleusa|Peru-Bolivia Border Region|earthquake
 não encontrado.
 Catalogo USP não encontrado. Tentando no servidor da RSBR.
 ------------------------------ Sem dados ------------------------------ 
EventID usp2024jcqq|2024-05-09T12:29:29.782483|-24.586594|-69.544800|98.0|cleusa||USP|usp2024jcqq|mb|4.454672906|cleusa|Northern Chile|earthquake
 não encontrado.
 Catalogo USP não encontrado. Tentando no servidor da RSBR.
 ------------------------------ Sem dados ------------------------------ 
EventID usp2024jaqf|2024-05-08T10:00:59.911801|-21.351629|-68.072243|112.0|cleusa||USP|usp2024jaqf|mb|5.13251812|cleusa|Chile-Bolivia Border Region|earthquake
 não encontrado.
 Catalogo USP não encontrado. Tentando no servidor da RSBR.
 ------------------------------ Sem dados ------------------------------ 
EventID usp2024ixjf|2024-05-06T15:03:53.792914|-17.197876|-64.771690|10.0|marcelo||USP|usp2024ixjf|mb|4.915839406|marcelo|Central Bolivia|earthquake
 não encontrado.
 Catalogo USP não encontrado. Tentando no servidor da RSBR.
 ------------------------------ Sem dados ------------------------------ 
EventID usp2024iwsh|2024-05-06T06:30:32.722176|-20.736296|-68.560883|116.0|cleusa||USP|usp2024iwsh|mb|4.9816038|cleusa|Chile-Bolivia Border Region|earthquake
 não encontrado.
 Catalogo USP não encontrado. Tentando no servidor da RSBR.
 ------------------------------ Sem dados ------------------------------ 
EventID usp2024iwjh|2024-05-06T01:58:02.104522|-31.107668|-71.907005|10.0|cleusa||USP|usp2024iwjh|mb|4.616128273|cleusa|Near Coast of Central Chile|earthquake
 não encontrado.
 Catalogo USP não encontrado. Tentando no servidor da RSBR.
 ------------------------------ Sem dados ------------------------------ 
EventID usp2024iwbk|2024-05-05T21:59:33.920941|-22.210752|-63.654045|530.0|cleusa||USP|usp2024iwbk|mb|4.423942787|cleusa|Salta Province não encontrado.
 Catalogo USP não encontrado. Tentando no servidor da RSBR.
 ------------------------------ Sem dados ------------------------------ 
EventID usp2024ivqc|2024-05-05T16:16:23.0000|2.650000|-59.560000|0.0|marcelo||USP|usp2024ivqc|MLv|2.589816082|marcelo|Guyana|earthquake
 não encontrado.
 Catalogo USP não encontrado. Tentando no servidor da RSBR.
 ------------------------------ Sem dados ------------------------------ 
EventID usp2024iutb|2024-05-05T04:38:19.959065|-13.436020|-71.392662|10.0|cleusa||USP|usp2024iutb|mb|5.038775577|cleusa|Central Peru|earthquake
 não encontrado.
 Catalogo USP não encontrado. Tentando no servidor da RSBR.
 ------------------------------ Sem dados ------------------------------ 
EventID usp2024itzh|2024-05-04T18:40:15.94182|-23.186537|-66.690903|210.0|jroberto||USP|usp2024itzh|mb|4.321188055|jroberto|Jujuy Province não encontrado.
 Catalogo USP não encontrado. Tentando no servidor da RSBR.
 ------------------------------ Sem dados ------------------------------ 
EventID usp2024itfe|2024-05-04T08:29:11.186112|-15.478882|-69.941292|204.0|cleusa||USP|usp2024itfe|mb|4.689653324|cleusa|Peru-Bolivia Border Region|earthquake
 não encontrado.
 Catalogo USP não encontrado. Tentando no servidor da RSBR.
 ------------------------------ Sem dados ------------------------------ 
EventID usp2024istt|2024-05-04T02:43:17.674025|-21.573845|-66.709885|244.0|jroberto||USP|usp2024istt|mb|4.431826422|jroberto|Southern Bolivia|earthquake
 não encontrado.
 Catalogo USP não encontrado. Tentando no servidor da RSBR.
 ------------------------------ Sem dados ------------------------------ 
EventID usp2024irzo|2024-05-03T16:30:44.17|-19.590500|-44.086667|0.0|marcelo||USP|usp2024irzo|MLv|2.54839941|marcelo|Matozinhos/MG|earthquake
 não encontrado.
 Catalogo USP não encontrado. Tentando no servidor da RSBR.
 ------------------------------ Sem dados ------------------------------ 
EventID usp2024irep|2024-05-03T05:55:00.652588|-17.652666|-69.276787|142.0|cleusa||USP|usp2024irep|mb|4.527882|cleusa|Peru-Bolivia Border Region|earthquake
 não encontrado.
 Catalogo USP não encontrado. Tentando no servidor da RSBR.
 ------------------------------ Sem dados ------------------------------ 
EventID usp2024irax|2024-05-03T04:03:42.679999|-5.806333|-50.481833|0.0|marcelo||USP|usp2024irax|mR|3.297973154|marcelo|Parauapebas/PA|earthquake
 não encontrado.
 Catalogo USP não encontrado. Tentando no servidor da RSBR.
 ------------------------------ Sem dados ------------------------------ 
EventID usp2024ipbw|2024-05-02T02:16:10.762559|-13.717252|-72.451157|10.0|cleusa||USP|usp2024ipbw|mb|5.060842039|cleusa|Central Peru|earthquake
 não encontrado.
 Catalogo USP não encontrado. Tentando no servidor da RSBR.
 ------------------------------ Sem dados ------------------------------ 
EventID usp2024inou|2024-05-01T06:31:59.533132|-19.526876|-43.925129|0.0|jroberto||USP|usp2024inou|mR|1.638432103|jroberto|Lagoa Santa/MG|earthquake
 não encontrado.
 56%|█████▌    | 28/50 [00:00<00:00, 51.75it/s] 68%|██████▊   | 34/50 [00:00<00:00, 48.43it/s] 78%|███████▊  | 39/50 [00:00<00:00, 46.41it/s] 88%|████████▊ | 44/50 [00:00<00:00, 45.50it/s] 98%|█████████▊| 49/50 [00:01<00:00, 45.02it/s]100%|██████████| 50/50 [00:01<00:00, 45.82it/s]
 Catalogo USP não encontrado. Tentando no servidor da RSBR.
 ------------------------------ Sem dados ------------------------------ 
EventID usp2024inlz|2024-05-01T05:06:52.541044|-22.955420|-66.314682|246.0|cleusa||USP|usp2024inlz|mb|4.493331197|cleusa|Jujuy Province não encontrado.
 Catalogo USP não encontrado. Tentando no servidor da RSBR.
 ------------------------------ Sem dados ------------------------------ 
EventID usp2024inlh|2024-05-01T04:45:09.432007|-2.773188|-40.915478|0.0|jroberto||USP|usp2024inlh|mR|2.010433801|jroberto|Camocim/CE|earthquake
 não encontrado.
 Catalogo USP não encontrado. Tentando no servidor da RSBR.
 ------------------------------ Sem dados ------------------------------ 
EventID usp2024inhw|2024-05-01T03:01:09.94618|-2.791447|-40.904621|0.0|jroberto||USP|usp2024inhw|mR|2.431251489|jroberto|Camocim/CE|earthquake
 não encontrado.
 Catalogo USP não encontrado. Tentando no servidor da RSBR.
 ------------------------------ Sem dados ------------------------------ 
EventID usp2024iner|2024-05-01T01:24:49.98532|-21.453060|-68.771194|102.0|cleusa||USP|usp2024iner|mb|4.994155166|cleusa|Chile-Bolivia Border Region|earthquake
 não encontrado.
 Catalogo USP não encontrado. Tentando no servidor da RSBR.
 ------------------------------ Sem dados ------------------------------ 
EventID usp2024imam|2024-04-30T10:09:23.900989|-13.557180|-71.363014|93.0|cleusa||USP|usp2024imam|mb|4.845293258|cleusa|Central Peru|earthquake
 não encontrado.
 Catalogo USP não encontrado. Tentando no servidor da RSBR.
 ------------------------------ Sem dados ------------------------------ 
EventID usp2024ilkq|2024-04-30T02:09:44.715676|-25.019737|-65.812622|10.0|cleusa||USP|usp2024ilkq|mb|4.747744458|cleusa|Salta Province não encontrado.
 Catalogo USP não encontrado. Tentando no servidor da RSBR.
 ------------------------------ Sem dados ------------------------------ 
EventID usp2024ijjt|2024-04-28T23:26:42.601394|-20.887896|-68.608528|122.0|cleusa||USP|usp2024ijjt|mb|4.096911608|cleusa|Chile-Bolivia Border Region|earthquake
 não encontrado.
 Catalogo USP não encontrado. Tentando no servidor da RSBR.
 ------------------------------ Sem dados ------------------------------ 
EventID usp2024ijdq|2024-04-28T20:20:18.264807|-21.887161|-68.303680|111.0|cleusa||USP|usp2024ijdq|mb|4.82172088|cleusa|Chile-Bolivia Border Region|earthquake
 não encontrado.
 Catalogo USP não encontrado. Tentando no servidor da RSBR.
 ------------------------------ Sem dados ------------------------------ 
EventID usp2024ijca|2024-04-28T19:31:31.709289|-20.550735|-68.463325|120.0|cleusa||USP|usp2024ijca|mb|5.002548497|cleusa|Chile-Bolivia Border Region|earthquake
 não encontrado.
 Catalogo USP não encontrado. Tentando no servidor da RSBR.
 ------------------------------ Sem dados ------------------------------ 
EventID usp2024iidp|2024-04-28T07:11:13.002614|-24.471992|-67.202728|170.0|cleusa||USP|usp2024iidp|mb|4.029905435|cleusa|Chile-Argentina Border Region|earthquake
 não encontrado.
 Catalogo USP não encontrado. Tentando no servidor da RSBR.
 ------------------------------ Sem dados ------------------------------ 
EventID usp2024igxf|2024-04-27T14:49:44.442773|-22.309225|-68.134529|148.0|cleusa||USP|usp2024igxf|mb|4.462725292|cleusa|Northern Chile|earthquake
 não encontrado.
 Catalogo USP não encontrado. Tentando no servidor da RSBR.
 ------------------------------ Sem dados ------------------------------ 
EventID usp2024iein|2024-04-26T05:07:36.155099|-14.909669|-71.645950|132.0|cleusa||USP|usp2024iein|mb|4.426569571|cleusa|Central Peru|earthquake
 não encontrado.
 Catalogo USP não encontrado. Tentando no servidor da RSBR.
 ------------------------------ Sem dados ------------------------------ 
EventID usp2024idye|2024-04-25T23:54:11.405328|-31.025526|-63.644997|10.0|jroberto||USP|usp2024idye|mb|4.516325589|jroberto|Cordoba Province não encontrado.
 Catalogo USP não encontrado. Tentando no servidor da RSBR.
 ------------------------------ Sem dados ------------------------------ 
EventID usp2024icsd|2024-04-25T07:43:08.947402|-11.921330|-71.921234|10.0|jroberto||USP|usp2024icsd|mb|4.215590862|jroberto|Central Peru|earthquake
 não encontrado.
 Catalogo USP não encontrado. Tentando no servidor da RSBR.
 ------------------------------ Sem dados ------------------------------ 
EventID usp2024ibag|2024-04-24T09:33:09.508162|-33.791752|-70.176819|110.0|cleusa||USP|usp2024ibag|mb|4.685005645|cleusa|Chile-Argentina Border Region|earthquake
 não encontrado.
 Catalogo USP não encontrado. Tentando no servidor da RSBR.
 ------------------------------ Sem dados ------------------------------ 
EventID usp2024iavj|2024-04-24T07:04:42.82|-12.858167|-52.110167|0.0|marcelo||USP|usp2024iavj|mR|3.164180377|marcelo|Ribeirao Cascalheira/MT|earthquake
 não encontrado.
 Catalogo USP não encontrado. Tentando no servidor da RSBR.
 ------------------------------ Sem dados ------------------------------ 
EventID usp2024hxyq|2024-04-22T17:19:45.74|-19.653667|-43.806667|0.0|marcelo||USP|usp2024hxyq|mR|2.780063978|marcelo|Lagoa Santa/MG|earthquake
 não encontrado.
 Catalogo USP não encontrado. Tentando no servidor da RSBR.
 ------------------------------ Sem dados ------------------------------ 
EventID usp2024hwwi|2024-04-22T03:01:04.991599|-20.434387|-68.192200|123.2509232|jroberto||USP|usp2024hwwi|mb|4.427762605|jroberto|Chile-Bolivia Border Region|earthquake
 não encontrado.
 Catalogo USP não encontrado. Tentando no servidor da RSBR.
 ------------------------------ Sem dados ------------------------------ 
EventID usp2024hwmy|2024-04-21T22:16:00.95149|-15.175261|-72.682739|98.0|cleusa||USP|usp2024hwmy|mb|4.390578313|cleusa|Southern Peru|earthquake
 não encontrado.
 Catalogo USP não encontrado. Tentando no servidor da RSBR.
 ------------------------------ Sem dados ------------------------------ 
EventID usp2024hugu|2024-04-20T16:54:12.491303|-21.396349|-67.852379|124.0|cleusa||USP|usp2024hugu|mb|4.200881539|cleusa|Chile-Bolivia Border Region|earthquake
 não encontrado.
 Catalogo USP não encontrado. Tentando no servidor da RSBR.
 ------------------------------ Sem dados ------------------------------ 
EventID usp2024hqxo|2024-04-18T20:48:56.53226|-21.334396|-70.360939|39.0|cleusa||USP|usp2024hqxo|mb|4.46736435|cleusa|Near Coast of Northern Chile|earthquake
 não encontrado.
 Catalogo USP não encontrado. Tentando no servidor da RSBR.
 ------------------------------ Sem dados ------------------------------ 
EventID usp2024howu|2024-04-17T18:10:58.385218|2.540629|-34.263618|10.0|cleusa||USP|usp2024howu|mb|4.435302247|cleusa|North Atlantic Ocean|earthquake
 não encontrado.
 Catalogo USP não encontrado. Tentando no servidor da RSBR.
 ------------------------------ Sem dados ------------------------------ 
EventID usp2024hlot|2024-04-15T22:42:04.066071|-23.905304|-67.236664|235.0|cleusa||USP|usp2024hlot|mb|4.091078297|cleusa|Chile-Argentina Border Region|earthquake
 não encontrado.
 --> Iterando sobre eventos
 - Número de eventos: 0
 - Client: http://seisarc.sismo.iag.usp.br
 - Client Backup: http://rsbr.on.br:8081/fdsnws/dataselect/1
 --> Adrquirindo Inventário de Estações
0it [00:00, ?it/s]0it [00:00, ?it/s]
Dados salvos com sucesso em arquivos/eventos/eventos.csv
Erros salvos com sucesso em arquivos/eventos/erros.csv

========================================================================
                        Fim do Pipeline                                 
========================================================================

~/projetos/ClassificadorSismologico
