mktextfm phvr8t
mktextfm phvb8t
mktextfm phvb8t
mktextfm phvr8t
mktextfm phvb8t
mktextfm phvr8t
mktextfm phvr8c
mktextfm matha12
mktextfm matha10
mktextfm matha8
mktextfm mathb12
mktextfm mathb10
mktextfm mathb8
mktextfm mathx10
mktextfm mathx10
mktextfm mathx10
mktextfm phvr8t
mktextfm phvro8t
mktextfm nullfont
mktextfm phvro8t
mktextfm nullfont
mktextfm phvro8t
mktextfm nullfont
mktextfm phvr8c
mktextfm phvr8t
mktextfm phvr8t
mktextfm phvb8t
mktexpk --mfmode / --bdpi 600 --mag 1+0/600 --dpi 600 ectt1200
