This is pdfTeX, Version 3.141592653-2.6-1.40.26 (TeX Live 2024/Arch Linux) (preloaded format=pdflatex 2024.5.19)  26 MAY 2024 23:44
entering extended mode
 restricted \write18 enabled.
 %&-line parsing enabled.
**relatorio_preditivo.tex
(./relatorio_preditivo.tex
LaTeX2e <2023-11-01> patch level 1
L3 programming layer <2024-02-20>
(./sismo_iptex.cls
Document Class: sismo_iptex 2024/04/23 Classe Sismologia IPT

! LaTeX Error: File `article.cls' not found.

Type X to quit or <RETURN> to proceed,
or enter new name. (Default extension: cls)

Enter file name: 
! Emergency stop.
<read *> 
         
l.23 ^^M
        
End of file on the terminal!

 
Here is how much of TeX's memory you used:
 41 strings out of 476076
 1029 string characters out of 5793775
 1925187 words of memory out of 5000000
 22243 multiletter control sequences out of 15000+600000
 558069 words of font info for 36 fonts, out of 8000000 for 9000
 14 hyphenation exceptions out of 8191
 33i,0n,43p,155b,17s stack positions out of 10000i,1000n,20000p,200000b,200000s
!  ==> Fatal error occurred, no output PDF file produced!
