Catalogo: catalogo_jul_filtrado.csv
/tmp/classificador-matrix-i7oyHM ~/projetos/ClassificadorSismologico

========================================================================
                       Iniciando do Pipeline                         
========================================================================

Argumentos recebidos:
  Catalogo: catalogo_jul_filtrado.csv
  EVENTS: True
  TREATCATALOG: False
  PREDICT: False
  POSPROCESS: False
  MAPS: False
  REPORT: False
  TEST: True

 Criando arquivos de backup...
 Arquivos de backup criados com sucesso!

 -> Executando fluxo_eventos.py...
catalogo_jul_filtrado.csv
./fonte/nucleo/fluxo_eventos.py...
 - Número de argumentos: 3
 - Argumentos (Roteiro Python | Catálogo de Eventos | Modo de Teste):
 fonte/nucleo/fluxo_eventos.py
 catalogo_jul_filtrado.csv
 True
True
 --> Modo de teste ativado
 - Número de EventIDs: 10

Erro ao conectar com o servidor Seisarc.sismo.iag.usp.br (principal): No FDSN services could be discovered at 'http://10.110.1.132:18003'. This could be due to a temporary service outage or an invalid FDSN service address.

Erro ao conectar com o servidor rsbr.on.br (backup 1): No FDSN services could be discovered at 'http://rsbr.on.br:8081'. This could be due to a temporary service outage or an invalid FDSN service address.

Erro ao conectar com o servidor seisrequest.iag.usp.br (backup 2): No FDSN services could be discovered at 'http://seisrequest.iag.usp.br'. This could be due to a temporary service outage or an invalid FDSN service address.

Erro: nenhum cliente FDSN disponivel (principal e backups).
