
########################################################################
 ---------------- Iniciando do Pipeline --------------------------------

 -> Executando ProcessarDadosSismologicos.py...
        Network Station  ...            StartTime              EndTime
key                      ...                                          
BL.AGVB      BL    AGVB  ...  1992-11-12T00:00:00  1995-02-12T23:59:59
BL.AGVB      BL    AGVB  ...  1992-11-12T00:00:00  1995-02-12T23:59:59
BL.AGVB      BL    AGVB  ...  1992-11-12T00:00:00  1995-02-12T23:59:59
BL.AMBA      BL    AMBA  ...  2023-09-23T00:00:00                  NaN
BL.AMBA      BL    AMBA  ...  2023-09-23T00:00:00                  NaN

[5 rows x 17 columns]

 - Argumento 1: /home/ggrl/projetos/ClassificadorSismologico/files/catalogo/catalogo-moho.csv
Traceback (most recent call last):
  File "/home/ggrl/projetos/ClassificadorSismologico/source/Core/ProcessarDadosSismologicos.py", line 81, in <module>
    data_Client = fdsn.Client('http://seisarc.sismo.iag.usp.br/')
                  ^^^^^^^^^^^^^^^^^^^^^^^^^^^^^^^^^^^^^^^^^^^^^^^
  File "/home/ggrl/.pyenv/versions/sismologia/lib/python3.11/site-packages/obspy/clients/fdsn/client.py", line 277, in __init__
    self._discover_services()
  File "/home/ggrl/.pyenv/versions/sismologia/lib/python3.11/site-packages/obspy/clients/fdsn/client.py", line 1638, in _discover_services
    raise FDSNNoServiceException(msg)
obspy.clients.fdsn.header.FDSNNoServiceException: No FDSN services could be discovered at 'http://seisarc.sismo.iag.usp.br'. This could be due to a temporary service outage or an invalid FDSN service address.
 ---------------- Iniciando o cria_pred.py ---------------------------- 
        Network Station  ...            StartTime              EndTime
key                      ...                                          
BL.AGVB      BL    AGVB  ...  1992-11-12T00:00:00  1995-02-12T23:59:59
BL.AGVB      BL    AGVB  ...  1992-11-12T00:00:00  1995-02-12T23:59:59
BL.AGVB      BL    AGVB  ...  1992-11-12T00:00:00  1995-02-12T23:59:59
BL.AMBA      BL    AMBA  ...  2023-09-23T00:00:00                  NaN
BL.AMBA      BL    AMBA  ...  2023-09-23T00:00:00                  NaN

[5 rows x 17 columns]
Traceback (most recent call last):
  File "/home/ggrl/projetos/ClassificadorSismologico/source/Core/Gerar_predcsv.py", line 10, in <module>
    df_events = pd.read_csv(caminho_csv, sep=';')  # Lendo com o separador correto
                ^^^^^^^^^^^^^^^^^^^^^^^^^^^^^^^^^
  File "/home/ggrl/.pyenv/versions/sismologia/lib/python3.11/site-packages/pandas/io/parsers/readers.py", line 1026, in read_csv
    return _read(filepath_or_buffer, kwds)
           ^^^^^^^^^^^^^^^^^^^^^^^^^^^^^^^
  File "/home/ggrl/.pyenv/versions/sismologia/lib/python3.11/site-packages/pandas/io/parsers/readers.py", line 620, in _read
    parser = TextFileReader(filepath_or_buffer, **kwds)
             ^^^^^^^^^^^^^^^^^^^^^^^^^^^^^^^^^^^^^^^^^^
  File "/home/ggrl/.pyenv/versions/sismologia/lib/python3.11/site-packages/pandas/io/parsers/readers.py", line 1620, in __init__
    self._engine = self._make_engine(f, self.engine)
                   ^^^^^^^^^^^^^^^^^^^^^^^^^^^^^^^^^
  File "/home/ggrl/.pyenv/versions/sismologia/lib/python3.11/site-packages/pandas/io/parsers/readers.py", line 1880, in _make_engine
    self.handles = get_handle(
                   ^^^^^^^^^^^
  File "/home/ggrl/.pyenv/versions/sismologia/lib/python3.11/site-packages/pandas/io/common.py", line 873, in get_handle
    handle = open(
             ^^^^^
FileNotFoundError: [Errno 2] No such file or directory: './files/events-all.csv'

 Criando arquivos de backup...
