mktextfm phvr7t
mktextfm phvr7t
mktextfm phvr7t
mktextfm phvr7t
mktextfm phvr7t
mktextfm phvb7t
mktextfm phvro7t
mktextfm phvr7t
mktextfm phvr7t
mktextfm phvr7t
mktextfm phvb7t
mktextfm phvro7t
mktextfm nullfont
mktextfm phvro8c
mktextfm nullfont
mktextfm phvro7t
mktextfm nullfont
mktextfm phvro8c
mktextfm nullfont
mktextfm phvr7t
mktextfm phvr7t
mktextfm phvr7t
mktextfm phvb7t
mktextfm phvro7t
mktextfm nullfont
mktextfm phvro8c
mktextfm nullfont
mktextfm phvro7t
mktextfm nullfont
mktextfm phvro8c
mktextfm nullfont
mktextfm phvr7t
mktextfm phvr7t
mktextfm phvr7t
mktextfm phvb7t
mktextfm phvro7t
mktextfm nullfont
mktextfm phvro8c
mktextfm nullfont
mktextfm phvro7t
mktextfm nullfont
mktextfm phvro8c
mktextfm nullfont
mktextfm phvr7t
mktextfm phvr7t
mktextfm phvr7t
mktextfm phvb7t
mktextfm phvro7t
mktextfm nullfont
mktextfm phvro8c
mktextfm nullfont
mktextfm phvr7t
mktextfm phvro7t
mktextfm nullfont
mktextfm phvro8c
mktextfm nullfont
mktextfm phvr7t
mktextfm phvr7t
mktextfm phvr7t
mktextfm phvro7t
mktextfm nullfont
mktextfm phvro8c
mktextfm nullfont
mktextfm phvr7t
mktextfm phvr7t
mktextfm phvr7t
mktextfm phvb7t
mktextfm phvro7t
mktextfm nullfont
mktextfm phvro8c
mktextfm nullfont
mktextfm phvr7t
mktextfm phvro7t
mktextfm nullfont
mktextfm phvr7t
mktextfm phvr7t
mktextfm phvr7t
mktextfm phvb7t
mktextfm phvro7t
mktextfm nullfont
mktextfm phvro8c
mktextfm nullfont
mktextfm phvr7t
mktextfm phvro7t
mktextfm nullfont
mktextfm phvro8c
mktextfm nullfont
mktextfm phvr7t
mktextfm phvr7t
mktextfm phvb7t
mktextfm phvro7t
mktextfm nullfont
mktextfm phvro8c
mktextfm nullfont
mktextfm phvro7t
mktextfm nullfont
mktextfm phvro8c
mktextfm nullfont
mktextfm phvr7t
mktextfm phvr7t
mktextfm phvro7t
mktextfm nullfont
mktextfm Arial
mktextfm Arial
mktextfm Arial
mktextfm Arial/BI
mktextfm Arial
mktextfm Arial/B
mktextfm Arial
mktextfm Arial/I
mktextfm Arial
mktextfm Arial
mktextfm Arial
mktextfm Arial
mktextfm Arial
mktextfm Arial
mktextfm Arial
mktextfm Arial
mktextfm Arial
mktextfm Arial/BI
mktextfm Arial
mktextfm Arial/B
mktextfm Arial
mktextfm Arial/I
mktextfm Arial
mktextfm Arial
mktextfm Arial
mktextfm Arial
mktextfm Arial
mktextfm Arial
mktextfm Arial
mktextfm Arial
mktextfm Arial
mktextfm Arial/BI
mktextfm Arial
mktextfm Arial/B
mktextfm Arial
mktextfm Arial/I
mktextfm Arial
mktextfm Arial
