
========================================================================
                       Iniciando do Pipeline                         
========================================================================

 ---------------- INICIANDO DATA_ANALYSIS/POSPROCESS.PY ---------------------------- 

 -------------- Processo de criação de mapas iniciado ------------------
events.csv est\u00e1 vazio
false
/home/ggrl/.pyenv/versions/sismologia/bin/python3: can't open file '/home/ggrl/lucas_bin/make_maps_.py': [Errno 2] No such file or directory
mv: não foi possível obter estado de 'false': Arquivo ou diretório inexistente
mv: não foi possível obter estado de '*png': Arquivo ou diretório inexistente

 Criando arquivos de backup...
 Arquivos de backup criados com sucesso!

 ----------------- Iniciando o pdflatex .tex ---------------------------- 
This is pdfTeX, Version 3.141592653-2.6-1.40.26 (TeX Live 2024/Arch Linux) (preloaded format=pdflatex)
 restricted \write18 enabled.
entering extended mode
! I can't find file `report.tex'.
<*> report.tex
              
(Press Enter to retry, or Control-D to exit)
Please type another input file name: 