
========================================================================
                       Iniciando do Pipeline                         
========================================================================

Argumentos recebidos:
  Catalogo: catalogo_jul.csv
  EVENTS: False
  TREATCATALOG: True
  PREDICT: True
  POSPROCESS: True
  MAPS: True
  REPORT: True
  TEST: True


 -------------- INICIANDO O TRATAMENTO -------------------- 
 Tratando catalogo_jul.csv...
 t0: sáb 24 ago 2024 16:04:18 -03
Traceback (most recent call last):
  File "/home/ggrl/projetos/ClassificadorSismologico/fonte/analise_dados/pre_processa.py", line 17, in <module>
    import pandas as pd
  File "/home/ggrl/.pyenv/versions/geologia/lib/python3.12/site-packages/pandas/__init__.py", line 19, in <module>
    raise ImportError(
ImportError: Unable to import required dependencies:
numpy: Error importing numpy: you should not try to import numpy from
        its source directory; please exit the numpy source tree, and relaunch
        your python interpreter from there.
